[2021-05-26 10:14:08,371] {taskinstance.py:877} INFO - Dependencies all met for <TaskInstance: Kuwait_DAG.ScaledDataForKuwait 2021-05-25T10:11:03.490225+00:00 [queued]>
[2021-05-26 10:14:08,414] {taskinstance.py:877} INFO - Dependencies all met for <TaskInstance: Kuwait_DAG.ScaledDataForKuwait 2021-05-25T10:11:03.490225+00:00 [queued]>
[2021-05-26 10:14:08,416] {taskinstance.py:1068} INFO - 
--------------------------------------------------------------------------------
[2021-05-26 10:14:08,418] {taskinstance.py:1069} INFO - Starting attempt 1 of 2
[2021-05-26 10:14:08,419] {taskinstance.py:1070} INFO - 
--------------------------------------------------------------------------------
[2021-05-26 10:14:08,453] {taskinstance.py:1089} INFO - Executing <Task(PythonOperator): ScaledDataForKuwait> on 2021-05-25T10:11:03.490225+00:00
[2021-05-26 10:14:08,463] {standard_task_runner.py:52} INFO - Started process 84 to run task
[2021-05-26 10:14:08,477] {standard_task_runner.py:76} INFO - Running: ['airflow', 'tasks', 'run', 'Kuwait_DAG', 'ScaledDataForKuwait', '2021-05-25T10:11:03.490225+00:00', '--job-id', '17', '--pool', 'default_pool', '--raw', '--subdir', 'DAGS_FOLDER/covid_dag.py', '--cfg-path', '/tmp/tmpfsi4s1jf', '--error-file', '/tmp/tmpb1gimuaz']
[2021-05-26 10:14:08,480] {standard_task_runner.py:77} INFO - Job 17: Subtask ScaledDataForKuwait
[2021-05-26 10:14:08,686] {logging_mixin.py:104} INFO - Running <TaskInstance: Kuwait_DAG.ScaledDataForKuwait 2021-05-25T10:11:03.490225+00:00 [running]> on host 431e058b07b3
[2021-05-26 10:14:08,784] {taskinstance.py:1283} INFO - Exporting the following env vars:
AIRFLOW_CTX_DAG_OWNER=admin
AIRFLOW_CTX_DAG_ID=Kuwait_DAG
AIRFLOW_CTX_TASK_ID=ScaledDataForKuwait
AIRFLOW_CTX_EXECUTION_DATE=2021-05-25T10:11:03.490225+00:00
AIRFLOW_CTX_DAG_RUN_ID=scheduled__2021-05-25T10:11:03.490225+00:00
[2021-05-26 10:14:11,263] {python.py:118} INFO - Done. Returned value was: None
[2021-05-26 10:14:11,284] {taskinstance.py:1192} INFO - Marking task as SUCCESS. dag_id=Kuwait_DAG, task_id=ScaledDataForKuwait, execution_date=20210525T101103, start_date=20210526T101408, end_date=20210526T101411
[2021-05-26 10:14:11,334] {taskinstance.py:1246} INFO - 1 downstream tasks scheduled from follow-on schedule check
[2021-05-26 10:14:11,354] {local_task_job.py:146} INFO - Task exited with return code 0
