[2021-05-26 10:09:56,683] {scheduler_job.py:182} INFO - Started process (PID=38) to work on /home/airflow/.local/lib/python3.6/site-packages/airflow/example_dags/example_trigger_controller_dag.py
[2021-05-26 10:09:56,689] {scheduler_job.py:629} INFO - Processing file /home/airflow/.local/lib/python3.6/site-packages/airflow/example_dags/example_trigger_controller_dag.py for tasks to queue
[2021-05-26 10:09:56,692] {logging_mixin.py:104} INFO - [2021-05-26 10:09:56,692] {dagbag.py:451} INFO - Filling up the DagBag from /home/airflow/.local/lib/python3.6/site-packages/airflow/example_dags/example_trigger_controller_dag.py
[2021-05-26 10:09:56,748] {scheduler_job.py:639} INFO - DAG(s) dict_keys(['example_trigger_controller_dag']) retrieved from /home/airflow/.local/lib/python3.6/site-packages/airflow/example_dags/example_trigger_controller_dag.py
[2021-05-26 10:09:56,854] {logging_mixin.py:104} INFO - [2021-05-26 10:09:56,854] {dag.py:1824} INFO - Sync 1 DAGs
[2021-05-26 10:09:57,008] {logging_mixin.py:104} INFO - [2021-05-26 10:09:57,008] {dag.py:2280} INFO - Setting next_dagrun for example_trigger_controller_dag to 2021-05-24 00:00:00+00:00
[2021-05-26 10:09:57,044] {scheduler_job.py:190} INFO - Processing /home/airflow/.local/lib/python3.6/site-packages/airflow/example_dags/example_trigger_controller_dag.py took 0.368 seconds
[2021-05-26 10:10:27,164] {scheduler_job.py:182} INFO - Started process (PID=65) to work on /home/airflow/.local/lib/python3.6/site-packages/airflow/example_dags/example_trigger_controller_dag.py
[2021-05-26 10:10:27,167] {scheduler_job.py:629} INFO - Processing file /home/airflow/.local/lib/python3.6/site-packages/airflow/example_dags/example_trigger_controller_dag.py for tasks to queue
[2021-05-26 10:10:27,170] {logging_mixin.py:104} INFO - [2021-05-26 10:10:27,169] {dagbag.py:451} INFO - Filling up the DagBag from /home/airflow/.local/lib/python3.6/site-packages/airflow/example_dags/example_trigger_controller_dag.py
[2021-05-26 10:10:27,198] {scheduler_job.py:639} INFO - DAG(s) dict_keys(['example_trigger_controller_dag']) retrieved from /home/airflow/.local/lib/python3.6/site-packages/airflow/example_dags/example_trigger_controller_dag.py
[2021-05-26 10:10:27,252] {logging_mixin.py:104} INFO - [2021-05-26 10:10:27,251] {dag.py:1824} INFO - Sync 1 DAGs
[2021-05-26 10:10:27,298] {logging_mixin.py:104} INFO - [2021-05-26 10:10:27,298] {dag.py:2280} INFO - Setting next_dagrun for example_trigger_controller_dag to 2021-05-24 00:00:00+00:00
[2021-05-26 10:10:27,321] {scheduler_job.py:190} INFO - Processing /home/airflow/.local/lib/python3.6/site-packages/airflow/example_dags/example_trigger_controller_dag.py took 0.166 seconds
[2021-05-26 10:10:57,789] {scheduler_job.py:182} INFO - Started process (PID=91) to work on /home/airflow/.local/lib/python3.6/site-packages/airflow/example_dags/example_trigger_controller_dag.py
[2021-05-26 10:10:57,793] {scheduler_job.py:629} INFO - Processing file /home/airflow/.local/lib/python3.6/site-packages/airflow/example_dags/example_trigger_controller_dag.py for tasks to queue
[2021-05-26 10:10:57,795] {logging_mixin.py:104} INFO - [2021-05-26 10:10:57,795] {dagbag.py:451} INFO - Filling up the DagBag from /home/airflow/.local/lib/python3.6/site-packages/airflow/example_dags/example_trigger_controller_dag.py
[2021-05-26 10:10:57,816] {scheduler_job.py:639} INFO - DAG(s) dict_keys(['example_trigger_controller_dag']) retrieved from /home/airflow/.local/lib/python3.6/site-packages/airflow/example_dags/example_trigger_controller_dag.py
[2021-05-26 10:10:57,858] {logging_mixin.py:104} INFO - [2021-05-26 10:10:57,857] {dag.py:1824} INFO - Sync 1 DAGs
[2021-05-26 10:10:57,903] {logging_mixin.py:104} INFO - [2021-05-26 10:10:57,902] {dag.py:2280} INFO - Setting next_dagrun for example_trigger_controller_dag to 2021-05-24 00:00:00+00:00
[2021-05-26 10:10:57,932] {scheduler_job.py:190} INFO - Processing /home/airflow/.local/lib/python3.6/site-packages/airflow/example_dags/example_trigger_controller_dag.py took 0.149 seconds
[2021-05-26 10:11:33,396] {scheduler_job.py:182} INFO - Started process (PID=121) to work on /home/airflow/.local/lib/python3.6/site-packages/airflow/example_dags/example_trigger_controller_dag.py
[2021-05-26 10:11:33,412] {scheduler_job.py:629} INFO - Processing file /home/airflow/.local/lib/python3.6/site-packages/airflow/example_dags/example_trigger_controller_dag.py for tasks to queue
[2021-05-26 10:11:33,415] {logging_mixin.py:104} INFO - [2021-05-26 10:11:33,415] {dagbag.py:451} INFO - Filling up the DagBag from /home/airflow/.local/lib/python3.6/site-packages/airflow/example_dags/example_trigger_controller_dag.py
[2021-05-26 10:11:33,507] {scheduler_job.py:639} INFO - DAG(s) dict_keys(['example_trigger_controller_dag']) retrieved from /home/airflow/.local/lib/python3.6/site-packages/airflow/example_dags/example_trigger_controller_dag.py
[2021-05-26 10:11:33,714] {logging_mixin.py:104} INFO - [2021-05-26 10:11:33,714] {dag.py:1824} INFO - Sync 1 DAGs
[2021-05-26 10:11:33,905] {logging_mixin.py:104} INFO - [2021-05-26 10:11:33,905] {dag.py:2280} INFO - Setting next_dagrun for example_trigger_controller_dag to 2021-05-24 00:00:00+00:00
[2021-05-26 10:11:33,963] {scheduler_job.py:190} INFO - Processing /home/airflow/.local/lib/python3.6/site-packages/airflow/example_dags/example_trigger_controller_dag.py took 0.615 seconds
[2021-05-26 10:12:05,743] {scheduler_job.py:182} INFO - Started process (PID=152) to work on /home/airflow/.local/lib/python3.6/site-packages/airflow/example_dags/example_trigger_controller_dag.py
[2021-05-26 10:12:05,746] {scheduler_job.py:629} INFO - Processing file /home/airflow/.local/lib/python3.6/site-packages/airflow/example_dags/example_trigger_controller_dag.py for tasks to queue
[2021-05-26 10:12:05,748] {logging_mixin.py:104} INFO - [2021-05-26 10:12:05,748] {dagbag.py:451} INFO - Filling up the DagBag from /home/airflow/.local/lib/python3.6/site-packages/airflow/example_dags/example_trigger_controller_dag.py
[2021-05-26 10:12:05,779] {scheduler_job.py:639} INFO - DAG(s) dict_keys(['example_trigger_controller_dag']) retrieved from /home/airflow/.local/lib/python3.6/site-packages/airflow/example_dags/example_trigger_controller_dag.py
[2021-05-26 10:12:05,826] {logging_mixin.py:104} INFO - [2021-05-26 10:12:05,826] {dag.py:1824} INFO - Sync 1 DAGs
[2021-05-26 10:12:05,887] {logging_mixin.py:104} INFO - [2021-05-26 10:12:05,886] {dag.py:2280} INFO - Setting next_dagrun for example_trigger_controller_dag to 2021-05-24 00:00:00+00:00
[2021-05-26 10:12:05,914] {scheduler_job.py:190} INFO - Processing /home/airflow/.local/lib/python3.6/site-packages/airflow/example_dags/example_trigger_controller_dag.py took 0.185 seconds
[2021-05-26 10:12:36,103] {scheduler_job.py:182} INFO - Started process (PID=179) to work on /home/airflow/.local/lib/python3.6/site-packages/airflow/example_dags/example_trigger_controller_dag.py
[2021-05-26 10:12:36,111] {scheduler_job.py:629} INFO - Processing file /home/airflow/.local/lib/python3.6/site-packages/airflow/example_dags/example_trigger_controller_dag.py for tasks to queue
[2021-05-26 10:12:36,124] {logging_mixin.py:104} INFO - [2021-05-26 10:12:36,123] {dagbag.py:451} INFO - Filling up the DagBag from /home/airflow/.local/lib/python3.6/site-packages/airflow/example_dags/example_trigger_controller_dag.py
[2021-05-26 10:12:36,170] {scheduler_job.py:639} INFO - DAG(s) dict_keys(['example_trigger_controller_dag']) retrieved from /home/airflow/.local/lib/python3.6/site-packages/airflow/example_dags/example_trigger_controller_dag.py
[2021-05-26 10:12:36,257] {logging_mixin.py:104} INFO - [2021-05-26 10:12:36,257] {dag.py:1824} INFO - Sync 1 DAGs
[2021-05-26 10:12:36,320] {logging_mixin.py:104} INFO - [2021-05-26 10:12:36,319] {dag.py:2280} INFO - Setting next_dagrun for example_trigger_controller_dag to 2021-05-24 00:00:00+00:00
[2021-05-26 10:12:36,349] {scheduler_job.py:190} INFO - Processing /home/airflow/.local/lib/python3.6/site-packages/airflow/example_dags/example_trigger_controller_dag.py took 0.265 seconds
[2021-05-26 10:13:07,641] {scheduler_job.py:182} INFO - Started process (PID=210) to work on /home/airflow/.local/lib/python3.6/site-packages/airflow/example_dags/example_trigger_controller_dag.py
[2021-05-26 10:13:07,644] {scheduler_job.py:629} INFO - Processing file /home/airflow/.local/lib/python3.6/site-packages/airflow/example_dags/example_trigger_controller_dag.py for tasks to queue
[2021-05-26 10:13:07,650] {logging_mixin.py:104} INFO - [2021-05-26 10:13:07,650] {dagbag.py:451} INFO - Filling up the DagBag from /home/airflow/.local/lib/python3.6/site-packages/airflow/example_dags/example_trigger_controller_dag.py
[2021-05-26 10:13:07,669] {scheduler_job.py:639} INFO - DAG(s) dict_keys(['example_trigger_controller_dag']) retrieved from /home/airflow/.local/lib/python3.6/site-packages/airflow/example_dags/example_trigger_controller_dag.py
[2021-05-26 10:13:07,711] {logging_mixin.py:104} INFO - [2021-05-26 10:13:07,710] {dag.py:1824} INFO - Sync 1 DAGs
[2021-05-26 10:13:07,739] {logging_mixin.py:104} INFO - [2021-05-26 10:13:07,739] {dag.py:2280} INFO - Setting next_dagrun for example_trigger_controller_dag to 2021-05-24 00:00:00+00:00
[2021-05-26 10:13:07,757] {scheduler_job.py:190} INFO - Processing /home/airflow/.local/lib/python3.6/site-packages/airflow/example_dags/example_trigger_controller_dag.py took 0.120 seconds
[2021-05-26 10:13:38,138] {scheduler_job.py:182} INFO - Started process (PID=237) to work on /home/airflow/.local/lib/python3.6/site-packages/airflow/example_dags/example_trigger_controller_dag.py
[2021-05-26 10:13:38,141] {scheduler_job.py:629} INFO - Processing file /home/airflow/.local/lib/python3.6/site-packages/airflow/example_dags/example_trigger_controller_dag.py for tasks to queue
[2021-05-26 10:13:38,147] {logging_mixin.py:104} INFO - [2021-05-26 10:13:38,147] {dagbag.py:451} INFO - Filling up the DagBag from /home/airflow/.local/lib/python3.6/site-packages/airflow/example_dags/example_trigger_controller_dag.py
[2021-05-26 10:13:38,173] {scheduler_job.py:639} INFO - DAG(s) dict_keys(['example_trigger_controller_dag']) retrieved from /home/airflow/.local/lib/python3.6/site-packages/airflow/example_dags/example_trigger_controller_dag.py
[2021-05-26 10:13:38,219] {logging_mixin.py:104} INFO - [2021-05-26 10:13:38,219] {dag.py:1824} INFO - Sync 1 DAGs
[2021-05-26 10:13:38,244] {logging_mixin.py:104} INFO - [2021-05-26 10:13:38,244] {dag.py:2280} INFO - Setting next_dagrun for example_trigger_controller_dag to 2021-05-24 00:00:00+00:00
[2021-05-26 10:13:38,267] {scheduler_job.py:190} INFO - Processing /home/airflow/.local/lib/python3.6/site-packages/airflow/example_dags/example_trigger_controller_dag.py took 0.137 seconds
[2021-05-26 10:14:09,412] {scheduler_job.py:182} INFO - Started process (PID=274) to work on /home/airflow/.local/lib/python3.6/site-packages/airflow/example_dags/example_trigger_controller_dag.py
[2021-05-26 10:14:09,415] {scheduler_job.py:629} INFO - Processing file /home/airflow/.local/lib/python3.6/site-packages/airflow/example_dags/example_trigger_controller_dag.py for tasks to queue
[2021-05-26 10:14:09,416] {logging_mixin.py:104} INFO - [2021-05-26 10:14:09,416] {dagbag.py:451} INFO - Filling up the DagBag from /home/airflow/.local/lib/python3.6/site-packages/airflow/example_dags/example_trigger_controller_dag.py
[2021-05-26 10:14:09,438] {scheduler_job.py:639} INFO - DAG(s) dict_keys(['example_trigger_controller_dag']) retrieved from /home/airflow/.local/lib/python3.6/site-packages/airflow/example_dags/example_trigger_controller_dag.py
[2021-05-26 10:14:09,482] {logging_mixin.py:104} INFO - [2021-05-26 10:14:09,482] {dag.py:1824} INFO - Sync 1 DAGs
[2021-05-26 10:14:09,511] {logging_mixin.py:104} INFO - [2021-05-26 10:14:09,510] {dag.py:2280} INFO - Setting next_dagrun for example_trigger_controller_dag to 2021-05-24 00:00:00+00:00
[2021-05-26 10:14:09,537] {scheduler_job.py:190} INFO - Processing /home/airflow/.local/lib/python3.6/site-packages/airflow/example_dags/example_trigger_controller_dag.py took 0.129 seconds
[2021-05-26 10:14:39,630] {scheduler_job.py:182} INFO - Started process (PID=312) to work on /home/airflow/.local/lib/python3.6/site-packages/airflow/example_dags/example_trigger_controller_dag.py
[2021-05-26 10:14:39,632] {scheduler_job.py:629} INFO - Processing file /home/airflow/.local/lib/python3.6/site-packages/airflow/example_dags/example_trigger_controller_dag.py for tasks to queue
[2021-05-26 10:14:39,634] {logging_mixin.py:104} INFO - [2021-05-26 10:14:39,633] {dagbag.py:451} INFO - Filling up the DagBag from /home/airflow/.local/lib/python3.6/site-packages/airflow/example_dags/example_trigger_controller_dag.py
[2021-05-26 10:14:39,656] {scheduler_job.py:639} INFO - DAG(s) dict_keys(['example_trigger_controller_dag']) retrieved from /home/airflow/.local/lib/python3.6/site-packages/airflow/example_dags/example_trigger_controller_dag.py
[2021-05-26 10:14:39,695] {logging_mixin.py:104} INFO - [2021-05-26 10:14:39,695] {dag.py:1824} INFO - Sync 1 DAGs
[2021-05-26 10:14:39,720] {logging_mixin.py:104} INFO - [2021-05-26 10:14:39,720] {dag.py:2280} INFO - Setting next_dagrun for example_trigger_controller_dag to 2021-05-24 00:00:00+00:00
[2021-05-26 10:14:39,737] {scheduler_job.py:190} INFO - Processing /home/airflow/.local/lib/python3.6/site-packages/airflow/example_dags/example_trigger_controller_dag.py took 0.112 seconds
[2021-05-26 10:15:09,879] {scheduler_job.py:182} INFO - Started process (PID=339) to work on /home/airflow/.local/lib/python3.6/site-packages/airflow/example_dags/example_trigger_controller_dag.py
[2021-05-26 10:15:09,881] {scheduler_job.py:629} INFO - Processing file /home/airflow/.local/lib/python3.6/site-packages/airflow/example_dags/example_trigger_controller_dag.py for tasks to queue
[2021-05-26 10:15:09,882] {logging_mixin.py:104} INFO - [2021-05-26 10:15:09,882] {dagbag.py:451} INFO - Filling up the DagBag from /home/airflow/.local/lib/python3.6/site-packages/airflow/example_dags/example_trigger_controller_dag.py
[2021-05-26 10:15:09,897] {scheduler_job.py:639} INFO - DAG(s) dict_keys(['example_trigger_controller_dag']) retrieved from /home/airflow/.local/lib/python3.6/site-packages/airflow/example_dags/example_trigger_controller_dag.py
[2021-05-26 10:15:09,922] {logging_mixin.py:104} INFO - [2021-05-26 10:15:09,922] {dag.py:1824} INFO - Sync 1 DAGs
[2021-05-26 10:15:09,942] {logging_mixin.py:104} INFO - [2021-05-26 10:15:09,942] {dag.py:2280} INFO - Setting next_dagrun for example_trigger_controller_dag to 2021-05-24 00:00:00+00:00
[2021-05-26 10:15:09,957] {scheduler_job.py:190} INFO - Processing /home/airflow/.local/lib/python3.6/site-packages/airflow/example_dags/example_trigger_controller_dag.py took 0.081 seconds
[2021-05-26 10:15:40,952] {scheduler_job.py:182} INFO - Started process (PID=366) to work on /home/airflow/.local/lib/python3.6/site-packages/airflow/example_dags/example_trigger_controller_dag.py
[2021-05-26 10:15:40,954] {scheduler_job.py:629} INFO - Processing file /home/airflow/.local/lib/python3.6/site-packages/airflow/example_dags/example_trigger_controller_dag.py for tasks to queue
[2021-05-26 10:15:40,956] {logging_mixin.py:104} INFO - [2021-05-26 10:15:40,956] {dagbag.py:451} INFO - Filling up the DagBag from /home/airflow/.local/lib/python3.6/site-packages/airflow/example_dags/example_trigger_controller_dag.py
[2021-05-26 10:15:40,979] {scheduler_job.py:639} INFO - DAG(s) dict_keys(['example_trigger_controller_dag']) retrieved from /home/airflow/.local/lib/python3.6/site-packages/airflow/example_dags/example_trigger_controller_dag.py
[2021-05-26 10:15:41,017] {logging_mixin.py:104} INFO - [2021-05-26 10:15:41,017] {dag.py:1824} INFO - Sync 1 DAGs
[2021-05-26 10:15:41,040] {logging_mixin.py:104} INFO - [2021-05-26 10:15:41,040] {dag.py:2280} INFO - Setting next_dagrun for example_trigger_controller_dag to 2021-05-24 00:00:00+00:00
[2021-05-26 10:15:41,059] {scheduler_job.py:190} INFO - Processing /home/airflow/.local/lib/python3.6/site-packages/airflow/example_dags/example_trigger_controller_dag.py took 0.111 seconds
[2021-05-26 10:16:12,177] {scheduler_job.py:182} INFO - Started process (PID=393) to work on /home/airflow/.local/lib/python3.6/site-packages/airflow/example_dags/example_trigger_controller_dag.py
[2021-05-26 10:16:12,179] {scheduler_job.py:629} INFO - Processing file /home/airflow/.local/lib/python3.6/site-packages/airflow/example_dags/example_trigger_controller_dag.py for tasks to queue
[2021-05-26 10:16:12,180] {logging_mixin.py:104} INFO - [2021-05-26 10:16:12,180] {dagbag.py:451} INFO - Filling up the DagBag from /home/airflow/.local/lib/python3.6/site-packages/airflow/example_dags/example_trigger_controller_dag.py
[2021-05-26 10:16:12,200] {scheduler_job.py:639} INFO - DAG(s) dict_keys(['example_trigger_controller_dag']) retrieved from /home/airflow/.local/lib/python3.6/site-packages/airflow/example_dags/example_trigger_controller_dag.py
[2021-05-26 10:16:12,235] {logging_mixin.py:104} INFO - [2021-05-26 10:16:12,234] {dag.py:1824} INFO - Sync 1 DAGs
[2021-05-26 10:16:12,256] {logging_mixin.py:104} INFO - [2021-05-26 10:16:12,256] {dag.py:2280} INFO - Setting next_dagrun for example_trigger_controller_dag to 2021-05-24 00:00:00+00:00
[2021-05-26 10:16:12,278] {scheduler_job.py:190} INFO - Processing /home/airflow/.local/lib/python3.6/site-packages/airflow/example_dags/example_trigger_controller_dag.py took 0.105 seconds
[2021-05-26 10:16:42,570] {scheduler_job.py:182} INFO - Started process (PID=420) to work on /home/airflow/.local/lib/python3.6/site-packages/airflow/example_dags/example_trigger_controller_dag.py
[2021-05-26 10:16:42,572] {scheduler_job.py:629} INFO - Processing file /home/airflow/.local/lib/python3.6/site-packages/airflow/example_dags/example_trigger_controller_dag.py for tasks to queue
[2021-05-26 10:16:42,574] {logging_mixin.py:104} INFO - [2021-05-26 10:16:42,573] {dagbag.py:451} INFO - Filling up the DagBag from /home/airflow/.local/lib/python3.6/site-packages/airflow/example_dags/example_trigger_controller_dag.py
[2021-05-26 10:16:42,595] {scheduler_job.py:639} INFO - DAG(s) dict_keys(['example_trigger_controller_dag']) retrieved from /home/airflow/.local/lib/python3.6/site-packages/airflow/example_dags/example_trigger_controller_dag.py
[2021-05-26 10:16:42,628] {logging_mixin.py:104} INFO - [2021-05-26 10:16:42,627] {dag.py:1824} INFO - Sync 1 DAGs
[2021-05-26 10:16:42,650] {logging_mixin.py:104} INFO - [2021-05-26 10:16:42,650] {dag.py:2280} INFO - Setting next_dagrun for example_trigger_controller_dag to 2021-05-24 00:00:00+00:00
[2021-05-26 10:16:42,668] {scheduler_job.py:190} INFO - Processing /home/airflow/.local/lib/python3.6/site-packages/airflow/example_dags/example_trigger_controller_dag.py took 0.103 seconds
[2021-05-26 10:17:13,540] {scheduler_job.py:182} INFO - Started process (PID=447) to work on /home/airflow/.local/lib/python3.6/site-packages/airflow/example_dags/example_trigger_controller_dag.py
[2021-05-26 10:17:13,547] {scheduler_job.py:629} INFO - Processing file /home/airflow/.local/lib/python3.6/site-packages/airflow/example_dags/example_trigger_controller_dag.py for tasks to queue
[2021-05-26 10:17:13,549] {logging_mixin.py:104} INFO - [2021-05-26 10:17:13,549] {dagbag.py:451} INFO - Filling up the DagBag from /home/airflow/.local/lib/python3.6/site-packages/airflow/example_dags/example_trigger_controller_dag.py
[2021-05-26 10:17:13,563] {scheduler_job.py:639} INFO - DAG(s) dict_keys(['example_trigger_controller_dag']) retrieved from /home/airflow/.local/lib/python3.6/site-packages/airflow/example_dags/example_trigger_controller_dag.py
[2021-05-26 10:17:13,593] {logging_mixin.py:104} INFO - [2021-05-26 10:17:13,593] {dag.py:1824} INFO - Sync 1 DAGs
[2021-05-26 10:17:13,619] {logging_mixin.py:104} INFO - [2021-05-26 10:17:13,618] {dag.py:2280} INFO - Setting next_dagrun for example_trigger_controller_dag to 2021-05-24 00:00:00+00:00
[2021-05-26 10:17:13,637] {scheduler_job.py:190} INFO - Processing /home/airflow/.local/lib/python3.6/site-packages/airflow/example_dags/example_trigger_controller_dag.py took 0.100 seconds
[2021-05-26 10:17:44,223] {scheduler_job.py:182} INFO - Started process (PID=474) to work on /home/airflow/.local/lib/python3.6/site-packages/airflow/example_dags/example_trigger_controller_dag.py
[2021-05-26 10:17:44,224] {scheduler_job.py:629} INFO - Processing file /home/airflow/.local/lib/python3.6/site-packages/airflow/example_dags/example_trigger_controller_dag.py for tasks to queue
[2021-05-26 10:17:44,226] {logging_mixin.py:104} INFO - [2021-05-26 10:17:44,226] {dagbag.py:451} INFO - Filling up the DagBag from /home/airflow/.local/lib/python3.6/site-packages/airflow/example_dags/example_trigger_controller_dag.py
[2021-05-26 10:17:44,237] {scheduler_job.py:639} INFO - DAG(s) dict_keys(['example_trigger_controller_dag']) retrieved from /home/airflow/.local/lib/python3.6/site-packages/airflow/example_dags/example_trigger_controller_dag.py
[2021-05-26 10:17:44,263] {logging_mixin.py:104} INFO - [2021-05-26 10:17:44,263] {dag.py:1824} INFO - Sync 1 DAGs
[2021-05-26 10:17:44,283] {logging_mixin.py:104} INFO - [2021-05-26 10:17:44,283] {dag.py:2280} INFO - Setting next_dagrun for example_trigger_controller_dag to 2021-05-24 00:00:00+00:00
[2021-05-26 10:17:44,299] {scheduler_job.py:190} INFO - Processing /home/airflow/.local/lib/python3.6/site-packages/airflow/example_dags/example_trigger_controller_dag.py took 0.080 seconds
[2021-05-26 10:18:14,985] {scheduler_job.py:182} INFO - Started process (PID=501) to work on /home/airflow/.local/lib/python3.6/site-packages/airflow/example_dags/example_trigger_controller_dag.py
[2021-05-26 10:18:14,987] {scheduler_job.py:629} INFO - Processing file /home/airflow/.local/lib/python3.6/site-packages/airflow/example_dags/example_trigger_controller_dag.py for tasks to queue
[2021-05-26 10:18:14,989] {logging_mixin.py:104} INFO - [2021-05-26 10:18:14,988] {dagbag.py:451} INFO - Filling up the DagBag from /home/airflow/.local/lib/python3.6/site-packages/airflow/example_dags/example_trigger_controller_dag.py
[2021-05-26 10:18:15,003] {scheduler_job.py:639} INFO - DAG(s) dict_keys(['example_trigger_controller_dag']) retrieved from /home/airflow/.local/lib/python3.6/site-packages/airflow/example_dags/example_trigger_controller_dag.py
[2021-05-26 10:18:15,033] {logging_mixin.py:104} INFO - [2021-05-26 10:18:15,032] {dag.py:1824} INFO - Sync 1 DAGs
[2021-05-26 10:18:15,058] {logging_mixin.py:104} INFO - [2021-05-26 10:18:15,058] {dag.py:2280} INFO - Setting next_dagrun for example_trigger_controller_dag to 2021-05-24 00:00:00+00:00
[2021-05-26 10:18:15,078] {scheduler_job.py:190} INFO - Processing /home/airflow/.local/lib/python3.6/site-packages/airflow/example_dags/example_trigger_controller_dag.py took 0.097 seconds
[2021-05-26 10:18:45,648] {scheduler_job.py:182} INFO - Started process (PID=528) to work on /home/airflow/.local/lib/python3.6/site-packages/airflow/example_dags/example_trigger_controller_dag.py
[2021-05-26 10:18:45,650] {scheduler_job.py:629} INFO - Processing file /home/airflow/.local/lib/python3.6/site-packages/airflow/example_dags/example_trigger_controller_dag.py for tasks to queue
[2021-05-26 10:18:45,651] {logging_mixin.py:104} INFO - [2021-05-26 10:18:45,651] {dagbag.py:451} INFO - Filling up the DagBag from /home/airflow/.local/lib/python3.6/site-packages/airflow/example_dags/example_trigger_controller_dag.py
[2021-05-26 10:18:45,664] {scheduler_job.py:639} INFO - DAG(s) dict_keys(['example_trigger_controller_dag']) retrieved from /home/airflow/.local/lib/python3.6/site-packages/airflow/example_dags/example_trigger_controller_dag.py
[2021-05-26 10:18:45,690] {logging_mixin.py:104} INFO - [2021-05-26 10:18:45,690] {dag.py:1824} INFO - Sync 1 DAGs
[2021-05-26 10:18:45,709] {logging_mixin.py:104} INFO - [2021-05-26 10:18:45,709] {dag.py:2280} INFO - Setting next_dagrun for example_trigger_controller_dag to 2021-05-24 00:00:00+00:00
[2021-05-26 10:18:45,726] {scheduler_job.py:190} INFO - Processing /home/airflow/.local/lib/python3.6/site-packages/airflow/example_dags/example_trigger_controller_dag.py took 0.081 seconds
[2021-05-26 10:19:16,335] {scheduler_job.py:182} INFO - Started process (PID=555) to work on /home/airflow/.local/lib/python3.6/site-packages/airflow/example_dags/example_trigger_controller_dag.py
[2021-05-26 10:19:16,336] {scheduler_job.py:629} INFO - Processing file /home/airflow/.local/lib/python3.6/site-packages/airflow/example_dags/example_trigger_controller_dag.py for tasks to queue
[2021-05-26 10:19:16,338] {logging_mixin.py:104} INFO - [2021-05-26 10:19:16,338] {dagbag.py:451} INFO - Filling up the DagBag from /home/airflow/.local/lib/python3.6/site-packages/airflow/example_dags/example_trigger_controller_dag.py
[2021-05-26 10:19:16,348] {scheduler_job.py:639} INFO - DAG(s) dict_keys(['example_trigger_controller_dag']) retrieved from /home/airflow/.local/lib/python3.6/site-packages/airflow/example_dags/example_trigger_controller_dag.py
[2021-05-26 10:19:16,372] {logging_mixin.py:104} INFO - [2021-05-26 10:19:16,372] {dag.py:1824} INFO - Sync 1 DAGs
[2021-05-26 10:19:16,393] {logging_mixin.py:104} INFO - [2021-05-26 10:19:16,393] {dag.py:2280} INFO - Setting next_dagrun for example_trigger_controller_dag to 2021-05-24 00:00:00+00:00
[2021-05-26 10:19:16,410] {scheduler_job.py:190} INFO - Processing /home/airflow/.local/lib/python3.6/site-packages/airflow/example_dags/example_trigger_controller_dag.py took 0.079 seconds
[2021-05-26 10:19:47,421] {scheduler_job.py:182} INFO - Started process (PID=582) to work on /home/airflow/.local/lib/python3.6/site-packages/airflow/example_dags/example_trigger_controller_dag.py
[2021-05-26 10:19:47,425] {scheduler_job.py:629} INFO - Processing file /home/airflow/.local/lib/python3.6/site-packages/airflow/example_dags/example_trigger_controller_dag.py for tasks to queue
[2021-05-26 10:19:47,429] {logging_mixin.py:104} INFO - [2021-05-26 10:19:47,428] {dagbag.py:451} INFO - Filling up the DagBag from /home/airflow/.local/lib/python3.6/site-packages/airflow/example_dags/example_trigger_controller_dag.py
[2021-05-26 10:19:47,457] {scheduler_job.py:639} INFO - DAG(s) dict_keys(['example_trigger_controller_dag']) retrieved from /home/airflow/.local/lib/python3.6/site-packages/airflow/example_dags/example_trigger_controller_dag.py
[2021-05-26 10:19:47,503] {logging_mixin.py:104} INFO - [2021-05-26 10:19:47,503] {dag.py:1824} INFO - Sync 1 DAGs
[2021-05-26 10:19:47,534] {logging_mixin.py:104} INFO - [2021-05-26 10:19:47,534] {dag.py:2280} INFO - Setting next_dagrun for example_trigger_controller_dag to 2021-05-24 00:00:00+00:00
[2021-05-26 10:19:47,558] {scheduler_job.py:190} INFO - Processing /home/airflow/.local/lib/python3.6/site-packages/airflow/example_dags/example_trigger_controller_dag.py took 0.145 seconds
[2021-05-26 10:20:17,939] {scheduler_job.py:182} INFO - Started process (PID=610) to work on /home/airflow/.local/lib/python3.6/site-packages/airflow/example_dags/example_trigger_controller_dag.py
[2021-05-26 10:20:17,943] {scheduler_job.py:629} INFO - Processing file /home/airflow/.local/lib/python3.6/site-packages/airflow/example_dags/example_trigger_controller_dag.py for tasks to queue
[2021-05-26 10:20:17,945] {logging_mixin.py:104} INFO - [2021-05-26 10:20:17,944] {dagbag.py:451} INFO - Filling up the DagBag from /home/airflow/.local/lib/python3.6/site-packages/airflow/example_dags/example_trigger_controller_dag.py
[2021-05-26 10:20:17,970] {scheduler_job.py:639} INFO - DAG(s) dict_keys(['example_trigger_controller_dag']) retrieved from /home/airflow/.local/lib/python3.6/site-packages/airflow/example_dags/example_trigger_controller_dag.py
[2021-05-26 10:20:18,020] {logging_mixin.py:104} INFO - [2021-05-26 10:20:18,019] {dag.py:1824} INFO - Sync 1 DAGs
[2021-05-26 10:20:18,049] {logging_mixin.py:104} INFO - [2021-05-26 10:20:18,048] {dag.py:2280} INFO - Setting next_dagrun for example_trigger_controller_dag to 2021-05-24 00:00:00+00:00
[2021-05-26 10:20:18,073] {scheduler_job.py:190} INFO - Processing /home/airflow/.local/lib/python3.6/site-packages/airflow/example_dags/example_trigger_controller_dag.py took 0.142 seconds
[2021-05-26 10:20:48,450] {scheduler_job.py:182} INFO - Started process (PID=637) to work on /home/airflow/.local/lib/python3.6/site-packages/airflow/example_dags/example_trigger_controller_dag.py
[2021-05-26 10:20:48,453] {scheduler_job.py:629} INFO - Processing file /home/airflow/.local/lib/python3.6/site-packages/airflow/example_dags/example_trigger_controller_dag.py for tasks to queue
[2021-05-26 10:20:48,455] {logging_mixin.py:104} INFO - [2021-05-26 10:20:48,454] {dagbag.py:451} INFO - Filling up the DagBag from /home/airflow/.local/lib/python3.6/site-packages/airflow/example_dags/example_trigger_controller_dag.py
[2021-05-26 10:20:48,481] {scheduler_job.py:639} INFO - DAG(s) dict_keys(['example_trigger_controller_dag']) retrieved from /home/airflow/.local/lib/python3.6/site-packages/airflow/example_dags/example_trigger_controller_dag.py
[2021-05-26 10:20:48,536] {logging_mixin.py:104} INFO - [2021-05-26 10:20:48,535] {dag.py:1824} INFO - Sync 1 DAGs
[2021-05-26 10:20:48,568] {logging_mixin.py:104} INFO - [2021-05-26 10:20:48,568] {dag.py:2280} INFO - Setting next_dagrun for example_trigger_controller_dag to 2021-05-24 00:00:00+00:00
[2021-05-26 10:20:48,599] {scheduler_job.py:190} INFO - Processing /home/airflow/.local/lib/python3.6/site-packages/airflow/example_dags/example_trigger_controller_dag.py took 0.155 seconds
[2021-05-26 10:21:19,854] {scheduler_job.py:182} INFO - Started process (PID=665) to work on /home/airflow/.local/lib/python3.6/site-packages/airflow/example_dags/example_trigger_controller_dag.py
[2021-05-26 10:21:19,857] {scheduler_job.py:629} INFO - Processing file /home/airflow/.local/lib/python3.6/site-packages/airflow/example_dags/example_trigger_controller_dag.py for tasks to queue
[2021-05-26 10:21:19,859] {logging_mixin.py:104} INFO - [2021-05-26 10:21:19,859] {dagbag.py:451} INFO - Filling up the DagBag from /home/airflow/.local/lib/python3.6/site-packages/airflow/example_dags/example_trigger_controller_dag.py
[2021-05-26 10:21:19,881] {scheduler_job.py:639} INFO - DAG(s) dict_keys(['example_trigger_controller_dag']) retrieved from /home/airflow/.local/lib/python3.6/site-packages/airflow/example_dags/example_trigger_controller_dag.py
[2021-05-26 10:21:19,937] {logging_mixin.py:104} INFO - [2021-05-26 10:21:19,937] {dag.py:1824} INFO - Sync 1 DAGs
[2021-05-26 10:21:19,974] {logging_mixin.py:104} INFO - [2021-05-26 10:21:19,974] {dag.py:2280} INFO - Setting next_dagrun for example_trigger_controller_dag to 2021-05-24 00:00:00+00:00
[2021-05-26 10:21:20,006] {scheduler_job.py:190} INFO - Processing /home/airflow/.local/lib/python3.6/site-packages/airflow/example_dags/example_trigger_controller_dag.py took 0.160 seconds
[2021-05-26 10:21:51,367] {scheduler_job.py:182} INFO - Started process (PID=693) to work on /home/airflow/.local/lib/python3.6/site-packages/airflow/example_dags/example_trigger_controller_dag.py
[2021-05-26 10:21:51,379] {scheduler_job.py:629} INFO - Processing file /home/airflow/.local/lib/python3.6/site-packages/airflow/example_dags/example_trigger_controller_dag.py for tasks to queue
[2021-05-26 10:21:51,386] {logging_mixin.py:104} INFO - [2021-05-26 10:21:51,385] {dagbag.py:451} INFO - Filling up the DagBag from /home/airflow/.local/lib/python3.6/site-packages/airflow/example_dags/example_trigger_controller_dag.py
[2021-05-26 10:21:51,448] {scheduler_job.py:639} INFO - DAG(s) dict_keys(['example_trigger_controller_dag']) retrieved from /home/airflow/.local/lib/python3.6/site-packages/airflow/example_dags/example_trigger_controller_dag.py
[2021-05-26 10:21:51,559] {logging_mixin.py:104} INFO - [2021-05-26 10:21:51,558] {dag.py:1824} INFO - Sync 1 DAGs
[2021-05-26 10:21:51,633] {logging_mixin.py:104} INFO - [2021-05-26 10:21:51,633] {dag.py:2280} INFO - Setting next_dagrun for example_trigger_controller_dag to 2021-05-24 00:00:00+00:00
[2021-05-26 10:21:51,707] {scheduler_job.py:190} INFO - Processing /home/airflow/.local/lib/python3.6/site-packages/airflow/example_dags/example_trigger_controller_dag.py took 0.350 seconds
[2021-05-26 10:22:22,717] {scheduler_job.py:182} INFO - Started process (PID=720) to work on /home/airflow/.local/lib/python3.6/site-packages/airflow/example_dags/example_trigger_controller_dag.py
[2021-05-26 10:22:22,720] {scheduler_job.py:629} INFO - Processing file /home/airflow/.local/lib/python3.6/site-packages/airflow/example_dags/example_trigger_controller_dag.py for tasks to queue
[2021-05-26 10:22:22,722] {logging_mixin.py:104} INFO - [2021-05-26 10:22:22,722] {dagbag.py:451} INFO - Filling up the DagBag from /home/airflow/.local/lib/python3.6/site-packages/airflow/example_dags/example_trigger_controller_dag.py
[2021-05-26 10:22:22,768] {scheduler_job.py:639} INFO - DAG(s) dict_keys(['example_trigger_controller_dag']) retrieved from /home/airflow/.local/lib/python3.6/site-packages/airflow/example_dags/example_trigger_controller_dag.py
[2021-05-26 10:22:22,840] {logging_mixin.py:104} INFO - [2021-05-26 10:22:22,840] {dag.py:1824} INFO - Sync 1 DAGs
[2021-05-26 10:22:22,888] {logging_mixin.py:104} INFO - [2021-05-26 10:22:22,887] {dag.py:2280} INFO - Setting next_dagrun for example_trigger_controller_dag to 2021-05-24 00:00:00+00:00
[2021-05-26 10:22:22,947] {scheduler_job.py:190} INFO - Processing /home/airflow/.local/lib/python3.6/site-packages/airflow/example_dags/example_trigger_controller_dag.py took 0.238 seconds
[2021-05-26 10:22:53,185] {scheduler_job.py:182} INFO - Started process (PID=747) to work on /home/airflow/.local/lib/python3.6/site-packages/airflow/example_dags/example_trigger_controller_dag.py
[2021-05-26 10:22:53,188] {scheduler_job.py:629} INFO - Processing file /home/airflow/.local/lib/python3.6/site-packages/airflow/example_dags/example_trigger_controller_dag.py for tasks to queue
[2021-05-26 10:22:53,190] {logging_mixin.py:104} INFO - [2021-05-26 10:22:53,189] {dagbag.py:451} INFO - Filling up the DagBag from /home/airflow/.local/lib/python3.6/site-packages/airflow/example_dags/example_trigger_controller_dag.py
[2021-05-26 10:22:53,215] {scheduler_job.py:639} INFO - DAG(s) dict_keys(['example_trigger_controller_dag']) retrieved from /home/airflow/.local/lib/python3.6/site-packages/airflow/example_dags/example_trigger_controller_dag.py
[2021-05-26 10:22:53,266] {logging_mixin.py:104} INFO - [2021-05-26 10:22:53,266] {dag.py:1824} INFO - Sync 1 DAGs
[2021-05-26 10:22:53,300] {logging_mixin.py:104} INFO - [2021-05-26 10:22:53,299] {dag.py:2280} INFO - Setting next_dagrun for example_trigger_controller_dag to 2021-05-24 00:00:00+00:00
[2021-05-26 10:22:53,326] {scheduler_job.py:190} INFO - Processing /home/airflow/.local/lib/python3.6/site-packages/airflow/example_dags/example_trigger_controller_dag.py took 0.148 seconds
