[2021-05-26 10:09:56,759] {scheduler_job.py:182} INFO - Started process (PID=39) to work on /home/airflow/.local/lib/python3.6/site-packages/airflow/example_dags/example_bash_operator.py
[2021-05-26 10:09:56,764] {scheduler_job.py:629} INFO - Processing file /home/airflow/.local/lib/python3.6/site-packages/airflow/example_dags/example_bash_operator.py for tasks to queue
[2021-05-26 10:09:56,775] {logging_mixin.py:104} INFO - [2021-05-26 10:09:56,775] {dagbag.py:451} INFO - Filling up the DagBag from /home/airflow/.local/lib/python3.6/site-packages/airflow/example_dags/example_bash_operator.py
[2021-05-26 10:09:56,848] {scheduler_job.py:639} INFO - DAG(s) dict_keys(['example_bash_operator']) retrieved from /home/airflow/.local/lib/python3.6/site-packages/airflow/example_dags/example_bash_operator.py
[2021-05-26 10:09:57,043] {logging_mixin.py:104} INFO - [2021-05-26 10:09:57,042] {dag.py:1824} INFO - Sync 1 DAGs
[2021-05-26 10:09:57,171] {logging_mixin.py:104} INFO - [2021-05-26 10:09:57,171] {dag.py:2280} INFO - Setting next_dagrun for example_bash_operator to 2021-05-24 00:00:00+00:00
[2021-05-26 10:09:57,223] {scheduler_job.py:190} INFO - Processing /home/airflow/.local/lib/python3.6/site-packages/airflow/example_dags/example_bash_operator.py took 0.473 seconds
[2021-05-26 10:10:27,373] {scheduler_job.py:182} INFO - Started process (PID=66) to work on /home/airflow/.local/lib/python3.6/site-packages/airflow/example_dags/example_bash_operator.py
[2021-05-26 10:10:27,376] {scheduler_job.py:629} INFO - Processing file /home/airflow/.local/lib/python3.6/site-packages/airflow/example_dags/example_bash_operator.py for tasks to queue
[2021-05-26 10:10:27,378] {logging_mixin.py:104} INFO - [2021-05-26 10:10:27,378] {dagbag.py:451} INFO - Filling up the DagBag from /home/airflow/.local/lib/python3.6/site-packages/airflow/example_dags/example_bash_operator.py
[2021-05-26 10:10:27,406] {scheduler_job.py:639} INFO - DAG(s) dict_keys(['example_bash_operator']) retrieved from /home/airflow/.local/lib/python3.6/site-packages/airflow/example_dags/example_bash_operator.py
[2021-05-26 10:10:27,471] {logging_mixin.py:104} INFO - [2021-05-26 10:10:27,471] {dag.py:1824} INFO - Sync 1 DAGs
[2021-05-26 10:10:27,530] {logging_mixin.py:104} INFO - [2021-05-26 10:10:27,530] {dag.py:2280} INFO - Setting next_dagrun for example_bash_operator to 2021-05-24 00:00:00+00:00
[2021-05-26 10:10:27,560] {scheduler_job.py:190} INFO - Processing /home/airflow/.local/lib/python3.6/site-packages/airflow/example_dags/example_bash_operator.py took 0.192 seconds
[2021-05-26 10:10:57,978] {scheduler_job.py:182} INFO - Started process (PID=93) to work on /home/airflow/.local/lib/python3.6/site-packages/airflow/example_dags/example_bash_operator.py
[2021-05-26 10:10:57,982] {scheduler_job.py:629} INFO - Processing file /home/airflow/.local/lib/python3.6/site-packages/airflow/example_dags/example_bash_operator.py for tasks to queue
[2021-05-26 10:10:57,984] {logging_mixin.py:104} INFO - [2021-05-26 10:10:57,984] {dagbag.py:451} INFO - Filling up the DagBag from /home/airflow/.local/lib/python3.6/site-packages/airflow/example_dags/example_bash_operator.py
[2021-05-26 10:10:58,020] {scheduler_job.py:639} INFO - DAG(s) dict_keys(['example_bash_operator']) retrieved from /home/airflow/.local/lib/python3.6/site-packages/airflow/example_dags/example_bash_operator.py
[2021-05-26 10:10:58,104] {logging_mixin.py:104} INFO - [2021-05-26 10:10:58,104] {dag.py:1824} INFO - Sync 1 DAGs
[2021-05-26 10:10:58,191] {logging_mixin.py:104} INFO - [2021-05-26 10:10:58,191] {dag.py:2280} INFO - Setting next_dagrun for example_bash_operator to 2021-05-24 00:00:00+00:00
[2021-05-26 10:10:58,237] {scheduler_job.py:190} INFO - Processing /home/airflow/.local/lib/python3.6/site-packages/airflow/example_dags/example_bash_operator.py took 0.267 seconds
[2021-05-26 10:11:28,848] {scheduler_job.py:182} INFO - Started process (PID=116) to work on /home/airflow/.local/lib/python3.6/site-packages/airflow/example_dags/example_bash_operator.py
[2021-05-26 10:11:28,854] {scheduler_job.py:629} INFO - Processing file /home/airflow/.local/lib/python3.6/site-packages/airflow/example_dags/example_bash_operator.py for tasks to queue
[2021-05-26 10:11:28,860] {logging_mixin.py:104} INFO - [2021-05-26 10:11:28,859] {dagbag.py:451} INFO - Filling up the DagBag from /home/airflow/.local/lib/python3.6/site-packages/airflow/example_dags/example_bash_operator.py
[2021-05-26 10:11:28,947] {scheduler_job.py:639} INFO - DAG(s) dict_keys(['example_bash_operator']) retrieved from /home/airflow/.local/lib/python3.6/site-packages/airflow/example_dags/example_bash_operator.py
[2021-05-26 10:11:29,128] {logging_mixin.py:104} INFO - [2021-05-26 10:11:29,128] {dag.py:1824} INFO - Sync 1 DAGs
[2021-05-26 10:11:29,249] {logging_mixin.py:104} INFO - [2021-05-26 10:11:29,249] {dag.py:2280} INFO - Setting next_dagrun for example_bash_operator to 2021-05-24 00:00:00+00:00
[2021-05-26 10:11:29,443] {scheduler_job.py:190} INFO - Processing /home/airflow/.local/lib/python3.6/site-packages/airflow/example_dags/example_bash_operator.py took 0.631 seconds
[2021-05-26 10:11:59,555] {scheduler_job.py:182} INFO - Started process (PID=143) to work on /home/airflow/.local/lib/python3.6/site-packages/airflow/example_dags/example_bash_operator.py
[2021-05-26 10:11:59,559] {scheduler_job.py:629} INFO - Processing file /home/airflow/.local/lib/python3.6/site-packages/airflow/example_dags/example_bash_operator.py for tasks to queue
[2021-05-26 10:11:59,561] {logging_mixin.py:104} INFO - [2021-05-26 10:11:59,561] {dagbag.py:451} INFO - Filling up the DagBag from /home/airflow/.local/lib/python3.6/site-packages/airflow/example_dags/example_bash_operator.py
[2021-05-26 10:11:59,617] {scheduler_job.py:639} INFO - DAG(s) dict_keys(['example_bash_operator']) retrieved from /home/airflow/.local/lib/python3.6/site-packages/airflow/example_dags/example_bash_operator.py
[2021-05-26 10:11:59,710] {logging_mixin.py:104} INFO - [2021-05-26 10:11:59,709] {dag.py:1824} INFO - Sync 1 DAGs
[2021-05-26 10:11:59,809] {logging_mixin.py:104} INFO - [2021-05-26 10:11:59,809] {dag.py:2280} INFO - Setting next_dagrun for example_bash_operator to 2021-05-24 00:00:00+00:00
[2021-05-26 10:11:59,849] {scheduler_job.py:190} INFO - Processing /home/airflow/.local/lib/python3.6/site-packages/airflow/example_dags/example_bash_operator.py took 0.304 seconds
[2021-05-26 10:12:29,984] {scheduler_job.py:182} INFO - Started process (PID=170) to work on /home/airflow/.local/lib/python3.6/site-packages/airflow/example_dags/example_bash_operator.py
[2021-05-26 10:12:29,987] {scheduler_job.py:629} INFO - Processing file /home/airflow/.local/lib/python3.6/site-packages/airflow/example_dags/example_bash_operator.py for tasks to queue
[2021-05-26 10:12:29,989] {logging_mixin.py:104} INFO - [2021-05-26 10:12:29,989] {dagbag.py:451} INFO - Filling up the DagBag from /home/airflow/.local/lib/python3.6/site-packages/airflow/example_dags/example_bash_operator.py
[2021-05-26 10:12:30,021] {scheduler_job.py:639} INFO - DAG(s) dict_keys(['example_bash_operator']) retrieved from /home/airflow/.local/lib/python3.6/site-packages/airflow/example_dags/example_bash_operator.py
[2021-05-26 10:12:30,063] {logging_mixin.py:104} INFO - [2021-05-26 10:12:30,063] {dag.py:1824} INFO - Sync 1 DAGs
[2021-05-26 10:12:30,104] {logging_mixin.py:104} INFO - [2021-05-26 10:12:30,104] {dag.py:2280} INFO - Setting next_dagrun for example_bash_operator to 2021-05-24 00:00:00+00:00
[2021-05-26 10:12:30,130] {scheduler_job.py:190} INFO - Processing /home/airflow/.local/lib/python3.6/site-packages/airflow/example_dags/example_bash_operator.py took 0.152 seconds
[2021-05-26 10:13:00,469] {scheduler_job.py:182} INFO - Started process (PID=197) to work on /home/airflow/.local/lib/python3.6/site-packages/airflow/example_dags/example_bash_operator.py
[2021-05-26 10:13:00,471] {scheduler_job.py:629} INFO - Processing file /home/airflow/.local/lib/python3.6/site-packages/airflow/example_dags/example_bash_operator.py for tasks to queue
[2021-05-26 10:13:00,473] {logging_mixin.py:104} INFO - [2021-05-26 10:13:00,472] {dagbag.py:451} INFO - Filling up the DagBag from /home/airflow/.local/lib/python3.6/site-packages/airflow/example_dags/example_bash_operator.py
[2021-05-26 10:13:00,491] {scheduler_job.py:639} INFO - DAG(s) dict_keys(['example_bash_operator']) retrieved from /home/airflow/.local/lib/python3.6/site-packages/airflow/example_dags/example_bash_operator.py
[2021-05-26 10:13:00,540] {logging_mixin.py:104} INFO - [2021-05-26 10:13:00,540] {dag.py:1824} INFO - Sync 1 DAGs
[2021-05-26 10:13:00,578] {logging_mixin.py:104} INFO - [2021-05-26 10:13:00,577] {dag.py:2280} INFO - Setting next_dagrun for example_bash_operator to 2021-05-24 00:00:00+00:00
[2021-05-26 10:13:00,600] {scheduler_job.py:190} INFO - Processing /home/airflow/.local/lib/python3.6/site-packages/airflow/example_dags/example_bash_operator.py took 0.135 seconds
[2021-05-26 10:13:31,624] {scheduler_job.py:182} INFO - Started process (PID=224) to work on /home/airflow/.local/lib/python3.6/site-packages/airflow/example_dags/example_bash_operator.py
[2021-05-26 10:13:31,626] {scheduler_job.py:629} INFO - Processing file /home/airflow/.local/lib/python3.6/site-packages/airflow/example_dags/example_bash_operator.py for tasks to queue
[2021-05-26 10:13:31,628] {logging_mixin.py:104} INFO - [2021-05-26 10:13:31,627] {dagbag.py:451} INFO - Filling up the DagBag from /home/airflow/.local/lib/python3.6/site-packages/airflow/example_dags/example_bash_operator.py
[2021-05-26 10:13:31,654] {scheduler_job.py:639} INFO - DAG(s) dict_keys(['example_bash_operator']) retrieved from /home/airflow/.local/lib/python3.6/site-packages/airflow/example_dags/example_bash_operator.py
[2021-05-26 10:13:31,705] {logging_mixin.py:104} INFO - [2021-05-26 10:13:31,705] {dag.py:1824} INFO - Sync 1 DAGs
[2021-05-26 10:13:31,752] {logging_mixin.py:104} INFO - [2021-05-26 10:13:31,752] {dag.py:2280} INFO - Setting next_dagrun for example_bash_operator to 2021-05-24 00:00:00+00:00
[2021-05-26 10:13:31,773] {scheduler_job.py:190} INFO - Processing /home/airflow/.local/lib/python3.6/site-packages/airflow/example_dags/example_bash_operator.py took 0.154 seconds
[2021-05-26 10:14:02,551] {scheduler_job.py:182} INFO - Started process (PID=251) to work on /home/airflow/.local/lib/python3.6/site-packages/airflow/example_dags/example_bash_operator.py
[2021-05-26 10:14:02,554] {scheduler_job.py:629} INFO - Processing file /home/airflow/.local/lib/python3.6/site-packages/airflow/example_dags/example_bash_operator.py for tasks to queue
[2021-05-26 10:14:02,555] {logging_mixin.py:104} INFO - [2021-05-26 10:14:02,555] {dagbag.py:451} INFO - Filling up the DagBag from /home/airflow/.local/lib/python3.6/site-packages/airflow/example_dags/example_bash_operator.py
[2021-05-26 10:14:02,585] {scheduler_job.py:639} INFO - DAG(s) dict_keys(['example_bash_operator']) retrieved from /home/airflow/.local/lib/python3.6/site-packages/airflow/example_dags/example_bash_operator.py
[2021-05-26 10:14:02,644] {logging_mixin.py:104} INFO - [2021-05-26 10:14:02,644] {dag.py:1824} INFO - Sync 1 DAGs
[2021-05-26 10:14:02,703] {logging_mixin.py:104} INFO - [2021-05-26 10:14:02,703] {dag.py:2280} INFO - Setting next_dagrun for example_bash_operator to 2021-05-24 00:00:00+00:00
[2021-05-26 10:14:02,765] {scheduler_job.py:190} INFO - Processing /home/airflow/.local/lib/python3.6/site-packages/airflow/example_dags/example_bash_operator.py took 0.219 seconds
[2021-05-26 10:14:33,297] {scheduler_job.py:182} INFO - Started process (PID=293) to work on /home/airflow/.local/lib/python3.6/site-packages/airflow/example_dags/example_bash_operator.py
[2021-05-26 10:14:33,299] {scheduler_job.py:629} INFO - Processing file /home/airflow/.local/lib/python3.6/site-packages/airflow/example_dags/example_bash_operator.py for tasks to queue
[2021-05-26 10:14:33,300] {logging_mixin.py:104} INFO - [2021-05-26 10:14:33,300] {dagbag.py:451} INFO - Filling up the DagBag from /home/airflow/.local/lib/python3.6/site-packages/airflow/example_dags/example_bash_operator.py
[2021-05-26 10:14:33,318] {scheduler_job.py:639} INFO - DAG(s) dict_keys(['example_bash_operator']) retrieved from /home/airflow/.local/lib/python3.6/site-packages/airflow/example_dags/example_bash_operator.py
[2021-05-26 10:14:33,348] {logging_mixin.py:104} INFO - [2021-05-26 10:14:33,347] {dag.py:1824} INFO - Sync 1 DAGs
[2021-05-26 10:14:33,370] {logging_mixin.py:104} INFO - [2021-05-26 10:14:33,370] {dag.py:2280} INFO - Setting next_dagrun for example_bash_operator to 2021-05-24 00:00:00+00:00
[2021-05-26 10:14:33,387] {scheduler_job.py:190} INFO - Processing /home/airflow/.local/lib/python3.6/site-packages/airflow/example_dags/example_bash_operator.py took 0.093 seconds
[2021-05-26 10:15:03,595] {scheduler_job.py:182} INFO - Started process (PID=320) to work on /home/airflow/.local/lib/python3.6/site-packages/airflow/example_dags/example_bash_operator.py
[2021-05-26 10:15:03,596] {scheduler_job.py:629} INFO - Processing file /home/airflow/.local/lib/python3.6/site-packages/airflow/example_dags/example_bash_operator.py for tasks to queue
[2021-05-26 10:15:03,597] {logging_mixin.py:104} INFO - [2021-05-26 10:15:03,597] {dagbag.py:451} INFO - Filling up the DagBag from /home/airflow/.local/lib/python3.6/site-packages/airflow/example_dags/example_bash_operator.py
[2021-05-26 10:15:03,618] {scheduler_job.py:639} INFO - DAG(s) dict_keys(['example_bash_operator']) retrieved from /home/airflow/.local/lib/python3.6/site-packages/airflow/example_dags/example_bash_operator.py
[2021-05-26 10:15:03,653] {logging_mixin.py:104} INFO - [2021-05-26 10:15:03,653] {dag.py:1824} INFO - Sync 1 DAGs
[2021-05-26 10:15:03,678] {logging_mixin.py:104} INFO - [2021-05-26 10:15:03,678] {dag.py:2280} INFO - Setting next_dagrun for example_bash_operator to 2021-05-24 00:00:00+00:00
[2021-05-26 10:15:03,693] {scheduler_job.py:190} INFO - Processing /home/airflow/.local/lib/python3.6/site-packages/airflow/example_dags/example_bash_operator.py took 0.103 seconds
[2021-05-26 10:15:34,489] {scheduler_job.py:182} INFO - Started process (PID=347) to work on /home/airflow/.local/lib/python3.6/site-packages/airflow/example_dags/example_bash_operator.py
[2021-05-26 10:15:34,491] {scheduler_job.py:629} INFO - Processing file /home/airflow/.local/lib/python3.6/site-packages/airflow/example_dags/example_bash_operator.py for tasks to queue
[2021-05-26 10:15:34,492] {logging_mixin.py:104} INFO - [2021-05-26 10:15:34,492] {dagbag.py:451} INFO - Filling up the DagBag from /home/airflow/.local/lib/python3.6/site-packages/airflow/example_dags/example_bash_operator.py
[2021-05-26 10:15:34,518] {scheduler_job.py:639} INFO - DAG(s) dict_keys(['example_bash_operator']) retrieved from /home/airflow/.local/lib/python3.6/site-packages/airflow/example_dags/example_bash_operator.py
[2021-05-26 10:15:34,550] {logging_mixin.py:104} INFO - [2021-05-26 10:15:34,550] {dag.py:1824} INFO - Sync 1 DAGs
[2021-05-26 10:15:34,582] {logging_mixin.py:104} INFO - [2021-05-26 10:15:34,582] {dag.py:2280} INFO - Setting next_dagrun for example_bash_operator to 2021-05-24 00:00:00+00:00
[2021-05-26 10:15:34,601] {scheduler_job.py:190} INFO - Processing /home/airflow/.local/lib/python3.6/site-packages/airflow/example_dags/example_bash_operator.py took 0.117 seconds
[2021-05-26 10:16:04,741] {scheduler_job.py:182} INFO - Started process (PID=374) to work on /home/airflow/.local/lib/python3.6/site-packages/airflow/example_dags/example_bash_operator.py
[2021-05-26 10:16:04,743] {scheduler_job.py:629} INFO - Processing file /home/airflow/.local/lib/python3.6/site-packages/airflow/example_dags/example_bash_operator.py for tasks to queue
[2021-05-26 10:16:04,745] {logging_mixin.py:104} INFO - [2021-05-26 10:16:04,744] {dagbag.py:451} INFO - Filling up the DagBag from /home/airflow/.local/lib/python3.6/site-packages/airflow/example_dags/example_bash_operator.py
[2021-05-26 10:16:04,768] {scheduler_job.py:639} INFO - DAG(s) dict_keys(['example_bash_operator']) retrieved from /home/airflow/.local/lib/python3.6/site-packages/airflow/example_dags/example_bash_operator.py
[2021-05-26 10:16:04,803] {logging_mixin.py:104} INFO - [2021-05-26 10:16:04,803] {dag.py:1824} INFO - Sync 1 DAGs
[2021-05-26 10:16:04,837] {logging_mixin.py:104} INFO - [2021-05-26 10:16:04,837] {dag.py:2280} INFO - Setting next_dagrun for example_bash_operator to 2021-05-24 00:00:00+00:00
[2021-05-26 10:16:04,858] {scheduler_job.py:190} INFO - Processing /home/airflow/.local/lib/python3.6/site-packages/airflow/example_dags/example_bash_operator.py took 0.123 seconds
[2021-05-26 10:16:34,987] {scheduler_job.py:182} INFO - Started process (PID=401) to work on /home/airflow/.local/lib/python3.6/site-packages/airflow/example_dags/example_bash_operator.py
[2021-05-26 10:16:34,989] {scheduler_job.py:629} INFO - Processing file /home/airflow/.local/lib/python3.6/site-packages/airflow/example_dags/example_bash_operator.py for tasks to queue
[2021-05-26 10:16:34,991] {logging_mixin.py:104} INFO - [2021-05-26 10:16:34,991] {dagbag.py:451} INFO - Filling up the DagBag from /home/airflow/.local/lib/python3.6/site-packages/airflow/example_dags/example_bash_operator.py
[2021-05-26 10:16:35,018] {scheduler_job.py:639} INFO - DAG(s) dict_keys(['example_bash_operator']) retrieved from /home/airflow/.local/lib/python3.6/site-packages/airflow/example_dags/example_bash_operator.py
[2021-05-26 10:16:35,073] {logging_mixin.py:104} INFO - [2021-05-26 10:16:35,073] {dag.py:1824} INFO - Sync 1 DAGs
[2021-05-26 10:16:35,138] {logging_mixin.py:104} INFO - [2021-05-26 10:16:35,138] {dag.py:2280} INFO - Setting next_dagrun for example_bash_operator to 2021-05-24 00:00:00+00:00
[2021-05-26 10:16:35,174] {scheduler_job.py:190} INFO - Processing /home/airflow/.local/lib/python3.6/site-packages/airflow/example_dags/example_bash_operator.py took 0.191 seconds
[2021-05-26 10:17:06,179] {scheduler_job.py:182} INFO - Started process (PID=428) to work on /home/airflow/.local/lib/python3.6/site-packages/airflow/example_dags/example_bash_operator.py
[2021-05-26 10:17:06,184] {scheduler_job.py:629} INFO - Processing file /home/airflow/.local/lib/python3.6/site-packages/airflow/example_dags/example_bash_operator.py for tasks to queue
[2021-05-26 10:17:06,185] {logging_mixin.py:104} INFO - [2021-05-26 10:17:06,185] {dagbag.py:451} INFO - Filling up the DagBag from /home/airflow/.local/lib/python3.6/site-packages/airflow/example_dags/example_bash_operator.py
[2021-05-26 10:17:06,196] {scheduler_job.py:639} INFO - DAG(s) dict_keys(['example_bash_operator']) retrieved from /home/airflow/.local/lib/python3.6/site-packages/airflow/example_dags/example_bash_operator.py
[2021-05-26 10:17:06,221] {logging_mixin.py:104} INFO - [2021-05-26 10:17:06,221] {dag.py:1824} INFO - Sync 1 DAGs
[2021-05-26 10:17:06,244] {logging_mixin.py:104} INFO - [2021-05-26 10:17:06,244] {dag.py:2280} INFO - Setting next_dagrun for example_bash_operator to 2021-05-24 00:00:00+00:00
[2021-05-26 10:17:06,259] {scheduler_job.py:190} INFO - Processing /home/airflow/.local/lib/python3.6/site-packages/airflow/example_dags/example_bash_operator.py took 0.083 seconds
[2021-05-26 10:17:37,179] {scheduler_job.py:182} INFO - Started process (PID=455) to work on /home/airflow/.local/lib/python3.6/site-packages/airflow/example_dags/example_bash_operator.py
[2021-05-26 10:17:37,181] {scheduler_job.py:629} INFO - Processing file /home/airflow/.local/lib/python3.6/site-packages/airflow/example_dags/example_bash_operator.py for tasks to queue
[2021-05-26 10:17:37,182] {logging_mixin.py:104} INFO - [2021-05-26 10:17:37,182] {dagbag.py:451} INFO - Filling up the DagBag from /home/airflow/.local/lib/python3.6/site-packages/airflow/example_dags/example_bash_operator.py
[2021-05-26 10:17:37,199] {scheduler_job.py:639} INFO - DAG(s) dict_keys(['example_bash_operator']) retrieved from /home/airflow/.local/lib/python3.6/site-packages/airflow/example_dags/example_bash_operator.py
[2021-05-26 10:17:37,227] {logging_mixin.py:104} INFO - [2021-05-26 10:17:37,227] {dag.py:1824} INFO - Sync 1 DAGs
[2021-05-26 10:17:37,249] {logging_mixin.py:104} INFO - [2021-05-26 10:17:37,249] {dag.py:2280} INFO - Setting next_dagrun for example_bash_operator to 2021-05-24 00:00:00+00:00
[2021-05-26 10:17:37,266] {scheduler_job.py:190} INFO - Processing /home/airflow/.local/lib/python3.6/site-packages/airflow/example_dags/example_bash_operator.py took 0.090 seconds
[2021-05-26 10:18:07,822] {scheduler_job.py:182} INFO - Started process (PID=482) to work on /home/airflow/.local/lib/python3.6/site-packages/airflow/example_dags/example_bash_operator.py
[2021-05-26 10:18:07,824] {scheduler_job.py:629} INFO - Processing file /home/airflow/.local/lib/python3.6/site-packages/airflow/example_dags/example_bash_operator.py for tasks to queue
[2021-05-26 10:18:07,825] {logging_mixin.py:104} INFO - [2021-05-26 10:18:07,825] {dagbag.py:451} INFO - Filling up the DagBag from /home/airflow/.local/lib/python3.6/site-packages/airflow/example_dags/example_bash_operator.py
[2021-05-26 10:18:07,836] {scheduler_job.py:639} INFO - DAG(s) dict_keys(['example_bash_operator']) retrieved from /home/airflow/.local/lib/python3.6/site-packages/airflow/example_dags/example_bash_operator.py
[2021-05-26 10:18:07,861] {logging_mixin.py:104} INFO - [2021-05-26 10:18:07,860] {dag.py:1824} INFO - Sync 1 DAGs
[2021-05-26 10:18:07,887] {logging_mixin.py:104} INFO - [2021-05-26 10:18:07,887] {dag.py:2280} INFO - Setting next_dagrun for example_bash_operator to 2021-05-24 00:00:00+00:00
[2021-05-26 10:18:07,903] {scheduler_job.py:190} INFO - Processing /home/airflow/.local/lib/python3.6/site-packages/airflow/example_dags/example_bash_operator.py took 0.084 seconds
[2021-05-26 10:18:38,610] {scheduler_job.py:182} INFO - Started process (PID=509) to work on /home/airflow/.local/lib/python3.6/site-packages/airflow/example_dags/example_bash_operator.py
[2021-05-26 10:18:38,612] {scheduler_job.py:629} INFO - Processing file /home/airflow/.local/lib/python3.6/site-packages/airflow/example_dags/example_bash_operator.py for tasks to queue
[2021-05-26 10:18:38,614] {logging_mixin.py:104} INFO - [2021-05-26 10:18:38,613] {dagbag.py:451} INFO - Filling up the DagBag from /home/airflow/.local/lib/python3.6/site-packages/airflow/example_dags/example_bash_operator.py
[2021-05-26 10:18:38,630] {scheduler_job.py:639} INFO - DAG(s) dict_keys(['example_bash_operator']) retrieved from /home/airflow/.local/lib/python3.6/site-packages/airflow/example_dags/example_bash_operator.py
[2021-05-26 10:18:38,669] {logging_mixin.py:104} INFO - [2021-05-26 10:18:38,668] {dag.py:1824} INFO - Sync 1 DAGs
[2021-05-26 10:18:38,702] {logging_mixin.py:104} INFO - [2021-05-26 10:18:38,701] {dag.py:2280} INFO - Setting next_dagrun for example_bash_operator to 2021-05-24 00:00:00+00:00
[2021-05-26 10:18:38,718] {scheduler_job.py:190} INFO - Processing /home/airflow/.local/lib/python3.6/site-packages/airflow/example_dags/example_bash_operator.py took 0.112 seconds
[2021-05-26 10:19:09,299] {scheduler_job.py:182} INFO - Started process (PID=536) to work on /home/airflow/.local/lib/python3.6/site-packages/airflow/example_dags/example_bash_operator.py
[2021-05-26 10:19:09,301] {scheduler_job.py:629} INFO - Processing file /home/airflow/.local/lib/python3.6/site-packages/airflow/example_dags/example_bash_operator.py for tasks to queue
[2021-05-26 10:19:09,302] {logging_mixin.py:104} INFO - [2021-05-26 10:19:09,302] {dagbag.py:451} INFO - Filling up the DagBag from /home/airflow/.local/lib/python3.6/site-packages/airflow/example_dags/example_bash_operator.py
[2021-05-26 10:19:09,324] {scheduler_job.py:639} INFO - DAG(s) dict_keys(['example_bash_operator']) retrieved from /home/airflow/.local/lib/python3.6/site-packages/airflow/example_dags/example_bash_operator.py
[2021-05-26 10:19:09,358] {logging_mixin.py:104} INFO - [2021-05-26 10:19:09,357] {dag.py:1824} INFO - Sync 1 DAGs
[2021-05-26 10:19:09,391] {logging_mixin.py:104} INFO - [2021-05-26 10:19:09,391] {dag.py:2280} INFO - Setting next_dagrun for example_bash_operator to 2021-05-24 00:00:00+00:00
[2021-05-26 10:19:09,410] {scheduler_job.py:190} INFO - Processing /home/airflow/.local/lib/python3.6/site-packages/airflow/example_dags/example_bash_operator.py took 0.115 seconds
[2021-05-26 10:19:40,043] {scheduler_job.py:182} INFO - Started process (PID=563) to work on /home/airflow/.local/lib/python3.6/site-packages/airflow/example_dags/example_bash_operator.py
[2021-05-26 10:19:40,046] {scheduler_job.py:629} INFO - Processing file /home/airflow/.local/lib/python3.6/site-packages/airflow/example_dags/example_bash_operator.py for tasks to queue
[2021-05-26 10:19:40,049] {logging_mixin.py:104} INFO - [2021-05-26 10:19:40,049] {dagbag.py:451} INFO - Filling up the DagBag from /home/airflow/.local/lib/python3.6/site-packages/airflow/example_dags/example_bash_operator.py
[2021-05-26 10:19:40,078] {scheduler_job.py:639} INFO - DAG(s) dict_keys(['example_bash_operator']) retrieved from /home/airflow/.local/lib/python3.6/site-packages/airflow/example_dags/example_bash_operator.py
[2021-05-26 10:19:40,130] {logging_mixin.py:104} INFO - [2021-05-26 10:19:40,130] {dag.py:1824} INFO - Sync 1 DAGs
[2021-05-26 10:19:40,170] {logging_mixin.py:104} INFO - [2021-05-26 10:19:40,170] {dag.py:2280} INFO - Setting next_dagrun for example_bash_operator to 2021-05-24 00:00:00+00:00
[2021-05-26 10:19:40,196] {scheduler_job.py:190} INFO - Processing /home/airflow/.local/lib/python3.6/site-packages/airflow/example_dags/example_bash_operator.py took 0.161 seconds
[2021-05-26 10:20:10,532] {scheduler_job.py:182} INFO - Started process (PID=590) to work on /home/airflow/.local/lib/python3.6/site-packages/airflow/example_dags/example_bash_operator.py
[2021-05-26 10:20:10,536] {scheduler_job.py:629} INFO - Processing file /home/airflow/.local/lib/python3.6/site-packages/airflow/example_dags/example_bash_operator.py for tasks to queue
[2021-05-26 10:20:10,539] {logging_mixin.py:104} INFO - [2021-05-26 10:20:10,538] {dagbag.py:451} INFO - Filling up the DagBag from /home/airflow/.local/lib/python3.6/site-packages/airflow/example_dags/example_bash_operator.py
[2021-05-26 10:20:10,572] {scheduler_job.py:639} INFO - DAG(s) dict_keys(['example_bash_operator']) retrieved from /home/airflow/.local/lib/python3.6/site-packages/airflow/example_dags/example_bash_operator.py
[2021-05-26 10:20:10,621] {logging_mixin.py:104} INFO - [2021-05-26 10:20:10,621] {dag.py:1824} INFO - Sync 1 DAGs
[2021-05-26 10:20:10,662] {logging_mixin.py:104} INFO - [2021-05-26 10:20:10,662] {dag.py:2280} INFO - Setting next_dagrun for example_bash_operator to 2021-05-24 00:00:00+00:00
[2021-05-26 10:20:10,685] {scheduler_job.py:190} INFO - Processing /home/airflow/.local/lib/python3.6/site-packages/airflow/example_dags/example_bash_operator.py took 0.159 seconds
[2021-05-26 10:20:40,851] {scheduler_job.py:182} INFO - Started process (PID=617) to work on /home/airflow/.local/lib/python3.6/site-packages/airflow/example_dags/example_bash_operator.py
[2021-05-26 10:20:40,855] {scheduler_job.py:629} INFO - Processing file /home/airflow/.local/lib/python3.6/site-packages/airflow/example_dags/example_bash_operator.py for tasks to queue
[2021-05-26 10:20:40,857] {logging_mixin.py:104} INFO - [2021-05-26 10:20:40,857] {dagbag.py:451} INFO - Filling up the DagBag from /home/airflow/.local/lib/python3.6/site-packages/airflow/example_dags/example_bash_operator.py
[2021-05-26 10:20:40,892] {scheduler_job.py:639} INFO - DAG(s) dict_keys(['example_bash_operator']) retrieved from /home/airflow/.local/lib/python3.6/site-packages/airflow/example_dags/example_bash_operator.py
[2021-05-26 10:20:40,942] {logging_mixin.py:104} INFO - [2021-05-26 10:20:40,942] {dag.py:1824} INFO - Sync 1 DAGs
[2021-05-26 10:20:41,054] {logging_mixin.py:104} INFO - [2021-05-26 10:20:41,053] {dag.py:2280} INFO - Setting next_dagrun for example_bash_operator to 2021-05-24 00:00:00+00:00
[2021-05-26 10:20:41,083] {scheduler_job.py:190} INFO - Processing /home/airflow/.local/lib/python3.6/site-packages/airflow/example_dags/example_bash_operator.py took 0.238 seconds
[2021-05-26 10:21:11,297] {scheduler_job.py:182} INFO - Started process (PID=644) to work on /home/airflow/.local/lib/python3.6/site-packages/airflow/example_dags/example_bash_operator.py
[2021-05-26 10:21:11,300] {scheduler_job.py:629} INFO - Processing file /home/airflow/.local/lib/python3.6/site-packages/airflow/example_dags/example_bash_operator.py for tasks to queue
[2021-05-26 10:21:11,302] {logging_mixin.py:104} INFO - [2021-05-26 10:21:11,301] {dagbag.py:451} INFO - Filling up the DagBag from /home/airflow/.local/lib/python3.6/site-packages/airflow/example_dags/example_bash_operator.py
[2021-05-26 10:21:11,336] {scheduler_job.py:639} INFO - DAG(s) dict_keys(['example_bash_operator']) retrieved from /home/airflow/.local/lib/python3.6/site-packages/airflow/example_dags/example_bash_operator.py
[2021-05-26 10:21:11,385] {logging_mixin.py:104} INFO - [2021-05-26 10:21:11,385] {dag.py:1824} INFO - Sync 1 DAGs
[2021-05-26 10:21:11,428] {logging_mixin.py:104} INFO - [2021-05-26 10:21:11,427] {dag.py:2280} INFO - Setting next_dagrun for example_bash_operator to 2021-05-24 00:00:00+00:00
[2021-05-26 10:21:11,466] {scheduler_job.py:190} INFO - Processing /home/airflow/.local/lib/python3.6/site-packages/airflow/example_dags/example_bash_operator.py took 0.176 seconds
[2021-05-26 10:21:42,012] {scheduler_job.py:182} INFO - Started process (PID=671) to work on /home/airflow/.local/lib/python3.6/site-packages/airflow/example_dags/example_bash_operator.py
[2021-05-26 10:21:42,017] {scheduler_job.py:629} INFO - Processing file /home/airflow/.local/lib/python3.6/site-packages/airflow/example_dags/example_bash_operator.py for tasks to queue
[2021-05-26 10:21:42,020] {logging_mixin.py:104} INFO - [2021-05-26 10:21:42,020] {dagbag.py:451} INFO - Filling up the DagBag from /home/airflow/.local/lib/python3.6/site-packages/airflow/example_dags/example_bash_operator.py
[2021-05-26 10:21:42,049] {scheduler_job.py:639} INFO - DAG(s) dict_keys(['example_bash_operator']) retrieved from /home/airflow/.local/lib/python3.6/site-packages/airflow/example_dags/example_bash_operator.py
[2021-05-26 10:21:42,092] {logging_mixin.py:104} INFO - [2021-05-26 10:21:42,092] {dag.py:1824} INFO - Sync 1 DAGs
[2021-05-26 10:21:42,141] {logging_mixin.py:104} INFO - [2021-05-26 10:21:42,141] {dag.py:2280} INFO - Setting next_dagrun for example_bash_operator to 2021-05-24 00:00:00+00:00
[2021-05-26 10:21:42,166] {scheduler_job.py:190} INFO - Processing /home/airflow/.local/lib/python3.6/site-packages/airflow/example_dags/example_bash_operator.py took 0.162 seconds
[2021-05-26 10:22:12,570] {scheduler_job.py:182} INFO - Started process (PID=698) to work on /home/airflow/.local/lib/python3.6/site-packages/airflow/example_dags/example_bash_operator.py
[2021-05-26 10:22:12,577] {scheduler_job.py:629} INFO - Processing file /home/airflow/.local/lib/python3.6/site-packages/airflow/example_dags/example_bash_operator.py for tasks to queue
[2021-05-26 10:22:12,581] {logging_mixin.py:104} INFO - [2021-05-26 10:22:12,580] {dagbag.py:451} INFO - Filling up the DagBag from /home/airflow/.local/lib/python3.6/site-packages/airflow/example_dags/example_bash_operator.py
[2021-05-26 10:22:12,631] {scheduler_job.py:639} INFO - DAG(s) dict_keys(['example_bash_operator']) retrieved from /home/airflow/.local/lib/python3.6/site-packages/airflow/example_dags/example_bash_operator.py
[2021-05-26 10:22:12,745] {logging_mixin.py:104} INFO - [2021-05-26 10:22:12,744] {dag.py:1824} INFO - Sync 1 DAGs
[2021-05-26 10:22:12,854] {logging_mixin.py:104} INFO - [2021-05-26 10:22:12,854] {dag.py:2280} INFO - Setting next_dagrun for example_bash_operator to 2021-05-24 00:00:00+00:00
[2021-05-26 10:22:12,891] {scheduler_job.py:190} INFO - Processing /home/airflow/.local/lib/python3.6/site-packages/airflow/example_dags/example_bash_operator.py took 0.331 seconds
[2021-05-26 10:22:43,878] {scheduler_job.py:182} INFO - Started process (PID=725) to work on /home/airflow/.local/lib/python3.6/site-packages/airflow/example_dags/example_bash_operator.py
[2021-05-26 10:22:43,883] {scheduler_job.py:629} INFO - Processing file /home/airflow/.local/lib/python3.6/site-packages/airflow/example_dags/example_bash_operator.py for tasks to queue
[2021-05-26 10:22:43,886] {logging_mixin.py:104} INFO - [2021-05-26 10:22:43,886] {dagbag.py:451} INFO - Filling up the DagBag from /home/airflow/.local/lib/python3.6/site-packages/airflow/example_dags/example_bash_operator.py
[2021-05-26 10:22:43,938] {scheduler_job.py:639} INFO - DAG(s) dict_keys(['example_bash_operator']) retrieved from /home/airflow/.local/lib/python3.6/site-packages/airflow/example_dags/example_bash_operator.py
[2021-05-26 10:22:44,002] {logging_mixin.py:104} INFO - [2021-05-26 10:22:44,002] {dag.py:1824} INFO - Sync 1 DAGs
[2021-05-26 10:22:44,075] {logging_mixin.py:104} INFO - [2021-05-26 10:22:44,075] {dag.py:2280} INFO - Setting next_dagrun for example_bash_operator to 2021-05-24 00:00:00+00:00
[2021-05-26 10:22:44,120] {scheduler_job.py:190} INFO - Processing /home/airflow/.local/lib/python3.6/site-packages/airflow/example_dags/example_bash_operator.py took 0.252 seconds
