[2021-05-26 10:10:01,884] {scheduler_job.py:182} INFO - Started process (PID=56) to work on /home/airflow/.local/lib/python3.6/site-packages/airflow/example_dags/example_xcomargs.py
[2021-05-26 10:10:01,887] {scheduler_job.py:629} INFO - Processing file /home/airflow/.local/lib/python3.6/site-packages/airflow/example_dags/example_xcomargs.py for tasks to queue
[2021-05-26 10:10:01,900] {logging_mixin.py:104} INFO - [2021-05-26 10:10:01,899] {dagbag.py:451} INFO - Filling up the DagBag from /home/airflow/.local/lib/python3.6/site-packages/airflow/example_dags/example_xcomargs.py
[2021-05-26 10:10:01,975] {scheduler_job.py:639} INFO - DAG(s) dict_keys(['example_xcom_args', 'example_xcom_args_with_operators']) retrieved from /home/airflow/.local/lib/python3.6/site-packages/airflow/example_dags/example_xcomargs.py
[2021-05-26 10:10:02,195] {logging_mixin.py:104} INFO - [2021-05-26 10:10:02,195] {dag.py:1824} INFO - Sync 2 DAGs
[2021-05-26 10:10:02,285] {logging_mixin.py:104} INFO - [2021-05-26 10:10:02,285] {dag.py:2280} INFO - Setting next_dagrun for example_xcom_args to None
[2021-05-26 10:10:02,303] {logging_mixin.py:104} INFO - [2021-05-26 10:10:02,303] {dag.py:2280} INFO - Setting next_dagrun for example_xcom_args_with_operators to None
[2021-05-26 10:10:02,370] {scheduler_job.py:190} INFO - Processing /home/airflow/.local/lib/python3.6/site-packages/airflow/example_dags/example_xcomargs.py took 0.512 seconds
[2021-05-26 10:10:33,226] {scheduler_job.py:182} INFO - Started process (PID=82) to work on /home/airflow/.local/lib/python3.6/site-packages/airflow/example_dags/example_xcomargs.py
[2021-05-26 10:10:33,232] {scheduler_job.py:629} INFO - Processing file /home/airflow/.local/lib/python3.6/site-packages/airflow/example_dags/example_xcomargs.py for tasks to queue
[2021-05-26 10:10:33,235] {logging_mixin.py:104} INFO - [2021-05-26 10:10:33,235] {dagbag.py:451} INFO - Filling up the DagBag from /home/airflow/.local/lib/python3.6/site-packages/airflow/example_dags/example_xcomargs.py
[2021-05-26 10:10:33,290] {scheduler_job.py:639} INFO - DAG(s) dict_keys(['example_xcom_args', 'example_xcom_args_with_operators']) retrieved from /home/airflow/.local/lib/python3.6/site-packages/airflow/example_dags/example_xcomargs.py
[2021-05-26 10:10:33,386] {logging_mixin.py:104} INFO - [2021-05-26 10:10:33,385] {dag.py:1824} INFO - Sync 2 DAGs
[2021-05-26 10:10:33,439] {logging_mixin.py:104} INFO - [2021-05-26 10:10:33,439] {dag.py:2280} INFO - Setting next_dagrun for example_xcom_args to None
[2021-05-26 10:10:33,442] {logging_mixin.py:104} INFO - [2021-05-26 10:10:33,441] {dag.py:2280} INFO - Setting next_dagrun for example_xcom_args_with_operators to None
[2021-05-26 10:10:33,482] {scheduler_job.py:190} INFO - Processing /home/airflow/.local/lib/python3.6/site-packages/airflow/example_dags/example_xcomargs.py took 0.272 seconds
[2021-05-26 10:11:03,803] {scheduler_job.py:182} INFO - Started process (PID=109) to work on /home/airflow/.local/lib/python3.6/site-packages/airflow/example_dags/example_xcomargs.py
[2021-05-26 10:11:03,808] {scheduler_job.py:629} INFO - Processing file /home/airflow/.local/lib/python3.6/site-packages/airflow/example_dags/example_xcomargs.py for tasks to queue
[2021-05-26 10:11:03,810] {logging_mixin.py:104} INFO - [2021-05-26 10:11:03,810] {dagbag.py:451} INFO - Filling up the DagBag from /home/airflow/.local/lib/python3.6/site-packages/airflow/example_dags/example_xcomargs.py
[2021-05-26 10:11:03,853] {scheduler_job.py:639} INFO - DAG(s) dict_keys(['example_xcom_args', 'example_xcom_args_with_operators']) retrieved from /home/airflow/.local/lib/python3.6/site-packages/airflow/example_dags/example_xcomargs.py
[2021-05-26 10:11:03,911] {logging_mixin.py:104} INFO - [2021-05-26 10:11:03,911] {dag.py:1824} INFO - Sync 2 DAGs
[2021-05-26 10:11:03,946] {logging_mixin.py:104} INFO - [2021-05-26 10:11:03,945] {dag.py:2280} INFO - Setting next_dagrun for example_xcom_args to None
[2021-05-26 10:11:03,949] {logging_mixin.py:104} INFO - [2021-05-26 10:11:03,948] {dag.py:2280} INFO - Setting next_dagrun for example_xcom_args_with_operators to None
[2021-05-26 10:11:03,977] {scheduler_job.py:190} INFO - Processing /home/airflow/.local/lib/python3.6/site-packages/airflow/example_dags/example_xcomargs.py took 0.182 seconds
[2021-05-26 10:11:36,353] {scheduler_job.py:182} INFO - Started process (PID=138) to work on /home/airflow/.local/lib/python3.6/site-packages/airflow/example_dags/example_xcomargs.py
[2021-05-26 10:11:36,356] {scheduler_job.py:629} INFO - Processing file /home/airflow/.local/lib/python3.6/site-packages/airflow/example_dags/example_xcomargs.py for tasks to queue
[2021-05-26 10:11:36,357] {logging_mixin.py:104} INFO - [2021-05-26 10:11:36,357] {dagbag.py:451} INFO - Filling up the DagBag from /home/airflow/.local/lib/python3.6/site-packages/airflow/example_dags/example_xcomargs.py
[2021-05-26 10:11:36,387] {scheduler_job.py:639} INFO - DAG(s) dict_keys(['example_xcom_args', 'example_xcom_args_with_operators']) retrieved from /home/airflow/.local/lib/python3.6/site-packages/airflow/example_dags/example_xcomargs.py
[2021-05-26 10:11:36,466] {logging_mixin.py:104} INFO - [2021-05-26 10:11:36,466] {dag.py:1824} INFO - Sync 2 DAGs
[2021-05-26 10:11:36,497] {logging_mixin.py:104} INFO - [2021-05-26 10:11:36,497] {dag.py:2280} INFO - Setting next_dagrun for example_xcom_args to None
[2021-05-26 10:11:36,499] {logging_mixin.py:104} INFO - [2021-05-26 10:11:36,499] {dag.py:2280} INFO - Setting next_dagrun for example_xcom_args_with_operators to None
[2021-05-26 10:11:36,526] {scheduler_job.py:190} INFO - Processing /home/airflow/.local/lib/python3.6/site-packages/airflow/example_dags/example_xcomargs.py took 0.180 seconds
[2021-05-26 10:12:07,118] {scheduler_job.py:182} INFO - Started process (PID=162) to work on /home/airflow/.local/lib/python3.6/site-packages/airflow/example_dags/example_xcomargs.py
[2021-05-26 10:12:07,120] {scheduler_job.py:629} INFO - Processing file /home/airflow/.local/lib/python3.6/site-packages/airflow/example_dags/example_xcomargs.py for tasks to queue
[2021-05-26 10:12:07,121] {logging_mixin.py:104} INFO - [2021-05-26 10:12:07,121] {dagbag.py:451} INFO - Filling up the DagBag from /home/airflow/.local/lib/python3.6/site-packages/airflow/example_dags/example_xcomargs.py
[2021-05-26 10:12:07,147] {scheduler_job.py:639} INFO - DAG(s) dict_keys(['example_xcom_args', 'example_xcom_args_with_operators']) retrieved from /home/airflow/.local/lib/python3.6/site-packages/airflow/example_dags/example_xcomargs.py
[2021-05-26 10:12:07,200] {logging_mixin.py:104} INFO - [2021-05-26 10:12:07,200] {dag.py:1824} INFO - Sync 2 DAGs
[2021-05-26 10:12:07,228] {logging_mixin.py:104} INFO - [2021-05-26 10:12:07,227] {dag.py:2280} INFO - Setting next_dagrun for example_xcom_args to None
[2021-05-26 10:12:07,229] {logging_mixin.py:104} INFO - [2021-05-26 10:12:07,229] {dag.py:2280} INFO - Setting next_dagrun for example_xcom_args_with_operators to None
[2021-05-26 10:12:07,310] {scheduler_job.py:190} INFO - Processing /home/airflow/.local/lib/python3.6/site-packages/airflow/example_dags/example_xcomargs.py took 0.196 seconds
[2021-05-26 10:12:37,775] {scheduler_job.py:182} INFO - Started process (PID=190) to work on /home/airflow/.local/lib/python3.6/site-packages/airflow/example_dags/example_xcomargs.py
[2021-05-26 10:12:37,780] {scheduler_job.py:629} INFO - Processing file /home/airflow/.local/lib/python3.6/site-packages/airflow/example_dags/example_xcomargs.py for tasks to queue
[2021-05-26 10:12:37,783] {logging_mixin.py:104} INFO - [2021-05-26 10:12:37,782] {dagbag.py:451} INFO - Filling up the DagBag from /home/airflow/.local/lib/python3.6/site-packages/airflow/example_dags/example_xcomargs.py
[2021-05-26 10:12:37,829] {scheduler_job.py:639} INFO - DAG(s) dict_keys(['example_xcom_args', 'example_xcom_args_with_operators']) retrieved from /home/airflow/.local/lib/python3.6/site-packages/airflow/example_dags/example_xcomargs.py
[2021-05-26 10:12:37,918] {logging_mixin.py:104} INFO - [2021-05-26 10:12:37,918] {dag.py:1824} INFO - Sync 2 DAGs
[2021-05-26 10:12:37,951] {logging_mixin.py:104} INFO - [2021-05-26 10:12:37,951] {dag.py:2280} INFO - Setting next_dagrun for example_xcom_args to None
[2021-05-26 10:12:37,954] {logging_mixin.py:104} INFO - [2021-05-26 10:12:37,953] {dag.py:2280} INFO - Setting next_dagrun for example_xcom_args_with_operators to None
[2021-05-26 10:12:37,979] {scheduler_job.py:190} INFO - Processing /home/airflow/.local/lib/python3.6/site-packages/airflow/example_dags/example_xcomargs.py took 0.211 seconds
[2021-05-26 10:13:08,921] {scheduler_job.py:182} INFO - Started process (PID=219) to work on /home/airflow/.local/lib/python3.6/site-packages/airflow/example_dags/example_xcomargs.py
[2021-05-26 10:13:08,924] {scheduler_job.py:629} INFO - Processing file /home/airflow/.local/lib/python3.6/site-packages/airflow/example_dags/example_xcomargs.py for tasks to queue
[2021-05-26 10:13:08,926] {logging_mixin.py:104} INFO - [2021-05-26 10:13:08,926] {dagbag.py:451} INFO - Filling up the DagBag from /home/airflow/.local/lib/python3.6/site-packages/airflow/example_dags/example_xcomargs.py
[2021-05-26 10:13:08,948] {scheduler_job.py:639} INFO - DAG(s) dict_keys(['example_xcom_args', 'example_xcom_args_with_operators']) retrieved from /home/airflow/.local/lib/python3.6/site-packages/airflow/example_dags/example_xcomargs.py
[2021-05-26 10:13:08,997] {logging_mixin.py:104} INFO - [2021-05-26 10:13:08,997] {dag.py:1824} INFO - Sync 2 DAGs
[2021-05-26 10:13:09,024] {logging_mixin.py:104} INFO - [2021-05-26 10:13:09,023] {dag.py:2280} INFO - Setting next_dagrun for example_xcom_args to None
[2021-05-26 10:13:09,026] {logging_mixin.py:104} INFO - [2021-05-26 10:13:09,025] {dag.py:2280} INFO - Setting next_dagrun for example_xcom_args_with_operators to None
[2021-05-26 10:13:09,049] {scheduler_job.py:190} INFO - Processing /home/airflow/.local/lib/python3.6/site-packages/airflow/example_dags/example_xcomargs.py took 0.132 seconds
[2021-05-26 10:13:40,021] {scheduler_job.py:182} INFO - Started process (PID=246) to work on /home/airflow/.local/lib/python3.6/site-packages/airflow/example_dags/example_xcomargs.py
[2021-05-26 10:13:40,023] {scheduler_job.py:629} INFO - Processing file /home/airflow/.local/lib/python3.6/site-packages/airflow/example_dags/example_xcomargs.py for tasks to queue
[2021-05-26 10:13:40,024] {logging_mixin.py:104} INFO - [2021-05-26 10:13:40,024] {dagbag.py:451} INFO - Filling up the DagBag from /home/airflow/.local/lib/python3.6/site-packages/airflow/example_dags/example_xcomargs.py
[2021-05-26 10:13:40,050] {scheduler_job.py:639} INFO - DAG(s) dict_keys(['example_xcom_args', 'example_xcom_args_with_operators']) retrieved from /home/airflow/.local/lib/python3.6/site-packages/airflow/example_dags/example_xcomargs.py
[2021-05-26 10:13:40,090] {logging_mixin.py:104} INFO - [2021-05-26 10:13:40,090] {dag.py:1824} INFO - Sync 2 DAGs
[2021-05-26 10:13:40,111] {logging_mixin.py:104} INFO - [2021-05-26 10:13:40,111] {dag.py:2280} INFO - Setting next_dagrun for example_xcom_args to None
[2021-05-26 10:13:40,113] {logging_mixin.py:104} INFO - [2021-05-26 10:13:40,113] {dag.py:2280} INFO - Setting next_dagrun for example_xcom_args_with_operators to None
[2021-05-26 10:13:40,136] {scheduler_job.py:190} INFO - Processing /home/airflow/.local/lib/python3.6/site-packages/airflow/example_dags/example_xcomargs.py took 0.119 seconds
[2021-05-26 10:14:10,818] {scheduler_job.py:182} INFO - Started process (PID=278) to work on /home/airflow/.local/lib/python3.6/site-packages/airflow/example_dags/example_xcomargs.py
[2021-05-26 10:14:10,821] {scheduler_job.py:629} INFO - Processing file /home/airflow/.local/lib/python3.6/site-packages/airflow/example_dags/example_xcomargs.py for tasks to queue
[2021-05-26 10:14:10,824] {logging_mixin.py:104} INFO - [2021-05-26 10:14:10,823] {dagbag.py:451} INFO - Filling up the DagBag from /home/airflow/.local/lib/python3.6/site-packages/airflow/example_dags/example_xcomargs.py
[2021-05-26 10:14:10,875] {scheduler_job.py:639} INFO - DAG(s) dict_keys(['example_xcom_args', 'example_xcom_args_with_operators']) retrieved from /home/airflow/.local/lib/python3.6/site-packages/airflow/example_dags/example_xcomargs.py
[2021-05-26 10:14:10,953] {logging_mixin.py:104} INFO - [2021-05-26 10:14:10,953] {dag.py:1824} INFO - Sync 2 DAGs
[2021-05-26 10:14:10,998] {logging_mixin.py:104} INFO - [2021-05-26 10:14:10,998] {dag.py:2280} INFO - Setting next_dagrun for example_xcom_args to None
[2021-05-26 10:14:11,001] {logging_mixin.py:104} INFO - [2021-05-26 10:14:11,001] {dag.py:2280} INFO - Setting next_dagrun for example_xcom_args_with_operators to None
[2021-05-26 10:14:11,035] {scheduler_job.py:190} INFO - Processing /home/airflow/.local/lib/python3.6/site-packages/airflow/example_dags/example_xcomargs.py took 0.224 seconds
[2021-05-26 10:14:41,962] {scheduler_job.py:182} INFO - Started process (PID=315) to work on /home/airflow/.local/lib/python3.6/site-packages/airflow/example_dags/example_xcomargs.py
[2021-05-26 10:14:41,965] {scheduler_job.py:629} INFO - Processing file /home/airflow/.local/lib/python3.6/site-packages/airflow/example_dags/example_xcomargs.py for tasks to queue
[2021-05-26 10:14:41,967] {logging_mixin.py:104} INFO - [2021-05-26 10:14:41,967] {dagbag.py:451} INFO - Filling up the DagBag from /home/airflow/.local/lib/python3.6/site-packages/airflow/example_dags/example_xcomargs.py
[2021-05-26 10:14:42,011] {scheduler_job.py:639} INFO - DAG(s) dict_keys(['example_xcom_args', 'example_xcom_args_with_operators']) retrieved from /home/airflow/.local/lib/python3.6/site-packages/airflow/example_dags/example_xcomargs.py
[2021-05-26 10:14:42,059] {logging_mixin.py:104} INFO - [2021-05-26 10:14:42,059] {dag.py:1824} INFO - Sync 2 DAGs
[2021-05-26 10:14:42,080] {logging_mixin.py:104} INFO - [2021-05-26 10:14:42,080] {dag.py:2280} INFO - Setting next_dagrun for example_xcom_args to None
[2021-05-26 10:14:42,082] {logging_mixin.py:104} INFO - [2021-05-26 10:14:42,082] {dag.py:2280} INFO - Setting next_dagrun for example_xcom_args_with_operators to None
[2021-05-26 10:14:42,104] {scheduler_job.py:190} INFO - Processing /home/airflow/.local/lib/python3.6/site-packages/airflow/example_dags/example_xcomargs.py took 0.149 seconds
[2021-05-26 10:15:13,135] {scheduler_job.py:182} INFO - Started process (PID=342) to work on /home/airflow/.local/lib/python3.6/site-packages/airflow/example_dags/example_xcomargs.py
[2021-05-26 10:15:13,137] {scheduler_job.py:629} INFO - Processing file /home/airflow/.local/lib/python3.6/site-packages/airflow/example_dags/example_xcomargs.py for tasks to queue
[2021-05-26 10:15:13,138] {logging_mixin.py:104} INFO - [2021-05-26 10:15:13,138] {dagbag.py:451} INFO - Filling up the DagBag from /home/airflow/.local/lib/python3.6/site-packages/airflow/example_dags/example_xcomargs.py
[2021-05-26 10:15:13,161] {scheduler_job.py:639} INFO - DAG(s) dict_keys(['example_xcom_args', 'example_xcom_args_with_operators']) retrieved from /home/airflow/.local/lib/python3.6/site-packages/airflow/example_dags/example_xcomargs.py
[2021-05-26 10:15:13,201] {logging_mixin.py:104} INFO - [2021-05-26 10:15:13,201] {dag.py:1824} INFO - Sync 2 DAGs
[2021-05-26 10:15:13,224] {logging_mixin.py:104} INFO - [2021-05-26 10:15:13,224] {dag.py:2280} INFO - Setting next_dagrun for example_xcom_args to None
[2021-05-26 10:15:13,225] {logging_mixin.py:104} INFO - [2021-05-26 10:15:13,225] {dag.py:2280} INFO - Setting next_dagrun for example_xcom_args_with_operators to None
[2021-05-26 10:15:13,249] {scheduler_job.py:190} INFO - Processing /home/airflow/.local/lib/python3.6/site-packages/airflow/example_dags/example_xcomargs.py took 0.118 seconds
[2021-05-26 10:15:44,271] {scheduler_job.py:182} INFO - Started process (PID=369) to work on /home/airflow/.local/lib/python3.6/site-packages/airflow/example_dags/example_xcomargs.py
[2021-05-26 10:15:44,273] {scheduler_job.py:629} INFO - Processing file /home/airflow/.local/lib/python3.6/site-packages/airflow/example_dags/example_xcomargs.py for tasks to queue
[2021-05-26 10:15:44,275] {logging_mixin.py:104} INFO - [2021-05-26 10:15:44,274] {dagbag.py:451} INFO - Filling up the DagBag from /home/airflow/.local/lib/python3.6/site-packages/airflow/example_dags/example_xcomargs.py
[2021-05-26 10:15:44,298] {scheduler_job.py:639} INFO - DAG(s) dict_keys(['example_xcom_args', 'example_xcom_args_with_operators']) retrieved from /home/airflow/.local/lib/python3.6/site-packages/airflow/example_dags/example_xcomargs.py
[2021-05-26 10:15:44,340] {logging_mixin.py:104} INFO - [2021-05-26 10:15:44,339] {dag.py:1824} INFO - Sync 2 DAGs
[2021-05-26 10:15:44,364] {logging_mixin.py:104} INFO - [2021-05-26 10:15:44,363] {dag.py:2280} INFO - Setting next_dagrun for example_xcom_args to None
[2021-05-26 10:15:44,366] {logging_mixin.py:104} INFO - [2021-05-26 10:15:44,366] {dag.py:2280} INFO - Setting next_dagrun for example_xcom_args_with_operators to None
[2021-05-26 10:15:44,395] {scheduler_job.py:190} INFO - Processing /home/airflow/.local/lib/python3.6/site-packages/airflow/example_dags/example_xcomargs.py took 0.128 seconds
[2021-05-26 10:16:14,487] {scheduler_job.py:182} INFO - Started process (PID=396) to work on /home/airflow/.local/lib/python3.6/site-packages/airflow/example_dags/example_xcomargs.py
[2021-05-26 10:16:14,492] {scheduler_job.py:629} INFO - Processing file /home/airflow/.local/lib/python3.6/site-packages/airflow/example_dags/example_xcomargs.py for tasks to queue
[2021-05-26 10:16:14,493] {logging_mixin.py:104} INFO - [2021-05-26 10:16:14,493] {dagbag.py:451} INFO - Filling up the DagBag from /home/airflow/.local/lib/python3.6/site-packages/airflow/example_dags/example_xcomargs.py
[2021-05-26 10:16:14,517] {scheduler_job.py:639} INFO - DAG(s) dict_keys(['example_xcom_args', 'example_xcom_args_with_operators']) retrieved from /home/airflow/.local/lib/python3.6/site-packages/airflow/example_dags/example_xcomargs.py
[2021-05-26 10:16:14,570] {logging_mixin.py:104} INFO - [2021-05-26 10:16:14,570] {dag.py:1824} INFO - Sync 2 DAGs
[2021-05-26 10:16:14,597] {logging_mixin.py:104} INFO - [2021-05-26 10:16:14,597] {dag.py:2280} INFO - Setting next_dagrun for example_xcom_args to None
[2021-05-26 10:16:14,599] {logging_mixin.py:104} INFO - [2021-05-26 10:16:14,599] {dag.py:2280} INFO - Setting next_dagrun for example_xcom_args_with_operators to None
[2021-05-26 10:16:14,634] {scheduler_job.py:190} INFO - Processing /home/airflow/.local/lib/python3.6/site-packages/airflow/example_dags/example_xcomargs.py took 0.153 seconds
[2021-05-26 10:16:44,712] {scheduler_job.py:182} INFO - Started process (PID=423) to work on /home/airflow/.local/lib/python3.6/site-packages/airflow/example_dags/example_xcomargs.py
[2021-05-26 10:16:44,716] {scheduler_job.py:629} INFO - Processing file /home/airflow/.local/lib/python3.6/site-packages/airflow/example_dags/example_xcomargs.py for tasks to queue
[2021-05-26 10:16:44,717] {logging_mixin.py:104} INFO - [2021-05-26 10:16:44,717] {dagbag.py:451} INFO - Filling up the DagBag from /home/airflow/.local/lib/python3.6/site-packages/airflow/example_dags/example_xcomargs.py
[2021-05-26 10:16:44,746] {scheduler_job.py:639} INFO - DAG(s) dict_keys(['example_xcom_args', 'example_xcom_args_with_operators']) retrieved from /home/airflow/.local/lib/python3.6/site-packages/airflow/example_dags/example_xcomargs.py
[2021-05-26 10:16:44,796] {logging_mixin.py:104} INFO - [2021-05-26 10:16:44,796] {dag.py:1824} INFO - Sync 2 DAGs
[2021-05-26 10:16:44,819] {logging_mixin.py:104} INFO - [2021-05-26 10:16:44,818] {dag.py:2280} INFO - Setting next_dagrun for example_xcom_args to None
[2021-05-26 10:16:44,820] {logging_mixin.py:104} INFO - [2021-05-26 10:16:44,820] {dag.py:2280} INFO - Setting next_dagrun for example_xcom_args_with_operators to None
[2021-05-26 10:16:44,842] {scheduler_job.py:190} INFO - Processing /home/airflow/.local/lib/python3.6/site-packages/airflow/example_dags/example_xcomargs.py took 0.135 seconds
[2021-05-26 10:17:15,806] {scheduler_job.py:182} INFO - Started process (PID=450) to work on /home/airflow/.local/lib/python3.6/site-packages/airflow/example_dags/example_xcomargs.py
[2021-05-26 10:17:15,813] {scheduler_job.py:629} INFO - Processing file /home/airflow/.local/lib/python3.6/site-packages/airflow/example_dags/example_xcomargs.py for tasks to queue
[2021-05-26 10:17:15,815] {logging_mixin.py:104} INFO - [2021-05-26 10:17:15,815] {dagbag.py:451} INFO - Filling up the DagBag from /home/airflow/.local/lib/python3.6/site-packages/airflow/example_dags/example_xcomargs.py
[2021-05-26 10:17:15,834] {scheduler_job.py:639} INFO - DAG(s) dict_keys(['example_xcom_args', 'example_xcom_args_with_operators']) retrieved from /home/airflow/.local/lib/python3.6/site-packages/airflow/example_dags/example_xcomargs.py
[2021-05-26 10:17:15,876] {logging_mixin.py:104} INFO - [2021-05-26 10:17:15,876] {dag.py:1824} INFO - Sync 2 DAGs
[2021-05-26 10:17:15,900] {logging_mixin.py:104} INFO - [2021-05-26 10:17:15,900] {dag.py:2280} INFO - Setting next_dagrun for example_xcom_args to None
[2021-05-26 10:17:15,902] {logging_mixin.py:104} INFO - [2021-05-26 10:17:15,902] {dag.py:2280} INFO - Setting next_dagrun for example_xcom_args_with_operators to None
[2021-05-26 10:17:15,925] {scheduler_job.py:190} INFO - Processing /home/airflow/.local/lib/python3.6/site-packages/airflow/example_dags/example_xcomargs.py took 0.124 seconds
[2021-05-26 10:17:46,490] {scheduler_job.py:182} INFO - Started process (PID=477) to work on /home/airflow/.local/lib/python3.6/site-packages/airflow/example_dags/example_xcomargs.py
[2021-05-26 10:17:46,492] {scheduler_job.py:629} INFO - Processing file /home/airflow/.local/lib/python3.6/site-packages/airflow/example_dags/example_xcomargs.py for tasks to queue
[2021-05-26 10:17:46,498] {logging_mixin.py:104} INFO - [2021-05-26 10:17:46,497] {dagbag.py:451} INFO - Filling up the DagBag from /home/airflow/.local/lib/python3.6/site-packages/airflow/example_dags/example_xcomargs.py
[2021-05-26 10:17:46,516] {scheduler_job.py:639} INFO - DAG(s) dict_keys(['example_xcom_args', 'example_xcom_args_with_operators']) retrieved from /home/airflow/.local/lib/python3.6/site-packages/airflow/example_dags/example_xcomargs.py
[2021-05-26 10:17:46,560] {logging_mixin.py:104} INFO - [2021-05-26 10:17:46,560] {dag.py:1824} INFO - Sync 2 DAGs
[2021-05-26 10:17:46,581] {logging_mixin.py:104} INFO - [2021-05-26 10:17:46,581] {dag.py:2280} INFO - Setting next_dagrun for example_xcom_args to None
[2021-05-26 10:17:46,582] {logging_mixin.py:104} INFO - [2021-05-26 10:17:46,582] {dag.py:2280} INFO - Setting next_dagrun for example_xcom_args_with_operators to None
[2021-05-26 10:17:46,608] {scheduler_job.py:190} INFO - Processing /home/airflow/.local/lib/python3.6/site-packages/airflow/example_dags/example_xcomargs.py took 0.121 seconds
[2021-05-26 10:18:17,253] {scheduler_job.py:182} INFO - Started process (PID=504) to work on /home/airflow/.local/lib/python3.6/site-packages/airflow/example_dags/example_xcomargs.py
[2021-05-26 10:18:17,255] {scheduler_job.py:629} INFO - Processing file /home/airflow/.local/lib/python3.6/site-packages/airflow/example_dags/example_xcomargs.py for tasks to queue
[2021-05-26 10:18:17,256] {logging_mixin.py:104} INFO - [2021-05-26 10:18:17,256] {dagbag.py:451} INFO - Filling up the DagBag from /home/airflow/.local/lib/python3.6/site-packages/airflow/example_dags/example_xcomargs.py
[2021-05-26 10:18:17,276] {scheduler_job.py:639} INFO - DAG(s) dict_keys(['example_xcom_args', 'example_xcom_args_with_operators']) retrieved from /home/airflow/.local/lib/python3.6/site-packages/airflow/example_dags/example_xcomargs.py
[2021-05-26 10:18:17,318] {logging_mixin.py:104} INFO - [2021-05-26 10:18:17,318] {dag.py:1824} INFO - Sync 2 DAGs
[2021-05-26 10:18:17,345] {logging_mixin.py:104} INFO - [2021-05-26 10:18:17,344] {dag.py:2280} INFO - Setting next_dagrun for example_xcom_args to None
[2021-05-26 10:18:17,347] {logging_mixin.py:104} INFO - [2021-05-26 10:18:17,346] {dag.py:2280} INFO - Setting next_dagrun for example_xcom_args_with_operators to None
[2021-05-26 10:18:17,372] {scheduler_job.py:190} INFO - Processing /home/airflow/.local/lib/python3.6/site-packages/airflow/example_dags/example_xcomargs.py took 0.123 seconds
[2021-05-26 10:18:47,886] {scheduler_job.py:182} INFO - Started process (PID=531) to work on /home/airflow/.local/lib/python3.6/site-packages/airflow/example_dags/example_xcomargs.py
[2021-05-26 10:18:47,887] {scheduler_job.py:629} INFO - Processing file /home/airflow/.local/lib/python3.6/site-packages/airflow/example_dags/example_xcomargs.py for tasks to queue
[2021-05-26 10:18:47,889] {logging_mixin.py:104} INFO - [2021-05-26 10:18:47,888] {dagbag.py:451} INFO - Filling up the DagBag from /home/airflow/.local/lib/python3.6/site-packages/airflow/example_dags/example_xcomargs.py
[2021-05-26 10:18:47,904] {scheduler_job.py:639} INFO - DAG(s) dict_keys(['example_xcom_args', 'example_xcom_args_with_operators']) retrieved from /home/airflow/.local/lib/python3.6/site-packages/airflow/example_dags/example_xcomargs.py
[2021-05-26 10:18:47,937] {logging_mixin.py:104} INFO - [2021-05-26 10:18:47,937] {dag.py:1824} INFO - Sync 2 DAGs
[2021-05-26 10:18:47,963] {logging_mixin.py:104} INFO - [2021-05-26 10:18:47,962] {dag.py:2280} INFO - Setting next_dagrun for example_xcom_args to None
[2021-05-26 10:18:47,964] {logging_mixin.py:104} INFO - [2021-05-26 10:18:47,964] {dag.py:2280} INFO - Setting next_dagrun for example_xcom_args_with_operators to None
[2021-05-26 10:18:47,987] {scheduler_job.py:190} INFO - Processing /home/airflow/.local/lib/python3.6/site-packages/airflow/example_dags/example_xcomargs.py took 0.105 seconds
[2021-05-26 10:19:18,573] {scheduler_job.py:182} INFO - Started process (PID=558) to work on /home/airflow/.local/lib/python3.6/site-packages/airflow/example_dags/example_xcomargs.py
[2021-05-26 10:19:18,574] {scheduler_job.py:629} INFO - Processing file /home/airflow/.local/lib/python3.6/site-packages/airflow/example_dags/example_xcomargs.py for tasks to queue
[2021-05-26 10:19:18,576] {logging_mixin.py:104} INFO - [2021-05-26 10:19:18,576] {dagbag.py:451} INFO - Filling up the DagBag from /home/airflow/.local/lib/python3.6/site-packages/airflow/example_dags/example_xcomargs.py
[2021-05-26 10:19:18,590] {scheduler_job.py:639} INFO - DAG(s) dict_keys(['example_xcom_args', 'example_xcom_args_with_operators']) retrieved from /home/airflow/.local/lib/python3.6/site-packages/airflow/example_dags/example_xcomargs.py
[2021-05-26 10:19:18,628] {logging_mixin.py:104} INFO - [2021-05-26 10:19:18,628] {dag.py:1824} INFO - Sync 2 DAGs
[2021-05-26 10:19:18,649] {logging_mixin.py:104} INFO - [2021-05-26 10:19:18,649] {dag.py:2280} INFO - Setting next_dagrun for example_xcom_args to None
[2021-05-26 10:19:18,650] {logging_mixin.py:104} INFO - [2021-05-26 10:19:18,650] {dag.py:2280} INFO - Setting next_dagrun for example_xcom_args_with_operators to None
[2021-05-26 10:19:18,672] {scheduler_job.py:190} INFO - Processing /home/airflow/.local/lib/python3.6/site-packages/airflow/example_dags/example_xcomargs.py took 0.103 seconds
[2021-05-26 10:19:48,778] {scheduler_job.py:182} INFO - Started process (PID=585) to work on /home/airflow/.local/lib/python3.6/site-packages/airflow/example_dags/example_xcomargs.py
[2021-05-26 10:19:48,783] {scheduler_job.py:629} INFO - Processing file /home/airflow/.local/lib/python3.6/site-packages/airflow/example_dags/example_xcomargs.py for tasks to queue
[2021-05-26 10:19:48,786] {logging_mixin.py:104} INFO - [2021-05-26 10:19:48,785] {dagbag.py:451} INFO - Filling up the DagBag from /home/airflow/.local/lib/python3.6/site-packages/airflow/example_dags/example_xcomargs.py
[2021-05-26 10:19:48,831] {scheduler_job.py:639} INFO - DAG(s) dict_keys(['example_xcom_args', 'example_xcom_args_with_operators']) retrieved from /home/airflow/.local/lib/python3.6/site-packages/airflow/example_dags/example_xcomargs.py
[2021-05-26 10:19:48,903] {logging_mixin.py:104} INFO - [2021-05-26 10:19:48,902] {dag.py:1824} INFO - Sync 2 DAGs
[2021-05-26 10:19:48,942] {logging_mixin.py:104} INFO - [2021-05-26 10:19:48,941] {dag.py:2280} INFO - Setting next_dagrun for example_xcom_args to None
[2021-05-26 10:19:48,947] {logging_mixin.py:104} INFO - [2021-05-26 10:19:48,946] {dag.py:2280} INFO - Setting next_dagrun for example_xcom_args_with_operators to None
[2021-05-26 10:19:48,984] {scheduler_job.py:190} INFO - Processing /home/airflow/.local/lib/python3.6/site-packages/airflow/example_dags/example_xcomargs.py took 0.211 seconds
[2021-05-26 10:20:19,155] {scheduler_job.py:182} INFO - Started process (PID=612) to work on /home/airflow/.local/lib/python3.6/site-packages/airflow/example_dags/example_xcomargs.py
[2021-05-26 10:20:19,158] {scheduler_job.py:629} INFO - Processing file /home/airflow/.local/lib/python3.6/site-packages/airflow/example_dags/example_xcomargs.py for tasks to queue
[2021-05-26 10:20:19,160] {logging_mixin.py:104} INFO - [2021-05-26 10:20:19,160] {dagbag.py:451} INFO - Filling up the DagBag from /home/airflow/.local/lib/python3.6/site-packages/airflow/example_dags/example_xcomargs.py
[2021-05-26 10:20:19,188] {scheduler_job.py:639} INFO - DAG(s) dict_keys(['example_xcom_args', 'example_xcom_args_with_operators']) retrieved from /home/airflow/.local/lib/python3.6/site-packages/airflow/example_dags/example_xcomargs.py
[2021-05-26 10:20:19,246] {logging_mixin.py:104} INFO - [2021-05-26 10:20:19,246] {dag.py:1824} INFO - Sync 2 DAGs
[2021-05-26 10:20:19,274] {logging_mixin.py:104} INFO - [2021-05-26 10:20:19,274] {dag.py:2280} INFO - Setting next_dagrun for example_xcom_args to None
[2021-05-26 10:20:19,277] {logging_mixin.py:104} INFO - [2021-05-26 10:20:19,276] {dag.py:2280} INFO - Setting next_dagrun for example_xcom_args_with_operators to None
[2021-05-26 10:20:19,305] {scheduler_job.py:190} INFO - Processing /home/airflow/.local/lib/python3.6/site-packages/airflow/example_dags/example_xcomargs.py took 0.158 seconds
[2021-05-26 10:20:49,684] {scheduler_job.py:182} INFO - Started process (PID=639) to work on /home/airflow/.local/lib/python3.6/site-packages/airflow/example_dags/example_xcomargs.py
[2021-05-26 10:20:49,688] {scheduler_job.py:629} INFO - Processing file /home/airflow/.local/lib/python3.6/site-packages/airflow/example_dags/example_xcomargs.py for tasks to queue
[2021-05-26 10:20:49,691] {logging_mixin.py:104} INFO - [2021-05-26 10:20:49,690] {dagbag.py:451} INFO - Filling up the DagBag from /home/airflow/.local/lib/python3.6/site-packages/airflow/example_dags/example_xcomargs.py
[2021-05-26 10:20:49,729] {scheduler_job.py:639} INFO - DAG(s) dict_keys(['example_xcom_args', 'example_xcom_args_with_operators']) retrieved from /home/airflow/.local/lib/python3.6/site-packages/airflow/example_dags/example_xcomargs.py
[2021-05-26 10:20:49,809] {logging_mixin.py:104} INFO - [2021-05-26 10:20:49,809] {dag.py:1824} INFO - Sync 2 DAGs
[2021-05-26 10:20:49,855] {logging_mixin.py:104} INFO - [2021-05-26 10:20:49,855] {dag.py:2280} INFO - Setting next_dagrun for example_xcom_args to None
[2021-05-26 10:20:49,858] {logging_mixin.py:104} INFO - [2021-05-26 10:20:49,857] {dag.py:2280} INFO - Setting next_dagrun for example_xcom_args_with_operators to None
[2021-05-26 10:20:49,892] {scheduler_job.py:190} INFO - Processing /home/airflow/.local/lib/python3.6/site-packages/airflow/example_dags/example_xcomargs.py took 0.214 seconds
[2021-05-26 10:21:20,082] {scheduler_job.py:182} INFO - Started process (PID=666) to work on /home/airflow/.local/lib/python3.6/site-packages/airflow/example_dags/example_xcomargs.py
[2021-05-26 10:21:20,085] {scheduler_job.py:629} INFO - Processing file /home/airflow/.local/lib/python3.6/site-packages/airflow/example_dags/example_xcomargs.py for tasks to queue
[2021-05-26 10:21:20,088] {logging_mixin.py:104} INFO - [2021-05-26 10:21:20,087] {dagbag.py:451} INFO - Filling up the DagBag from /home/airflow/.local/lib/python3.6/site-packages/airflow/example_dags/example_xcomargs.py
[2021-05-26 10:21:20,120] {scheduler_job.py:639} INFO - DAG(s) dict_keys(['example_xcom_args', 'example_xcom_args_with_operators']) retrieved from /home/airflow/.local/lib/python3.6/site-packages/airflow/example_dags/example_xcomargs.py
[2021-05-26 10:21:20,191] {logging_mixin.py:104} INFO - [2021-05-26 10:21:20,190] {dag.py:1824} INFO - Sync 2 DAGs
[2021-05-26 10:21:20,228] {logging_mixin.py:104} INFO - [2021-05-26 10:21:20,228] {dag.py:2280} INFO - Setting next_dagrun for example_xcom_args to None
[2021-05-26 10:21:20,231] {logging_mixin.py:104} INFO - [2021-05-26 10:21:20,231] {dag.py:2280} INFO - Setting next_dagrun for example_xcom_args_with_operators to None
[2021-05-26 10:21:20,267] {scheduler_job.py:190} INFO - Processing /home/airflow/.local/lib/python3.6/site-packages/airflow/example_dags/example_xcomargs.py took 0.191 seconds
[2021-05-26 10:21:51,783] {scheduler_job.py:182} INFO - Started process (PID=694) to work on /home/airflow/.local/lib/python3.6/site-packages/airflow/example_dags/example_xcomargs.py
[2021-05-26 10:21:51,790] {scheduler_job.py:629} INFO - Processing file /home/airflow/.local/lib/python3.6/site-packages/airflow/example_dags/example_xcomargs.py for tasks to queue
[2021-05-26 10:21:51,800] {logging_mixin.py:104} INFO - [2021-05-26 10:21:51,794] {dagbag.py:451} INFO - Filling up the DagBag from /home/airflow/.local/lib/python3.6/site-packages/airflow/example_dags/example_xcomargs.py
[2021-05-26 10:21:51,855] {scheduler_job.py:639} INFO - DAG(s) dict_keys(['example_xcom_args', 'example_xcom_args_with_operators']) retrieved from /home/airflow/.local/lib/python3.6/site-packages/airflow/example_dags/example_xcomargs.py
[2021-05-26 10:21:51,985] {logging_mixin.py:104} INFO - [2021-05-26 10:21:51,985] {dag.py:1824} INFO - Sync 2 DAGs
[2021-05-26 10:21:52,049] {logging_mixin.py:104} INFO - [2021-05-26 10:21:52,049] {dag.py:2280} INFO - Setting next_dagrun for example_xcom_args to None
[2021-05-26 10:21:52,054] {logging_mixin.py:104} INFO - [2021-05-26 10:21:52,053] {dag.py:2280} INFO - Setting next_dagrun for example_xcom_args_with_operators to None
[2021-05-26 10:21:52,107] {scheduler_job.py:190} INFO - Processing /home/airflow/.local/lib/python3.6/site-packages/airflow/example_dags/example_xcomargs.py took 0.340 seconds
[2021-05-26 10:22:23,037] {scheduler_job.py:182} INFO - Started process (PID=721) to work on /home/airflow/.local/lib/python3.6/site-packages/airflow/example_dags/example_xcomargs.py
[2021-05-26 10:22:23,041] {scheduler_job.py:629} INFO - Processing file /home/airflow/.local/lib/python3.6/site-packages/airflow/example_dags/example_xcomargs.py for tasks to queue
[2021-05-26 10:22:23,045] {logging_mixin.py:104} INFO - [2021-05-26 10:22:23,043] {dagbag.py:451} INFO - Filling up the DagBag from /home/airflow/.local/lib/python3.6/site-packages/airflow/example_dags/example_xcomargs.py
[2021-05-26 10:22:23,086] {scheduler_job.py:639} INFO - DAG(s) dict_keys(['example_xcom_args', 'example_xcom_args_with_operators']) retrieved from /home/airflow/.local/lib/python3.6/site-packages/airflow/example_dags/example_xcomargs.py
[2021-05-26 10:22:23,169] {logging_mixin.py:104} INFO - [2021-05-26 10:22:23,169] {dag.py:1824} INFO - Sync 2 DAGs
[2021-05-26 10:22:23,210] {logging_mixin.py:104} INFO - [2021-05-26 10:22:23,209] {dag.py:2280} INFO - Setting next_dagrun for example_xcom_args to None
[2021-05-26 10:22:23,213] {logging_mixin.py:104} INFO - [2021-05-26 10:22:23,213] {dag.py:2280} INFO - Setting next_dagrun for example_xcom_args_with_operators to None
[2021-05-26 10:22:23,249] {scheduler_job.py:190} INFO - Processing /home/airflow/.local/lib/python3.6/site-packages/airflow/example_dags/example_xcomargs.py took 0.221 seconds
[2021-05-26 10:22:53,379] {scheduler_job.py:182} INFO - Started process (PID=748) to work on /home/airflow/.local/lib/python3.6/site-packages/airflow/example_dags/example_xcomargs.py
[2021-05-26 10:22:53,382] {scheduler_job.py:629} INFO - Processing file /home/airflow/.local/lib/python3.6/site-packages/airflow/example_dags/example_xcomargs.py for tasks to queue
[2021-05-26 10:22:53,385] {logging_mixin.py:104} INFO - [2021-05-26 10:22:53,385] {dagbag.py:451} INFO - Filling up the DagBag from /home/airflow/.local/lib/python3.6/site-packages/airflow/example_dags/example_xcomargs.py
[2021-05-26 10:22:53,421] {scheduler_job.py:639} INFO - DAG(s) dict_keys(['example_xcom_args', 'example_xcom_args_with_operators']) retrieved from /home/airflow/.local/lib/python3.6/site-packages/airflow/example_dags/example_xcomargs.py
[2021-05-26 10:22:53,535] {logging_mixin.py:104} INFO - [2021-05-26 10:22:53,534] {dag.py:1824} INFO - Sync 2 DAGs
[2021-05-26 10:22:53,607] {logging_mixin.py:104} INFO - [2021-05-26 10:22:53,606] {dag.py:2280} INFO - Setting next_dagrun for example_xcom_args to None
[2021-05-26 10:22:53,609] {logging_mixin.py:104} INFO - [2021-05-26 10:22:53,609] {dag.py:2280} INFO - Setting next_dagrun for example_xcom_args_with_operators to None
[2021-05-26 10:22:53,655] {scheduler_job.py:190} INFO - Processing /home/airflow/.local/lib/python3.6/site-packages/airflow/example_dags/example_xcomargs.py took 0.284 seconds
