[2021-05-26 10:09:59,459] {scheduler_job.py:182} INFO - Started process (PID=50) to work on /home/airflow/.local/lib/python3.6/site-packages/airflow/example_dags/example_branch_operator.py
[2021-05-26 10:09:59,463] {scheduler_job.py:629} INFO - Processing file /home/airflow/.local/lib/python3.6/site-packages/airflow/example_dags/example_branch_operator.py for tasks to queue
[2021-05-26 10:09:59,465] {logging_mixin.py:104} INFO - [2021-05-26 10:09:59,465] {dagbag.py:451} INFO - Filling up the DagBag from /home/airflow/.local/lib/python3.6/site-packages/airflow/example_dags/example_branch_operator.py
[2021-05-26 10:09:59,564] {scheduler_job.py:639} INFO - DAG(s) dict_keys(['example_branch_operator']) retrieved from /home/airflow/.local/lib/python3.6/site-packages/airflow/example_dags/example_branch_operator.py
[2021-05-26 10:09:59,694] {logging_mixin.py:104} INFO - [2021-05-26 10:09:59,694] {dag.py:1824} INFO - Sync 1 DAGs
[2021-05-26 10:09:59,889] {logging_mixin.py:104} INFO - [2021-05-26 10:09:59,889] {dag.py:2280} INFO - Setting next_dagrun for example_branch_operator to 2021-05-24 00:00:00+00:00
[2021-05-26 10:10:00,804] {scheduler_job.py:190} INFO - Processing /home/airflow/.local/lib/python3.6/site-packages/airflow/example_dags/example_branch_operator.py took 1.354 seconds
[2021-05-26 10:10:31,805] {scheduler_job.py:182} INFO - Started process (PID=78) to work on /home/airflow/.local/lib/python3.6/site-packages/airflow/example_dags/example_branch_operator.py
[2021-05-26 10:10:31,826] {scheduler_job.py:629} INFO - Processing file /home/airflow/.local/lib/python3.6/site-packages/airflow/example_dags/example_branch_operator.py for tasks to queue
[2021-05-26 10:10:31,834] {logging_mixin.py:104} INFO - [2021-05-26 10:10:31,833] {dagbag.py:451} INFO - Filling up the DagBag from /home/airflow/.local/lib/python3.6/site-packages/airflow/example_dags/example_branch_operator.py
[2021-05-26 10:10:31,903] {scheduler_job.py:639} INFO - DAG(s) dict_keys(['example_branch_operator']) retrieved from /home/airflow/.local/lib/python3.6/site-packages/airflow/example_dags/example_branch_operator.py
[2021-05-26 10:10:32,100] {logging_mixin.py:104} INFO - [2021-05-26 10:10:32,100] {dag.py:1824} INFO - Sync 1 DAGs
[2021-05-26 10:10:32,262] {logging_mixin.py:104} INFO - [2021-05-26 10:10:32,262] {dag.py:2280} INFO - Setting next_dagrun for example_branch_operator to 2021-05-24 00:00:00+00:00
[2021-05-26 10:10:32,339] {scheduler_job.py:190} INFO - Processing /home/airflow/.local/lib/python3.6/site-packages/airflow/example_dags/example_branch_operator.py took 0.545 seconds
[2021-05-26 10:11:03,523] {scheduler_job.py:182} INFO - Started process (PID=106) to work on /home/airflow/.local/lib/python3.6/site-packages/airflow/example_dags/example_branch_operator.py
[2021-05-26 10:11:03,527] {scheduler_job.py:629} INFO - Processing file /home/airflow/.local/lib/python3.6/site-packages/airflow/example_dags/example_branch_operator.py for tasks to queue
[2021-05-26 10:11:03,529] {logging_mixin.py:104} INFO - [2021-05-26 10:11:03,528] {dagbag.py:451} INFO - Filling up the DagBag from /home/airflow/.local/lib/python3.6/site-packages/airflow/example_dags/example_branch_operator.py
[2021-05-26 10:11:03,573] {scheduler_job.py:639} INFO - DAG(s) dict_keys(['example_branch_operator']) retrieved from /home/airflow/.local/lib/python3.6/site-packages/airflow/example_dags/example_branch_operator.py
[2021-05-26 10:11:03,638] {logging_mixin.py:104} INFO - [2021-05-26 10:11:03,638] {dag.py:1824} INFO - Sync 1 DAGs
[2021-05-26 10:11:03,693] {logging_mixin.py:104} INFO - [2021-05-26 10:11:03,693] {dag.py:2280} INFO - Setting next_dagrun for example_branch_operator to 2021-05-24 00:00:00+00:00
[2021-05-26 10:11:03,716] {scheduler_job.py:190} INFO - Processing /home/airflow/.local/lib/python3.6/site-packages/airflow/example_dags/example_branch_operator.py took 0.199 seconds
[2021-05-26 10:11:34,025] {scheduler_job.py:182} INFO - Started process (PID=123) to work on /home/airflow/.local/lib/python3.6/site-packages/airflow/example_dags/example_branch_operator.py
[2021-05-26 10:11:34,028] {scheduler_job.py:629} INFO - Processing file /home/airflow/.local/lib/python3.6/site-packages/airflow/example_dags/example_branch_operator.py for tasks to queue
[2021-05-26 10:11:34,030] {logging_mixin.py:104} INFO - [2021-05-26 10:11:34,030] {dagbag.py:451} INFO - Filling up the DagBag from /home/airflow/.local/lib/python3.6/site-packages/airflow/example_dags/example_branch_operator.py
[2021-05-26 10:11:34,066] {scheduler_job.py:639} INFO - DAG(s) dict_keys(['example_branch_operator']) retrieved from /home/airflow/.local/lib/python3.6/site-packages/airflow/example_dags/example_branch_operator.py
[2021-05-26 10:11:34,122] {logging_mixin.py:104} INFO - [2021-05-26 10:11:34,122] {dag.py:1824} INFO - Sync 1 DAGs
[2021-05-26 10:11:34,276] {logging_mixin.py:104} INFO - [2021-05-26 10:11:34,276] {dag.py:2280} INFO - Setting next_dagrun for example_branch_operator to 2021-05-24 00:00:00+00:00
[2021-05-26 10:11:34,376] {scheduler_job.py:190} INFO - Processing /home/airflow/.local/lib/python3.6/site-packages/airflow/example_dags/example_branch_operator.py took 0.355 seconds
[2021-05-26 10:12:04,632] {scheduler_job.py:182} INFO - Started process (PID=148) to work on /home/airflow/.local/lib/python3.6/site-packages/airflow/example_dags/example_branch_operator.py
[2021-05-26 10:12:04,635] {scheduler_job.py:629} INFO - Processing file /home/airflow/.local/lib/python3.6/site-packages/airflow/example_dags/example_branch_operator.py for tasks to queue
[2021-05-26 10:12:04,636] {logging_mixin.py:104} INFO - [2021-05-26 10:12:04,636] {dagbag.py:451} INFO - Filling up the DagBag from /home/airflow/.local/lib/python3.6/site-packages/airflow/example_dags/example_branch_operator.py
[2021-05-26 10:12:04,766] {scheduler_job.py:639} INFO - DAG(s) dict_keys(['example_branch_operator']) retrieved from /home/airflow/.local/lib/python3.6/site-packages/airflow/example_dags/example_branch_operator.py
[2021-05-26 10:12:05,092] {logging_mixin.py:104} INFO - [2021-05-26 10:12:05,091] {dag.py:1824} INFO - Sync 1 DAGs
[2021-05-26 10:12:05,223] {logging_mixin.py:104} INFO - [2021-05-26 10:12:05,222] {dag.py:2280} INFO - Setting next_dagrun for example_branch_operator to 2021-05-24 00:00:00+00:00
[2021-05-26 10:12:05,387] {scheduler_job.py:190} INFO - Processing /home/airflow/.local/lib/python3.6/site-packages/airflow/example_dags/example_branch_operator.py took 0.761 seconds
[2021-05-26 10:12:35,628] {scheduler_job.py:182} INFO - Started process (PID=175) to work on /home/airflow/.local/lib/python3.6/site-packages/airflow/example_dags/example_branch_operator.py
[2021-05-26 10:12:35,632] {scheduler_job.py:629} INFO - Processing file /home/airflow/.local/lib/python3.6/site-packages/airflow/example_dags/example_branch_operator.py for tasks to queue
[2021-05-26 10:12:35,634] {logging_mixin.py:104} INFO - [2021-05-26 10:12:35,634] {dagbag.py:451} INFO - Filling up the DagBag from /home/airflow/.local/lib/python3.6/site-packages/airflow/example_dags/example_branch_operator.py
[2021-05-26 10:12:35,695] {scheduler_job.py:639} INFO - DAG(s) dict_keys(['example_branch_operator']) retrieved from /home/airflow/.local/lib/python3.6/site-packages/airflow/example_dags/example_branch_operator.py
[2021-05-26 10:12:35,749] {logging_mixin.py:104} INFO - [2021-05-26 10:12:35,749] {dag.py:1824} INFO - Sync 1 DAGs
[2021-05-26 10:12:35,806] {logging_mixin.py:104} INFO - [2021-05-26 10:12:35,806] {dag.py:2280} INFO - Setting next_dagrun for example_branch_operator to 2021-05-24 00:00:00+00:00
[2021-05-26 10:12:35,834] {scheduler_job.py:190} INFO - Processing /home/airflow/.local/lib/python3.6/site-packages/airflow/example_dags/example_branch_operator.py took 0.212 seconds
[2021-05-26 10:13:05,954] {scheduler_job.py:182} INFO - Started process (PID=203) to work on /home/airflow/.local/lib/python3.6/site-packages/airflow/example_dags/example_branch_operator.py
[2021-05-26 10:13:05,956] {scheduler_job.py:629} INFO - Processing file /home/airflow/.local/lib/python3.6/site-packages/airflow/example_dags/example_branch_operator.py for tasks to queue
[2021-05-26 10:13:05,958] {logging_mixin.py:104} INFO - [2021-05-26 10:13:05,958] {dagbag.py:451} INFO - Filling up the DagBag from /home/airflow/.local/lib/python3.6/site-packages/airflow/example_dags/example_branch_operator.py
[2021-05-26 10:13:05,999] {scheduler_job.py:639} INFO - DAG(s) dict_keys(['example_branch_operator']) retrieved from /home/airflow/.local/lib/python3.6/site-packages/airflow/example_dags/example_branch_operator.py
[2021-05-26 10:13:06,055] {logging_mixin.py:104} INFO - [2021-05-26 10:13:06,055] {dag.py:1824} INFO - Sync 1 DAGs
[2021-05-26 10:13:06,102] {logging_mixin.py:104} INFO - [2021-05-26 10:13:06,102] {dag.py:2280} INFO - Setting next_dagrun for example_branch_operator to 2021-05-24 00:00:00+00:00
[2021-05-26 10:13:06,124] {scheduler_job.py:190} INFO - Processing /home/airflow/.local/lib/python3.6/site-packages/airflow/example_dags/example_branch_operator.py took 0.186 seconds
[2021-05-26 10:13:36,194] {scheduler_job.py:182} INFO - Started process (PID=230) to work on /home/airflow/.local/lib/python3.6/site-packages/airflow/example_dags/example_branch_operator.py
[2021-05-26 10:13:36,196] {scheduler_job.py:629} INFO - Processing file /home/airflow/.local/lib/python3.6/site-packages/airflow/example_dags/example_branch_operator.py for tasks to queue
[2021-05-26 10:13:36,197] {logging_mixin.py:104} INFO - [2021-05-26 10:13:36,197] {dagbag.py:451} INFO - Filling up the DagBag from /home/airflow/.local/lib/python3.6/site-packages/airflow/example_dags/example_branch_operator.py
[2021-05-26 10:13:36,225] {scheduler_job.py:639} INFO - DAG(s) dict_keys(['example_branch_operator']) retrieved from /home/airflow/.local/lib/python3.6/site-packages/airflow/example_dags/example_branch_operator.py
[2021-05-26 10:13:36,275] {logging_mixin.py:104} INFO - [2021-05-26 10:13:36,274] {dag.py:1824} INFO - Sync 1 DAGs
[2021-05-26 10:13:36,316] {logging_mixin.py:104} INFO - [2021-05-26 10:13:36,316] {dag.py:2280} INFO - Setting next_dagrun for example_branch_operator to 2021-05-24 00:00:00+00:00
[2021-05-26 10:13:36,345] {scheduler_job.py:190} INFO - Processing /home/airflow/.local/lib/python3.6/site-packages/airflow/example_dags/example_branch_operator.py took 0.156 seconds
[2021-05-26 10:14:06,971] {scheduler_job.py:182} INFO - Started process (PID=256) to work on /home/airflow/.local/lib/python3.6/site-packages/airflow/example_dags/example_branch_operator.py
[2021-05-26 10:14:06,973] {scheduler_job.py:629} INFO - Processing file /home/airflow/.local/lib/python3.6/site-packages/airflow/example_dags/example_branch_operator.py for tasks to queue
[2021-05-26 10:14:06,974] {logging_mixin.py:104} INFO - [2021-05-26 10:14:06,974] {dagbag.py:451} INFO - Filling up the DagBag from /home/airflow/.local/lib/python3.6/site-packages/airflow/example_dags/example_branch_operator.py
[2021-05-26 10:14:07,005] {scheduler_job.py:639} INFO - DAG(s) dict_keys(['example_branch_operator']) retrieved from /home/airflow/.local/lib/python3.6/site-packages/airflow/example_dags/example_branch_operator.py
[2021-05-26 10:14:07,060] {logging_mixin.py:104} INFO - [2021-05-26 10:14:07,059] {dag.py:1824} INFO - Sync 1 DAGs
[2021-05-26 10:14:07,123] {logging_mixin.py:104} INFO - [2021-05-26 10:14:07,123] {dag.py:2280} INFO - Setting next_dagrun for example_branch_operator to 2021-05-24 00:00:00+00:00
[2021-05-26 10:14:07,149] {scheduler_job.py:190} INFO - Processing /home/airflow/.local/lib/python3.6/site-packages/airflow/example_dags/example_branch_operator.py took 0.183 seconds
[2021-05-26 10:14:37,452] {scheduler_job.py:182} INFO - Started process (PID=298) to work on /home/airflow/.local/lib/python3.6/site-packages/airflow/example_dags/example_branch_operator.py
[2021-05-26 10:14:37,454] {scheduler_job.py:629} INFO - Processing file /home/airflow/.local/lib/python3.6/site-packages/airflow/example_dags/example_branch_operator.py for tasks to queue
[2021-05-26 10:14:37,455] {logging_mixin.py:104} INFO - [2021-05-26 10:14:37,455] {dagbag.py:451} INFO - Filling up the DagBag from /home/airflow/.local/lib/python3.6/site-packages/airflow/example_dags/example_branch_operator.py
[2021-05-26 10:14:37,483] {scheduler_job.py:639} INFO - DAG(s) dict_keys(['example_branch_operator']) retrieved from /home/airflow/.local/lib/python3.6/site-packages/airflow/example_dags/example_branch_operator.py
[2021-05-26 10:14:37,511] {logging_mixin.py:104} INFO - [2021-05-26 10:14:37,511] {dag.py:1824} INFO - Sync 1 DAGs
[2021-05-26 10:14:37,543] {logging_mixin.py:104} INFO - [2021-05-26 10:14:37,543] {dag.py:2280} INFO - Setting next_dagrun for example_branch_operator to 2021-05-24 00:00:00+00:00
[2021-05-26 10:14:37,563] {scheduler_job.py:190} INFO - Processing /home/airflow/.local/lib/python3.6/site-packages/airflow/example_dags/example_branch_operator.py took 0.115 seconds
[2021-05-26 10:15:07,786] {scheduler_job.py:182} INFO - Started process (PID=325) to work on /home/airflow/.local/lib/python3.6/site-packages/airflow/example_dags/example_branch_operator.py
[2021-05-26 10:15:07,787] {scheduler_job.py:629} INFO - Processing file /home/airflow/.local/lib/python3.6/site-packages/airflow/example_dags/example_branch_operator.py for tasks to queue
[2021-05-26 10:15:07,788] {logging_mixin.py:104} INFO - [2021-05-26 10:15:07,788] {dagbag.py:451} INFO - Filling up the DagBag from /home/airflow/.local/lib/python3.6/site-packages/airflow/example_dags/example_branch_operator.py
[2021-05-26 10:15:07,807] {scheduler_job.py:639} INFO - DAG(s) dict_keys(['example_branch_operator']) retrieved from /home/airflow/.local/lib/python3.6/site-packages/airflow/example_dags/example_branch_operator.py
[2021-05-26 10:15:07,832] {logging_mixin.py:104} INFO - [2021-05-26 10:15:07,832] {dag.py:1824} INFO - Sync 1 DAGs
[2021-05-26 10:15:07,858] {logging_mixin.py:104} INFO - [2021-05-26 10:15:07,858] {dag.py:2280} INFO - Setting next_dagrun for example_branch_operator to 2021-05-24 00:00:00+00:00
[2021-05-26 10:15:07,874] {scheduler_job.py:190} INFO - Processing /home/airflow/.local/lib/python3.6/site-packages/airflow/example_dags/example_branch_operator.py took 0.092 seconds
[2021-05-26 10:15:38,753] {scheduler_job.py:182} INFO - Started process (PID=352) to work on /home/airflow/.local/lib/python3.6/site-packages/airflow/example_dags/example_branch_operator.py
[2021-05-26 10:15:38,755] {scheduler_job.py:629} INFO - Processing file /home/airflow/.local/lib/python3.6/site-packages/airflow/example_dags/example_branch_operator.py for tasks to queue
[2021-05-26 10:15:38,756] {logging_mixin.py:104} INFO - [2021-05-26 10:15:38,756] {dagbag.py:451} INFO - Filling up the DagBag from /home/airflow/.local/lib/python3.6/site-packages/airflow/example_dags/example_branch_operator.py
[2021-05-26 10:15:38,784] {scheduler_job.py:639} INFO - DAG(s) dict_keys(['example_branch_operator']) retrieved from /home/airflow/.local/lib/python3.6/site-packages/airflow/example_dags/example_branch_operator.py
[2021-05-26 10:15:38,821] {logging_mixin.py:104} INFO - [2021-05-26 10:15:38,821] {dag.py:1824} INFO - Sync 1 DAGs
[2021-05-26 10:15:38,857] {logging_mixin.py:104} INFO - [2021-05-26 10:15:38,856] {dag.py:2280} INFO - Setting next_dagrun for example_branch_operator to 2021-05-24 00:00:00+00:00
[2021-05-26 10:15:38,878] {scheduler_job.py:190} INFO - Processing /home/airflow/.local/lib/python3.6/site-packages/airflow/example_dags/example_branch_operator.py took 0.129 seconds
[2021-05-26 10:16:09,025] {scheduler_job.py:182} INFO - Started process (PID=379) to work on /home/airflow/.local/lib/python3.6/site-packages/airflow/example_dags/example_branch_operator.py
[2021-05-26 10:16:09,028] {scheduler_job.py:629} INFO - Processing file /home/airflow/.local/lib/python3.6/site-packages/airflow/example_dags/example_branch_operator.py for tasks to queue
[2021-05-26 10:16:09,029] {logging_mixin.py:104} INFO - [2021-05-26 10:16:09,029] {dagbag.py:451} INFO - Filling up the DagBag from /home/airflow/.local/lib/python3.6/site-packages/airflow/example_dags/example_branch_operator.py
[2021-05-26 10:16:09,053] {scheduler_job.py:639} INFO - DAG(s) dict_keys(['example_branch_operator']) retrieved from /home/airflow/.local/lib/python3.6/site-packages/airflow/example_dags/example_branch_operator.py
[2021-05-26 10:16:09,081] {logging_mixin.py:104} INFO - [2021-05-26 10:16:09,080] {dag.py:1824} INFO - Sync 1 DAGs
[2021-05-26 10:16:09,111] {logging_mixin.py:104} INFO - [2021-05-26 10:16:09,111] {dag.py:2280} INFO - Setting next_dagrun for example_branch_operator to 2021-05-24 00:00:00+00:00
[2021-05-26 10:16:09,127] {scheduler_job.py:190} INFO - Processing /home/airflow/.local/lib/python3.6/site-packages/airflow/example_dags/example_branch_operator.py took 0.106 seconds
[2021-05-26 10:16:39,566] {scheduler_job.py:182} INFO - Started process (PID=406) to work on /home/airflow/.local/lib/python3.6/site-packages/airflow/example_dags/example_branch_operator.py
[2021-05-26 10:16:39,570] {scheduler_job.py:629} INFO - Processing file /home/airflow/.local/lib/python3.6/site-packages/airflow/example_dags/example_branch_operator.py for tasks to queue
[2021-05-26 10:16:39,573] {logging_mixin.py:104} INFO - [2021-05-26 10:16:39,573] {dagbag.py:451} INFO - Filling up the DagBag from /home/airflow/.local/lib/python3.6/site-packages/airflow/example_dags/example_branch_operator.py
[2021-05-26 10:16:39,624] {scheduler_job.py:639} INFO - DAG(s) dict_keys(['example_branch_operator']) retrieved from /home/airflow/.local/lib/python3.6/site-packages/airflow/example_dags/example_branch_operator.py
[2021-05-26 10:16:39,665] {logging_mixin.py:104} INFO - [2021-05-26 10:16:39,665] {dag.py:1824} INFO - Sync 1 DAGs
[2021-05-26 10:16:39,709] {logging_mixin.py:104} INFO - [2021-05-26 10:16:39,709] {dag.py:2280} INFO - Setting next_dagrun for example_branch_operator to 2021-05-24 00:00:00+00:00
[2021-05-26 10:16:39,731] {scheduler_job.py:190} INFO - Processing /home/airflow/.local/lib/python3.6/site-packages/airflow/example_dags/example_branch_operator.py took 0.171 seconds
[2021-05-26 10:17:10,386] {scheduler_job.py:182} INFO - Started process (PID=433) to work on /home/airflow/.local/lib/python3.6/site-packages/airflow/example_dags/example_branch_operator.py
[2021-05-26 10:17:10,393] {scheduler_job.py:629} INFO - Processing file /home/airflow/.local/lib/python3.6/site-packages/airflow/example_dags/example_branch_operator.py for tasks to queue
[2021-05-26 10:17:10,394] {logging_mixin.py:104} INFO - [2021-05-26 10:17:10,394] {dagbag.py:451} INFO - Filling up the DagBag from /home/airflow/.local/lib/python3.6/site-packages/airflow/example_dags/example_branch_operator.py
[2021-05-26 10:17:10,411] {scheduler_job.py:639} INFO - DAG(s) dict_keys(['example_branch_operator']) retrieved from /home/airflow/.local/lib/python3.6/site-packages/airflow/example_dags/example_branch_operator.py
[2021-05-26 10:17:10,449] {logging_mixin.py:104} INFO - [2021-05-26 10:17:10,449] {dag.py:1824} INFO - Sync 1 DAGs
[2021-05-26 10:17:10,489] {logging_mixin.py:104} INFO - [2021-05-26 10:17:10,488] {dag.py:2280} INFO - Setting next_dagrun for example_branch_operator to 2021-05-24 00:00:00+00:00
[2021-05-26 10:17:10,515] {scheduler_job.py:190} INFO - Processing /home/airflow/.local/lib/python3.6/site-packages/airflow/example_dags/example_branch_operator.py took 0.132 seconds
[2021-05-26 10:17:41,395] {scheduler_job.py:182} INFO - Started process (PID=460) to work on /home/airflow/.local/lib/python3.6/site-packages/airflow/example_dags/example_branch_operator.py
[2021-05-26 10:17:41,398] {scheduler_job.py:629} INFO - Processing file /home/airflow/.local/lib/python3.6/site-packages/airflow/example_dags/example_branch_operator.py for tasks to queue
[2021-05-26 10:17:41,399] {logging_mixin.py:104} INFO - [2021-05-26 10:17:41,399] {dagbag.py:451} INFO - Filling up the DagBag from /home/airflow/.local/lib/python3.6/site-packages/airflow/example_dags/example_branch_operator.py
[2021-05-26 10:17:41,413] {scheduler_job.py:639} INFO - DAG(s) dict_keys(['example_branch_operator']) retrieved from /home/airflow/.local/lib/python3.6/site-packages/airflow/example_dags/example_branch_operator.py
[2021-05-26 10:17:41,444] {logging_mixin.py:104} INFO - [2021-05-26 10:17:41,444] {dag.py:1824} INFO - Sync 1 DAGs
[2021-05-26 10:17:41,474] {logging_mixin.py:104} INFO - [2021-05-26 10:17:41,474] {dag.py:2280} INFO - Setting next_dagrun for example_branch_operator to 2021-05-24 00:00:00+00:00
[2021-05-26 10:17:41,492] {scheduler_job.py:190} INFO - Processing /home/airflow/.local/lib/python3.6/site-packages/airflow/example_dags/example_branch_operator.py took 0.099 seconds
[2021-05-26 10:18:11,984] {scheduler_job.py:182} INFO - Started process (PID=487) to work on /home/airflow/.local/lib/python3.6/site-packages/airflow/example_dags/example_branch_operator.py
[2021-05-26 10:18:11,986] {scheduler_job.py:629} INFO - Processing file /home/airflow/.local/lib/python3.6/site-packages/airflow/example_dags/example_branch_operator.py for tasks to queue
[2021-05-26 10:18:11,987] {logging_mixin.py:104} INFO - [2021-05-26 10:18:11,987] {dagbag.py:451} INFO - Filling up the DagBag from /home/airflow/.local/lib/python3.6/site-packages/airflow/example_dags/example_branch_operator.py
[2021-05-26 10:18:12,003] {scheduler_job.py:639} INFO - DAG(s) dict_keys(['example_branch_operator']) retrieved from /home/airflow/.local/lib/python3.6/site-packages/airflow/example_dags/example_branch_operator.py
[2021-05-26 10:18:12,030] {logging_mixin.py:104} INFO - [2021-05-26 10:18:12,030] {dag.py:1824} INFO - Sync 1 DAGs
[2021-05-26 10:18:12,063] {logging_mixin.py:104} INFO - [2021-05-26 10:18:12,062] {dag.py:2280} INFO - Setting next_dagrun for example_branch_operator to 2021-05-24 00:00:00+00:00
[2021-05-26 10:18:12,080] {scheduler_job.py:190} INFO - Processing /home/airflow/.local/lib/python3.6/site-packages/airflow/example_dags/example_branch_operator.py took 0.099 seconds
[2021-05-26 10:18:42,774] {scheduler_job.py:182} INFO - Started process (PID=514) to work on /home/airflow/.local/lib/python3.6/site-packages/airflow/example_dags/example_branch_operator.py
[2021-05-26 10:18:42,775] {scheduler_job.py:629} INFO - Processing file /home/airflow/.local/lib/python3.6/site-packages/airflow/example_dags/example_branch_operator.py for tasks to queue
[2021-05-26 10:18:42,776] {logging_mixin.py:104} INFO - [2021-05-26 10:18:42,776] {dagbag.py:451} INFO - Filling up the DagBag from /home/airflow/.local/lib/python3.6/site-packages/airflow/example_dags/example_branch_operator.py
[2021-05-26 10:18:42,796] {scheduler_job.py:639} INFO - DAG(s) dict_keys(['example_branch_operator']) retrieved from /home/airflow/.local/lib/python3.6/site-packages/airflow/example_dags/example_branch_operator.py
[2021-05-26 10:18:42,832] {logging_mixin.py:104} INFO - [2021-05-26 10:18:42,832] {dag.py:1824} INFO - Sync 1 DAGs
[2021-05-26 10:18:42,863] {logging_mixin.py:104} INFO - [2021-05-26 10:18:42,863] {dag.py:2280} INFO - Setting next_dagrun for example_branch_operator to 2021-05-24 00:00:00+00:00
[2021-05-26 10:18:42,882] {scheduler_job.py:190} INFO - Processing /home/airflow/.local/lib/python3.6/site-packages/airflow/example_dags/example_branch_operator.py took 0.112 seconds
[2021-05-26 10:19:13,483] {scheduler_job.py:182} INFO - Started process (PID=541) to work on /home/airflow/.local/lib/python3.6/site-packages/airflow/example_dags/example_branch_operator.py
[2021-05-26 10:19:13,485] {scheduler_job.py:629} INFO - Processing file /home/airflow/.local/lib/python3.6/site-packages/airflow/example_dags/example_branch_operator.py for tasks to queue
[2021-05-26 10:19:13,486] {logging_mixin.py:104} INFO - [2021-05-26 10:19:13,486] {dagbag.py:451} INFO - Filling up the DagBag from /home/airflow/.local/lib/python3.6/site-packages/airflow/example_dags/example_branch_operator.py
[2021-05-26 10:19:13,507] {scheduler_job.py:639} INFO - DAG(s) dict_keys(['example_branch_operator']) retrieved from /home/airflow/.local/lib/python3.6/site-packages/airflow/example_dags/example_branch_operator.py
[2021-05-26 10:19:13,536] {logging_mixin.py:104} INFO - [2021-05-26 10:19:13,536] {dag.py:1824} INFO - Sync 1 DAGs
[2021-05-26 10:19:13,563] {logging_mixin.py:104} INFO - [2021-05-26 10:19:13,563] {dag.py:2280} INFO - Setting next_dagrun for example_branch_operator to 2021-05-24 00:00:00+00:00
[2021-05-26 10:19:13,580] {scheduler_job.py:190} INFO - Processing /home/airflow/.local/lib/python3.6/site-packages/airflow/example_dags/example_branch_operator.py took 0.101 seconds
[2021-05-26 10:19:43,983] {scheduler_job.py:182} INFO - Started process (PID=568) to work on /home/airflow/.local/lib/python3.6/site-packages/airflow/example_dags/example_branch_operator.py
[2021-05-26 10:19:43,986] {scheduler_job.py:629} INFO - Processing file /home/airflow/.local/lib/python3.6/site-packages/airflow/example_dags/example_branch_operator.py for tasks to queue
[2021-05-26 10:19:43,988] {logging_mixin.py:104} INFO - [2021-05-26 10:19:43,988] {dagbag.py:451} INFO - Filling up the DagBag from /home/airflow/.local/lib/python3.6/site-packages/airflow/example_dags/example_branch_operator.py
[2021-05-26 10:19:44,014] {scheduler_job.py:639} INFO - DAG(s) dict_keys(['example_branch_operator']) retrieved from /home/airflow/.local/lib/python3.6/site-packages/airflow/example_dags/example_branch_operator.py
[2021-05-26 10:19:44,072] {logging_mixin.py:104} INFO - [2021-05-26 10:19:44,072] {dag.py:1824} INFO - Sync 1 DAGs
[2021-05-26 10:19:44,132] {logging_mixin.py:104} INFO - [2021-05-26 10:19:44,131] {dag.py:2280} INFO - Setting next_dagrun for example_branch_operator to 2021-05-24 00:00:00+00:00
[2021-05-26 10:19:44,168] {scheduler_job.py:190} INFO - Processing /home/airflow/.local/lib/python3.6/site-packages/airflow/example_dags/example_branch_operator.py took 0.190 seconds
[2021-05-26 10:20:14,345] {scheduler_job.py:182} INFO - Started process (PID=595) to work on /home/airflow/.local/lib/python3.6/site-packages/airflow/example_dags/example_branch_operator.py
[2021-05-26 10:20:14,348] {scheduler_job.py:629} INFO - Processing file /home/airflow/.local/lib/python3.6/site-packages/airflow/example_dags/example_branch_operator.py for tasks to queue
[2021-05-26 10:20:14,351] {logging_mixin.py:104} INFO - [2021-05-26 10:20:14,351] {dagbag.py:451} INFO - Filling up the DagBag from /home/airflow/.local/lib/python3.6/site-packages/airflow/example_dags/example_branch_operator.py
[2021-05-26 10:20:14,381] {scheduler_job.py:639} INFO - DAG(s) dict_keys(['example_branch_operator']) retrieved from /home/airflow/.local/lib/python3.6/site-packages/airflow/example_dags/example_branch_operator.py
[2021-05-26 10:20:14,428] {logging_mixin.py:104} INFO - [2021-05-26 10:20:14,427] {dag.py:1824} INFO - Sync 1 DAGs
[2021-05-26 10:20:14,487] {logging_mixin.py:104} INFO - [2021-05-26 10:20:14,486] {dag.py:2280} INFO - Setting next_dagrun for example_branch_operator to 2021-05-24 00:00:00+00:00
[2021-05-26 10:20:14,519] {scheduler_job.py:190} INFO - Processing /home/airflow/.local/lib/python3.6/site-packages/airflow/example_dags/example_branch_operator.py took 0.181 seconds
[2021-05-26 10:20:45,559] {scheduler_job.py:182} INFO - Started process (PID=622) to work on /home/airflow/.local/lib/python3.6/site-packages/airflow/example_dags/example_branch_operator.py
[2021-05-26 10:20:45,565] {scheduler_job.py:629} INFO - Processing file /home/airflow/.local/lib/python3.6/site-packages/airflow/example_dags/example_branch_operator.py for tasks to queue
[2021-05-26 10:20:45,567] {logging_mixin.py:104} INFO - [2021-05-26 10:20:45,567] {dagbag.py:451} INFO - Filling up the DagBag from /home/airflow/.local/lib/python3.6/site-packages/airflow/example_dags/example_branch_operator.py
[2021-05-26 10:20:45,617] {scheduler_job.py:639} INFO - DAG(s) dict_keys(['example_branch_operator']) retrieved from /home/airflow/.local/lib/python3.6/site-packages/airflow/example_dags/example_branch_operator.py
[2021-05-26 10:20:45,697] {logging_mixin.py:104} INFO - [2021-05-26 10:20:45,696] {dag.py:1824} INFO - Sync 1 DAGs
[2021-05-26 10:20:45,770] {logging_mixin.py:104} INFO - [2021-05-26 10:20:45,770] {dag.py:2280} INFO - Setting next_dagrun for example_branch_operator to 2021-05-24 00:00:00+00:00
[2021-05-26 10:20:45,811] {scheduler_job.py:190} INFO - Processing /home/airflow/.local/lib/python3.6/site-packages/airflow/example_dags/example_branch_operator.py took 0.260 seconds
[2021-05-26 10:21:15,993] {scheduler_job.py:182} INFO - Started process (PID=649) to work on /home/airflow/.local/lib/python3.6/site-packages/airflow/example_dags/example_branch_operator.py
[2021-05-26 10:21:15,997] {scheduler_job.py:629} INFO - Processing file /home/airflow/.local/lib/python3.6/site-packages/airflow/example_dags/example_branch_operator.py for tasks to queue
[2021-05-26 10:21:16,000] {logging_mixin.py:104} INFO - [2021-05-26 10:21:15,999] {dagbag.py:451} INFO - Filling up the DagBag from /home/airflow/.local/lib/python3.6/site-packages/airflow/example_dags/example_branch_operator.py
[2021-05-26 10:21:16,045] {scheduler_job.py:639} INFO - DAG(s) dict_keys(['example_branch_operator']) retrieved from /home/airflow/.local/lib/python3.6/site-packages/airflow/example_dags/example_branch_operator.py
[2021-05-26 10:21:16,103] {logging_mixin.py:104} INFO - [2021-05-26 10:21:16,103] {dag.py:1824} INFO - Sync 1 DAGs
[2021-05-26 10:21:16,156] {logging_mixin.py:104} INFO - [2021-05-26 10:21:16,156] {dag.py:2280} INFO - Setting next_dagrun for example_branch_operator to 2021-05-24 00:00:00+00:00
[2021-05-26 10:21:16,189] {scheduler_job.py:190} INFO - Processing /home/airflow/.local/lib/python3.6/site-packages/airflow/example_dags/example_branch_operator.py took 0.203 seconds
[2021-05-26 10:21:46,756] {scheduler_job.py:182} INFO - Started process (PID=676) to work on /home/airflow/.local/lib/python3.6/site-packages/airflow/example_dags/example_branch_operator.py
[2021-05-26 10:21:46,760] {scheduler_job.py:629} INFO - Processing file /home/airflow/.local/lib/python3.6/site-packages/airflow/example_dags/example_branch_operator.py for tasks to queue
[2021-05-26 10:21:46,764] {logging_mixin.py:104} INFO - [2021-05-26 10:21:46,763] {dagbag.py:451} INFO - Filling up the DagBag from /home/airflow/.local/lib/python3.6/site-packages/airflow/example_dags/example_branch_operator.py
[2021-05-26 10:21:46,860] {scheduler_job.py:639} INFO - DAG(s) dict_keys(['example_branch_operator']) retrieved from /home/airflow/.local/lib/python3.6/site-packages/airflow/example_dags/example_branch_operator.py
[2021-05-26 10:21:46,999] {logging_mixin.py:104} INFO - [2021-05-26 10:21:46,998] {dag.py:1824} INFO - Sync 1 DAGs
[2021-05-26 10:21:47,091] {logging_mixin.py:104} INFO - [2021-05-26 10:21:47,091] {dag.py:2280} INFO - Setting next_dagrun for example_branch_operator to 2021-05-24 00:00:00+00:00
[2021-05-26 10:21:47,174] {scheduler_job.py:190} INFO - Processing /home/airflow/.local/lib/python3.6/site-packages/airflow/example_dags/example_branch_operator.py took 0.438 seconds
[2021-05-26 10:22:17,929] {scheduler_job.py:182} INFO - Started process (PID=704) to work on /home/airflow/.local/lib/python3.6/site-packages/airflow/example_dags/example_branch_operator.py
[2021-05-26 10:22:17,937] {scheduler_job.py:629} INFO - Processing file /home/airflow/.local/lib/python3.6/site-packages/airflow/example_dags/example_branch_operator.py for tasks to queue
[2021-05-26 10:22:17,941] {logging_mixin.py:104} INFO - [2021-05-26 10:22:17,940] {dagbag.py:451} INFO - Filling up the DagBag from /home/airflow/.local/lib/python3.6/site-packages/airflow/example_dags/example_branch_operator.py
[2021-05-26 10:22:18,009] {scheduler_job.py:639} INFO - DAG(s) dict_keys(['example_branch_operator']) retrieved from /home/airflow/.local/lib/python3.6/site-packages/airflow/example_dags/example_branch_operator.py
[2021-05-26 10:22:18,064] {logging_mixin.py:104} INFO - [2021-05-26 10:22:18,064] {dag.py:1824} INFO - Sync 1 DAGs
[2021-05-26 10:22:18,111] {logging_mixin.py:104} INFO - [2021-05-26 10:22:18,110] {dag.py:2280} INFO - Setting next_dagrun for example_branch_operator to 2021-05-24 00:00:00+00:00
[2021-05-26 10:22:18,145] {scheduler_job.py:190} INFO - Processing /home/airflow/.local/lib/python3.6/site-packages/airflow/example_dags/example_branch_operator.py took 0.226 seconds
[2021-05-26 10:22:48,346] {scheduler_job.py:182} INFO - Started process (PID=731) to work on /home/airflow/.local/lib/python3.6/site-packages/airflow/example_dags/example_branch_operator.py
[2021-05-26 10:22:48,350] {scheduler_job.py:629} INFO - Processing file /home/airflow/.local/lib/python3.6/site-packages/airflow/example_dags/example_branch_operator.py for tasks to queue
[2021-05-26 10:22:48,360] {logging_mixin.py:104} INFO - [2021-05-26 10:22:48,360] {dagbag.py:451} INFO - Filling up the DagBag from /home/airflow/.local/lib/python3.6/site-packages/airflow/example_dags/example_branch_operator.py
[2021-05-26 10:22:48,398] {scheduler_job.py:639} INFO - DAG(s) dict_keys(['example_branch_operator']) retrieved from /home/airflow/.local/lib/python3.6/site-packages/airflow/example_dags/example_branch_operator.py
[2021-05-26 10:22:48,454] {logging_mixin.py:104} INFO - [2021-05-26 10:22:48,454] {dag.py:1824} INFO - Sync 1 DAGs
[2021-05-26 10:22:48,499] {logging_mixin.py:104} INFO - [2021-05-26 10:22:48,499] {dag.py:2280} INFO - Setting next_dagrun for example_branch_operator to 2021-05-24 00:00:00+00:00
[2021-05-26 10:22:48,531] {scheduler_job.py:190} INFO - Processing /home/airflow/.local/lib/python3.6/site-packages/airflow/example_dags/example_branch_operator.py took 0.189 seconds
