[2021-05-26 10:09:55,905] {scheduler_job.py:182} INFO - Started process (PID=35) to work on /home/airflow/.local/lib/python3.6/site-packages/airflow/example_dags/example_kubernetes_executor_config.py
[2021-05-26 10:09:55,907] {scheduler_job.py:629} INFO - Processing file /home/airflow/.local/lib/python3.6/site-packages/airflow/example_dags/example_kubernetes_executor_config.py for tasks to queue
[2021-05-26 10:09:55,909] {logging_mixin.py:104} INFO - [2021-05-26 10:09:55,909] {dagbag.py:451} INFO - Filling up the DagBag from /home/airflow/.local/lib/python3.6/site-packages/airflow/example_dags/example_kubernetes_executor_config.py
[2021-05-26 10:09:55,939] {scheduler_job.py:639} INFO - DAG(s) dict_keys(['example_kubernetes_executor_config']) retrieved from /home/airflow/.local/lib/python3.6/site-packages/airflow/example_dags/example_kubernetes_executor_config.py
[2021-05-26 10:09:55,998] {logging_mixin.py:104} INFO - [2021-05-26 10:09:55,998] {dag.py:1824} INFO - Sync 1 DAGs
[2021-05-26 10:09:56,048] {logging_mixin.py:104} INFO - [2021-05-26 10:09:56,048] {dag.py:2280} INFO - Setting next_dagrun for example_kubernetes_executor_config to None
[2021-05-26 10:09:56,080] {scheduler_job.py:190} INFO - Processing /home/airflow/.local/lib/python3.6/site-packages/airflow/example_dags/example_kubernetes_executor_config.py took 0.180 seconds
[2021-05-26 10:10:26,465] {scheduler_job.py:182} INFO - Started process (PID=62) to work on /home/airflow/.local/lib/python3.6/site-packages/airflow/example_dags/example_kubernetes_executor_config.py
[2021-05-26 10:10:26,478] {scheduler_job.py:629} INFO - Processing file /home/airflow/.local/lib/python3.6/site-packages/airflow/example_dags/example_kubernetes_executor_config.py for tasks to queue
[2021-05-26 10:10:26,480] {logging_mixin.py:104} INFO - [2021-05-26 10:10:26,480] {dagbag.py:451} INFO - Filling up the DagBag from /home/airflow/.local/lib/python3.6/site-packages/airflow/example_dags/example_kubernetes_executor_config.py
[2021-05-26 10:10:26,514] {scheduler_job.py:639} INFO - DAG(s) dict_keys(['example_kubernetes_executor_config']) retrieved from /home/airflow/.local/lib/python3.6/site-packages/airflow/example_dags/example_kubernetes_executor_config.py
[2021-05-26 10:10:26,639] {logging_mixin.py:104} INFO - [2021-05-26 10:10:26,639] {dag.py:1824} INFO - Sync 1 DAGs
[2021-05-26 10:10:26,693] {logging_mixin.py:104} INFO - [2021-05-26 10:10:26,692] {dag.py:2280} INFO - Setting next_dagrun for example_kubernetes_executor_config to None
[2021-05-26 10:10:26,753] {scheduler_job.py:190} INFO - Processing /home/airflow/.local/lib/python3.6/site-packages/airflow/example_dags/example_kubernetes_executor_config.py took 0.296 seconds
[2021-05-26 10:10:57,838] {scheduler_job.py:182} INFO - Started process (PID=92) to work on /home/airflow/.local/lib/python3.6/site-packages/airflow/example_dags/example_kubernetes_executor_config.py
[2021-05-26 10:10:57,841] {scheduler_job.py:629} INFO - Processing file /home/airflow/.local/lib/python3.6/site-packages/airflow/example_dags/example_kubernetes_executor_config.py for tasks to queue
[2021-05-26 10:10:57,843] {logging_mixin.py:104} INFO - [2021-05-26 10:10:57,843] {dagbag.py:451} INFO - Filling up the DagBag from /home/airflow/.local/lib/python3.6/site-packages/airflow/example_dags/example_kubernetes_executor_config.py
[2021-05-26 10:10:57,868] {scheduler_job.py:639} INFO - DAG(s) dict_keys(['example_kubernetes_executor_config']) retrieved from /home/airflow/.local/lib/python3.6/site-packages/airflow/example_dags/example_kubernetes_executor_config.py
[2021-05-26 10:10:57,945] {logging_mixin.py:104} INFO - [2021-05-26 10:10:57,945] {dag.py:1824} INFO - Sync 1 DAGs
[2021-05-26 10:10:57,985] {logging_mixin.py:104} INFO - [2021-05-26 10:10:57,985] {dag.py:2280} INFO - Setting next_dagrun for example_kubernetes_executor_config to None
[2021-05-26 10:10:58,014] {scheduler_job.py:190} INFO - Processing /home/airflow/.local/lib/python3.6/site-packages/airflow/example_dags/example_kubernetes_executor_config.py took 0.181 seconds
[2021-05-26 10:11:29,909] {scheduler_job.py:182} INFO - Started process (PID=118) to work on /home/airflow/.local/lib/python3.6/site-packages/airflow/example_dags/example_kubernetes_executor_config.py
[2021-05-26 10:11:29,928] {scheduler_job.py:629} INFO - Processing file /home/airflow/.local/lib/python3.6/site-packages/airflow/example_dags/example_kubernetes_executor_config.py for tasks to queue
[2021-05-26 10:11:29,931] {logging_mixin.py:104} INFO - [2021-05-26 10:11:29,931] {dagbag.py:451} INFO - Filling up the DagBag from /home/airflow/.local/lib/python3.6/site-packages/airflow/example_dags/example_kubernetes_executor_config.py
[2021-05-26 10:11:30,585] {scheduler_job.py:639} INFO - DAG(s) dict_keys(['example_kubernetes_executor_config']) retrieved from /home/airflow/.local/lib/python3.6/site-packages/airflow/example_dags/example_kubernetes_executor_config.py
[2021-05-26 10:11:31,499] {logging_mixin.py:104} INFO - [2021-05-26 10:11:31,498] {dag.py:1824} INFO - Sync 1 DAGs
[2021-05-26 10:11:31,949] {logging_mixin.py:104} INFO - [2021-05-26 10:11:31,949] {dag.py:2280} INFO - Setting next_dagrun for example_kubernetes_executor_config to None
[2021-05-26 10:11:32,775] {scheduler_job.py:190} INFO - Processing /home/airflow/.local/lib/python3.6/site-packages/airflow/example_dags/example_kubernetes_executor_config.py took 2.876 seconds
[2021-05-26 10:12:02,955] {scheduler_job.py:182} INFO - Started process (PID=145) to work on /home/airflow/.local/lib/python3.6/site-packages/airflow/example_dags/example_kubernetes_executor_config.py
[2021-05-26 10:12:02,962] {scheduler_job.py:629} INFO - Processing file /home/airflow/.local/lib/python3.6/site-packages/airflow/example_dags/example_kubernetes_executor_config.py for tasks to queue
[2021-05-26 10:12:02,964] {logging_mixin.py:104} INFO - [2021-05-26 10:12:02,964] {dagbag.py:451} INFO - Filling up the DagBag from /home/airflow/.local/lib/python3.6/site-packages/airflow/example_dags/example_kubernetes_executor_config.py
[2021-05-26 10:12:03,027] {scheduler_job.py:639} INFO - DAG(s) dict_keys(['example_kubernetes_executor_config']) retrieved from /home/airflow/.local/lib/python3.6/site-packages/airflow/example_dags/example_kubernetes_executor_config.py
[2021-05-26 10:12:03,173] {logging_mixin.py:104} INFO - [2021-05-26 10:12:03,172] {dag.py:1824} INFO - Sync 1 DAGs
[2021-05-26 10:12:03,420] {logging_mixin.py:104} INFO - [2021-05-26 10:12:03,420] {dag.py:2280} INFO - Setting next_dagrun for example_kubernetes_executor_config to None
[2021-05-26 10:12:03,473] {scheduler_job.py:190} INFO - Processing /home/airflow/.local/lib/python3.6/site-packages/airflow/example_dags/example_kubernetes_executor_config.py took 0.540 seconds
[2021-05-26 10:12:34,336] {scheduler_job.py:182} INFO - Started process (PID=173) to work on /home/airflow/.local/lib/python3.6/site-packages/airflow/example_dags/example_kubernetes_executor_config.py
[2021-05-26 10:12:34,341] {scheduler_job.py:629} INFO - Processing file /home/airflow/.local/lib/python3.6/site-packages/airflow/example_dags/example_kubernetes_executor_config.py for tasks to queue
[2021-05-26 10:12:34,343] {logging_mixin.py:104} INFO - [2021-05-26 10:12:34,343] {dagbag.py:451} INFO - Filling up the DagBag from /home/airflow/.local/lib/python3.6/site-packages/airflow/example_dags/example_kubernetes_executor_config.py
[2021-05-26 10:12:34,368] {scheduler_job.py:639} INFO - DAG(s) dict_keys(['example_kubernetes_executor_config']) retrieved from /home/airflow/.local/lib/python3.6/site-packages/airflow/example_dags/example_kubernetes_executor_config.py
[2021-05-26 10:12:34,431] {logging_mixin.py:104} INFO - [2021-05-26 10:12:34,431] {dag.py:1824} INFO - Sync 1 DAGs
[2021-05-26 10:12:34,464] {logging_mixin.py:104} INFO - [2021-05-26 10:12:34,463] {dag.py:2280} INFO - Setting next_dagrun for example_kubernetes_executor_config to None
[2021-05-26 10:12:34,578] {scheduler_job.py:190} INFO - Processing /home/airflow/.local/lib/python3.6/site-packages/airflow/example_dags/example_kubernetes_executor_config.py took 0.250 seconds
[2021-05-26 10:13:04,706] {scheduler_job.py:182} INFO - Started process (PID=200) to work on /home/airflow/.local/lib/python3.6/site-packages/airflow/example_dags/example_kubernetes_executor_config.py
[2021-05-26 10:13:04,708] {scheduler_job.py:629} INFO - Processing file /home/airflow/.local/lib/python3.6/site-packages/airflow/example_dags/example_kubernetes_executor_config.py for tasks to queue
[2021-05-26 10:13:04,710] {logging_mixin.py:104} INFO - [2021-05-26 10:13:04,710] {dagbag.py:451} INFO - Filling up the DagBag from /home/airflow/.local/lib/python3.6/site-packages/airflow/example_dags/example_kubernetes_executor_config.py
[2021-05-26 10:13:04,734] {scheduler_job.py:639} INFO - DAG(s) dict_keys(['example_kubernetes_executor_config']) retrieved from /home/airflow/.local/lib/python3.6/site-packages/airflow/example_dags/example_kubernetes_executor_config.py
[2021-05-26 10:13:04,779] {logging_mixin.py:104} INFO - [2021-05-26 10:13:04,779] {dag.py:1824} INFO - Sync 1 DAGs
[2021-05-26 10:13:04,801] {logging_mixin.py:104} INFO - [2021-05-26 10:13:04,801] {dag.py:2280} INFO - Setting next_dagrun for example_kubernetes_executor_config to None
[2021-05-26 10:13:04,820] {scheduler_job.py:190} INFO - Processing /home/airflow/.local/lib/python3.6/site-packages/airflow/example_dags/example_kubernetes_executor_config.py took 0.118 seconds
[2021-05-26 10:13:35,007] {scheduler_job.py:182} INFO - Started process (PID=227) to work on /home/airflow/.local/lib/python3.6/site-packages/airflow/example_dags/example_kubernetes_executor_config.py
[2021-05-26 10:13:35,010] {scheduler_job.py:629} INFO - Processing file /home/airflow/.local/lib/python3.6/site-packages/airflow/example_dags/example_kubernetes_executor_config.py for tasks to queue
[2021-05-26 10:13:35,015] {logging_mixin.py:104} INFO - [2021-05-26 10:13:35,014] {dagbag.py:451} INFO - Filling up the DagBag from /home/airflow/.local/lib/python3.6/site-packages/airflow/example_dags/example_kubernetes_executor_config.py
[2021-05-26 10:13:35,066] {scheduler_job.py:639} INFO - DAG(s) dict_keys(['example_kubernetes_executor_config']) retrieved from /home/airflow/.local/lib/python3.6/site-packages/airflow/example_dags/example_kubernetes_executor_config.py
[2021-05-26 10:13:35,143] {logging_mixin.py:104} INFO - [2021-05-26 10:13:35,143] {dag.py:1824} INFO - Sync 1 DAGs
[2021-05-26 10:13:35,171] {logging_mixin.py:104} INFO - [2021-05-26 10:13:35,171] {dag.py:2280} INFO - Setting next_dagrun for example_kubernetes_executor_config to None
[2021-05-26 10:13:35,209] {scheduler_job.py:190} INFO - Processing /home/airflow/.local/lib/python3.6/site-packages/airflow/example_dags/example_kubernetes_executor_config.py took 0.207 seconds
[2021-05-26 10:14:05,894] {scheduler_job.py:182} INFO - Started process (PID=254) to work on /home/airflow/.local/lib/python3.6/site-packages/airflow/example_dags/example_kubernetes_executor_config.py
[2021-05-26 10:14:05,897] {scheduler_job.py:629} INFO - Processing file /home/airflow/.local/lib/python3.6/site-packages/airflow/example_dags/example_kubernetes_executor_config.py for tasks to queue
[2021-05-26 10:14:05,898] {logging_mixin.py:104} INFO - [2021-05-26 10:14:05,898] {dagbag.py:451} INFO - Filling up the DagBag from /home/airflow/.local/lib/python3.6/site-packages/airflow/example_dags/example_kubernetes_executor_config.py
[2021-05-26 10:14:05,927] {scheduler_job.py:639} INFO - DAG(s) dict_keys(['example_kubernetes_executor_config']) retrieved from /home/airflow/.local/lib/python3.6/site-packages/airflow/example_dags/example_kubernetes_executor_config.py
[2021-05-26 10:14:05,976] {logging_mixin.py:104} INFO - [2021-05-26 10:14:05,976] {dag.py:1824} INFO - Sync 1 DAGs
[2021-05-26 10:14:06,001] {logging_mixin.py:104} INFO - [2021-05-26 10:14:06,001] {dag.py:2280} INFO - Setting next_dagrun for example_kubernetes_executor_config to None
[2021-05-26 10:14:06,022] {scheduler_job.py:190} INFO - Processing /home/airflow/.local/lib/python3.6/site-packages/airflow/example_dags/example_kubernetes_executor_config.py took 0.131 seconds
[2021-05-26 10:14:36,403] {scheduler_job.py:182} INFO - Started process (PID=296) to work on /home/airflow/.local/lib/python3.6/site-packages/airflow/example_dags/example_kubernetes_executor_config.py
[2021-05-26 10:14:36,404] {scheduler_job.py:629} INFO - Processing file /home/airflow/.local/lib/python3.6/site-packages/airflow/example_dags/example_kubernetes_executor_config.py for tasks to queue
[2021-05-26 10:14:36,406] {logging_mixin.py:104} INFO - [2021-05-26 10:14:36,406] {dagbag.py:451} INFO - Filling up the DagBag from /home/airflow/.local/lib/python3.6/site-packages/airflow/example_dags/example_kubernetes_executor_config.py
[2021-05-26 10:14:36,424] {scheduler_job.py:639} INFO - DAG(s) dict_keys(['example_kubernetes_executor_config']) retrieved from /home/airflow/.local/lib/python3.6/site-packages/airflow/example_dags/example_kubernetes_executor_config.py
[2021-05-26 10:14:36,446] {logging_mixin.py:104} INFO - [2021-05-26 10:14:36,446] {dag.py:1824} INFO - Sync 1 DAGs
[2021-05-26 10:14:36,461] {logging_mixin.py:104} INFO - [2021-05-26 10:14:36,461] {dag.py:2280} INFO - Setting next_dagrun for example_kubernetes_executor_config to None
[2021-05-26 10:14:36,474] {scheduler_job.py:190} INFO - Processing /home/airflow/.local/lib/python3.6/site-packages/airflow/example_dags/example_kubernetes_executor_config.py took 0.074 seconds
[2021-05-26 10:15:06,727] {scheduler_job.py:182} INFO - Started process (PID=323) to work on /home/airflow/.local/lib/python3.6/site-packages/airflow/example_dags/example_kubernetes_executor_config.py
[2021-05-26 10:15:06,730] {scheduler_job.py:629} INFO - Processing file /home/airflow/.local/lib/python3.6/site-packages/airflow/example_dags/example_kubernetes_executor_config.py for tasks to queue
[2021-05-26 10:15:06,732] {logging_mixin.py:104} INFO - [2021-05-26 10:15:06,732] {dagbag.py:451} INFO - Filling up the DagBag from /home/airflow/.local/lib/python3.6/site-packages/airflow/example_dags/example_kubernetes_executor_config.py
[2021-05-26 10:15:06,757] {scheduler_job.py:639} INFO - DAG(s) dict_keys(['example_kubernetes_executor_config']) retrieved from /home/airflow/.local/lib/python3.6/site-packages/airflow/example_dags/example_kubernetes_executor_config.py
[2021-05-26 10:15:06,790] {logging_mixin.py:104} INFO - [2021-05-26 10:15:06,790] {dag.py:1824} INFO - Sync 1 DAGs
[2021-05-26 10:15:06,820] {logging_mixin.py:104} INFO - [2021-05-26 10:15:06,820] {dag.py:2280} INFO - Setting next_dagrun for example_kubernetes_executor_config to None
[2021-05-26 10:15:06,838] {scheduler_job.py:190} INFO - Processing /home/airflow/.local/lib/python3.6/site-packages/airflow/example_dags/example_kubernetes_executor_config.py took 0.115 seconds
[2021-05-26 10:15:37,682] {scheduler_job.py:182} INFO - Started process (PID=350) to work on /home/airflow/.local/lib/python3.6/site-packages/airflow/example_dags/example_kubernetes_executor_config.py
[2021-05-26 10:15:37,684] {scheduler_job.py:629} INFO - Processing file /home/airflow/.local/lib/python3.6/site-packages/airflow/example_dags/example_kubernetes_executor_config.py for tasks to queue
[2021-05-26 10:15:37,686] {logging_mixin.py:104} INFO - [2021-05-26 10:15:37,686] {dagbag.py:451} INFO - Filling up the DagBag from /home/airflow/.local/lib/python3.6/site-packages/airflow/example_dags/example_kubernetes_executor_config.py
[2021-05-26 10:15:37,714] {scheduler_job.py:639} INFO - DAG(s) dict_keys(['example_kubernetes_executor_config']) retrieved from /home/airflow/.local/lib/python3.6/site-packages/airflow/example_dags/example_kubernetes_executor_config.py
[2021-05-26 10:15:37,751] {logging_mixin.py:104} INFO - [2021-05-26 10:15:37,750] {dag.py:1824} INFO - Sync 1 DAGs
[2021-05-26 10:15:37,774] {logging_mixin.py:104} INFO - [2021-05-26 10:15:37,774] {dag.py:2280} INFO - Setting next_dagrun for example_kubernetes_executor_config to None
[2021-05-26 10:15:37,795] {scheduler_job.py:190} INFO - Processing /home/airflow/.local/lib/python3.6/site-packages/airflow/example_dags/example_kubernetes_executor_config.py took 0.117 seconds
[2021-05-26 10:16:07,878] {scheduler_job.py:182} INFO - Started process (PID=377) to work on /home/airflow/.local/lib/python3.6/site-packages/airflow/example_dags/example_kubernetes_executor_config.py
[2021-05-26 10:16:07,880] {scheduler_job.py:629} INFO - Processing file /home/airflow/.local/lib/python3.6/site-packages/airflow/example_dags/example_kubernetes_executor_config.py for tasks to queue
[2021-05-26 10:16:07,882] {logging_mixin.py:104} INFO - [2021-05-26 10:16:07,881] {dagbag.py:451} INFO - Filling up the DagBag from /home/airflow/.local/lib/python3.6/site-packages/airflow/example_dags/example_kubernetes_executor_config.py
[2021-05-26 10:16:07,911] {scheduler_job.py:639} INFO - DAG(s) dict_keys(['example_kubernetes_executor_config']) retrieved from /home/airflow/.local/lib/python3.6/site-packages/airflow/example_dags/example_kubernetes_executor_config.py
[2021-05-26 10:16:07,948] {logging_mixin.py:104} INFO - [2021-05-26 10:16:07,947] {dag.py:1824} INFO - Sync 1 DAGs
[2021-05-26 10:16:07,970] {logging_mixin.py:104} INFO - [2021-05-26 10:16:07,970] {dag.py:2280} INFO - Setting next_dagrun for example_kubernetes_executor_config to None
[2021-05-26 10:16:07,989] {scheduler_job.py:190} INFO - Processing /home/airflow/.local/lib/python3.6/site-packages/airflow/example_dags/example_kubernetes_executor_config.py took 0.115 seconds
[2021-05-26 10:16:38,322] {scheduler_job.py:182} INFO - Started process (PID=404) to work on /home/airflow/.local/lib/python3.6/site-packages/airflow/example_dags/example_kubernetes_executor_config.py
[2021-05-26 10:16:38,326] {scheduler_job.py:629} INFO - Processing file /home/airflow/.local/lib/python3.6/site-packages/airflow/example_dags/example_kubernetes_executor_config.py for tasks to queue
[2021-05-26 10:16:38,328] {logging_mixin.py:104} INFO - [2021-05-26 10:16:38,328] {dagbag.py:451} INFO - Filling up the DagBag from /home/airflow/.local/lib/python3.6/site-packages/airflow/example_dags/example_kubernetes_executor_config.py
[2021-05-26 10:16:38,371] {scheduler_job.py:639} INFO - DAG(s) dict_keys(['example_kubernetes_executor_config']) retrieved from /home/airflow/.local/lib/python3.6/site-packages/airflow/example_dags/example_kubernetes_executor_config.py
[2021-05-26 10:16:38,430] {logging_mixin.py:104} INFO - [2021-05-26 10:16:38,430] {dag.py:1824} INFO - Sync 1 DAGs
[2021-05-26 10:16:38,476] {logging_mixin.py:104} INFO - [2021-05-26 10:16:38,475] {dag.py:2280} INFO - Setting next_dagrun for example_kubernetes_executor_config to None
[2021-05-26 10:16:38,506] {scheduler_job.py:190} INFO - Processing /home/airflow/.local/lib/python3.6/site-packages/airflow/example_dags/example_kubernetes_executor_config.py took 0.194 seconds
[2021-05-26 10:17:09,327] {scheduler_job.py:182} INFO - Started process (PID=431) to work on /home/airflow/.local/lib/python3.6/site-packages/airflow/example_dags/example_kubernetes_executor_config.py
[2021-05-26 10:17:09,334] {scheduler_job.py:629} INFO - Processing file /home/airflow/.local/lib/python3.6/site-packages/airflow/example_dags/example_kubernetes_executor_config.py for tasks to queue
[2021-05-26 10:17:09,335] {logging_mixin.py:104} INFO - [2021-05-26 10:17:09,335] {dagbag.py:451} INFO - Filling up the DagBag from /home/airflow/.local/lib/python3.6/site-packages/airflow/example_dags/example_kubernetes_executor_config.py
[2021-05-26 10:17:09,361] {scheduler_job.py:639} INFO - DAG(s) dict_keys(['example_kubernetes_executor_config']) retrieved from /home/airflow/.local/lib/python3.6/site-packages/airflow/example_dags/example_kubernetes_executor_config.py
[2021-05-26 10:17:09,393] {logging_mixin.py:104} INFO - [2021-05-26 10:17:09,393] {dag.py:1824} INFO - Sync 1 DAGs
[2021-05-26 10:17:09,411] {logging_mixin.py:104} INFO - [2021-05-26 10:17:09,411] {dag.py:2280} INFO - Setting next_dagrun for example_kubernetes_executor_config to None
[2021-05-26 10:17:09,426] {scheduler_job.py:190} INFO - Processing /home/airflow/.local/lib/python3.6/site-packages/airflow/example_dags/example_kubernetes_executor_config.py took 0.102 seconds
[2021-05-26 10:17:40,344] {scheduler_job.py:182} INFO - Started process (PID=458) to work on /home/airflow/.local/lib/python3.6/site-packages/airflow/example_dags/example_kubernetes_executor_config.py
[2021-05-26 10:17:40,347] {scheduler_job.py:629} INFO - Processing file /home/airflow/.local/lib/python3.6/site-packages/airflow/example_dags/example_kubernetes_executor_config.py for tasks to queue
[2021-05-26 10:17:40,348] {logging_mixin.py:104} INFO - [2021-05-26 10:17:40,348] {dagbag.py:451} INFO - Filling up the DagBag from /home/airflow/.local/lib/python3.6/site-packages/airflow/example_dags/example_kubernetes_executor_config.py
[2021-05-26 10:17:40,368] {scheduler_job.py:639} INFO - DAG(s) dict_keys(['example_kubernetes_executor_config']) retrieved from /home/airflow/.local/lib/python3.6/site-packages/airflow/example_dags/example_kubernetes_executor_config.py
[2021-05-26 10:17:40,404] {logging_mixin.py:104} INFO - [2021-05-26 10:17:40,404] {dag.py:1824} INFO - Sync 1 DAGs
[2021-05-26 10:17:40,442] {logging_mixin.py:104} INFO - [2021-05-26 10:17:40,442] {dag.py:2280} INFO - Setting next_dagrun for example_kubernetes_executor_config to None
[2021-05-26 10:17:40,459] {scheduler_job.py:190} INFO - Processing /home/airflow/.local/lib/python3.6/site-packages/airflow/example_dags/example_kubernetes_executor_config.py took 0.118 seconds
[2021-05-26 10:18:10,941] {scheduler_job.py:182} INFO - Started process (PID=485) to work on /home/airflow/.local/lib/python3.6/site-packages/airflow/example_dags/example_kubernetes_executor_config.py
[2021-05-26 10:18:10,942] {scheduler_job.py:629} INFO - Processing file /home/airflow/.local/lib/python3.6/site-packages/airflow/example_dags/example_kubernetes_executor_config.py for tasks to queue
[2021-05-26 10:18:10,943] {logging_mixin.py:104} INFO - [2021-05-26 10:18:10,943] {dagbag.py:451} INFO - Filling up the DagBag from /home/airflow/.local/lib/python3.6/site-packages/airflow/example_dags/example_kubernetes_executor_config.py
[2021-05-26 10:18:10,961] {scheduler_job.py:639} INFO - DAG(s) dict_keys(['example_kubernetes_executor_config']) retrieved from /home/airflow/.local/lib/python3.6/site-packages/airflow/example_dags/example_kubernetes_executor_config.py
[2021-05-26 10:18:10,989] {logging_mixin.py:104} INFO - [2021-05-26 10:18:10,989] {dag.py:1824} INFO - Sync 1 DAGs
[2021-05-26 10:18:11,010] {logging_mixin.py:104} INFO - [2021-05-26 10:18:11,009] {dag.py:2280} INFO - Setting next_dagrun for example_kubernetes_executor_config to None
[2021-05-26 10:18:11,023] {scheduler_job.py:190} INFO - Processing /home/airflow/.local/lib/python3.6/site-packages/airflow/example_dags/example_kubernetes_executor_config.py took 0.087 seconds
[2021-05-26 10:18:41,718] {scheduler_job.py:182} INFO - Started process (PID=512) to work on /home/airflow/.local/lib/python3.6/site-packages/airflow/example_dags/example_kubernetes_executor_config.py
[2021-05-26 10:18:41,720] {scheduler_job.py:629} INFO - Processing file /home/airflow/.local/lib/python3.6/site-packages/airflow/example_dags/example_kubernetes_executor_config.py for tasks to queue
[2021-05-26 10:18:41,721] {logging_mixin.py:104} INFO - [2021-05-26 10:18:41,721] {dagbag.py:451} INFO - Filling up the DagBag from /home/airflow/.local/lib/python3.6/site-packages/airflow/example_dags/example_kubernetes_executor_config.py
[2021-05-26 10:18:41,735] {scheduler_job.py:639} INFO - DAG(s) dict_keys(['example_kubernetes_executor_config']) retrieved from /home/airflow/.local/lib/python3.6/site-packages/airflow/example_dags/example_kubernetes_executor_config.py
[2021-05-26 10:18:41,760] {logging_mixin.py:104} INFO - [2021-05-26 10:18:41,760] {dag.py:1824} INFO - Sync 1 DAGs
[2021-05-26 10:18:41,780] {logging_mixin.py:104} INFO - [2021-05-26 10:18:41,780] {dag.py:2280} INFO - Setting next_dagrun for example_kubernetes_executor_config to None
[2021-05-26 10:18:41,797] {scheduler_job.py:190} INFO - Processing /home/airflow/.local/lib/python3.6/site-packages/airflow/example_dags/example_kubernetes_executor_config.py took 0.081 seconds
[2021-05-26 10:19:12,430] {scheduler_job.py:182} INFO - Started process (PID=539) to work on /home/airflow/.local/lib/python3.6/site-packages/airflow/example_dags/example_kubernetes_executor_config.py
[2021-05-26 10:19:12,433] {scheduler_job.py:629} INFO - Processing file /home/airflow/.local/lib/python3.6/site-packages/airflow/example_dags/example_kubernetes_executor_config.py for tasks to queue
[2021-05-26 10:19:12,434] {logging_mixin.py:104} INFO - [2021-05-26 10:19:12,434] {dagbag.py:451} INFO - Filling up the DagBag from /home/airflow/.local/lib/python3.6/site-packages/airflow/example_dags/example_kubernetes_executor_config.py
[2021-05-26 10:19:12,456] {scheduler_job.py:639} INFO - DAG(s) dict_keys(['example_kubernetes_executor_config']) retrieved from /home/airflow/.local/lib/python3.6/site-packages/airflow/example_dags/example_kubernetes_executor_config.py
[2021-05-26 10:19:12,501] {logging_mixin.py:104} INFO - [2021-05-26 10:19:12,501] {dag.py:1824} INFO - Sync 1 DAGs
[2021-05-26 10:19:12,527] {logging_mixin.py:104} INFO - [2021-05-26 10:19:12,527] {dag.py:2280} INFO - Setting next_dagrun for example_kubernetes_executor_config to None
[2021-05-26 10:19:12,546] {scheduler_job.py:190} INFO - Processing /home/airflow/.local/lib/python3.6/site-packages/airflow/example_dags/example_kubernetes_executor_config.py took 0.120 seconds
[2021-05-26 10:19:43,351] {scheduler_job.py:182} INFO - Started process (PID=566) to work on /home/airflow/.local/lib/python3.6/site-packages/airflow/example_dags/example_kubernetes_executor_config.py
[2021-05-26 10:19:43,353] {scheduler_job.py:629} INFO - Processing file /home/airflow/.local/lib/python3.6/site-packages/airflow/example_dags/example_kubernetes_executor_config.py for tasks to queue
[2021-05-26 10:19:43,356] {logging_mixin.py:104} INFO - [2021-05-26 10:19:43,355] {dagbag.py:451} INFO - Filling up the DagBag from /home/airflow/.local/lib/python3.6/site-packages/airflow/example_dags/example_kubernetes_executor_config.py
[2021-05-26 10:19:43,391] {scheduler_job.py:639} INFO - DAG(s) dict_keys(['example_kubernetes_executor_config']) retrieved from /home/airflow/.local/lib/python3.6/site-packages/airflow/example_dags/example_kubernetes_executor_config.py
[2021-05-26 10:19:43,467] {logging_mixin.py:104} INFO - [2021-05-26 10:19:43,467] {dag.py:1824} INFO - Sync 1 DAGs
[2021-05-26 10:19:43,521] {logging_mixin.py:104} INFO - [2021-05-26 10:19:43,521] {dag.py:2280} INFO - Setting next_dagrun for example_kubernetes_executor_config to None
[2021-05-26 10:19:43,557] {scheduler_job.py:190} INFO - Processing /home/airflow/.local/lib/python3.6/site-packages/airflow/example_dags/example_kubernetes_executor_config.py took 0.212 seconds
[2021-05-26 10:20:13,810] {scheduler_job.py:182} INFO - Started process (PID=593) to work on /home/airflow/.local/lib/python3.6/site-packages/airflow/example_dags/example_kubernetes_executor_config.py
[2021-05-26 10:20:13,817] {scheduler_job.py:629} INFO - Processing file /home/airflow/.local/lib/python3.6/site-packages/airflow/example_dags/example_kubernetes_executor_config.py for tasks to queue
[2021-05-26 10:20:13,822] {logging_mixin.py:104} INFO - [2021-05-26 10:20:13,822] {dagbag.py:451} INFO - Filling up the DagBag from /home/airflow/.local/lib/python3.6/site-packages/airflow/example_dags/example_kubernetes_executor_config.py
[2021-05-26 10:20:13,877] {scheduler_job.py:639} INFO - DAG(s) dict_keys(['example_kubernetes_executor_config']) retrieved from /home/airflow/.local/lib/python3.6/site-packages/airflow/example_dags/example_kubernetes_executor_config.py
[2021-05-26 10:20:13,935] {logging_mixin.py:104} INFO - [2021-05-26 10:20:13,935] {dag.py:1824} INFO - Sync 1 DAGs
[2021-05-26 10:20:14,002] {logging_mixin.py:104} INFO - [2021-05-26 10:20:14,002] {dag.py:2280} INFO - Setting next_dagrun for example_kubernetes_executor_config to None
[2021-05-26 10:20:14,037] {scheduler_job.py:190} INFO - Processing /home/airflow/.local/lib/python3.6/site-packages/airflow/example_dags/example_kubernetes_executor_config.py took 0.246 seconds
[2021-05-26 10:20:44,334] {scheduler_job.py:182} INFO - Started process (PID=621) to work on /home/airflow/.local/lib/python3.6/site-packages/airflow/example_dags/example_kubernetes_executor_config.py
[2021-05-26 10:20:44,337] {scheduler_job.py:629} INFO - Processing file /home/airflow/.local/lib/python3.6/site-packages/airflow/example_dags/example_kubernetes_executor_config.py for tasks to queue
[2021-05-26 10:20:44,339] {logging_mixin.py:104} INFO - [2021-05-26 10:20:44,338] {dagbag.py:451} INFO - Filling up the DagBag from /home/airflow/.local/lib/python3.6/site-packages/airflow/example_dags/example_kubernetes_executor_config.py
[2021-05-26 10:20:44,359] {scheduler_job.py:639} INFO - DAG(s) dict_keys(['example_kubernetes_executor_config']) retrieved from /home/airflow/.local/lib/python3.6/site-packages/airflow/example_dags/example_kubernetes_executor_config.py
[2021-05-26 10:20:44,403] {logging_mixin.py:104} INFO - [2021-05-26 10:20:44,402] {dag.py:1824} INFO - Sync 1 DAGs
[2021-05-26 10:20:44,435] {logging_mixin.py:104} INFO - [2021-05-26 10:20:44,435] {dag.py:2280} INFO - Setting next_dagrun for example_kubernetes_executor_config to None
[2021-05-26 10:20:44,479] {scheduler_job.py:190} INFO - Processing /home/airflow/.local/lib/python3.6/site-packages/airflow/example_dags/example_kubernetes_executor_config.py took 0.149 seconds
[2021-05-26 10:21:14,754] {scheduler_job.py:182} INFO - Started process (PID=648) to work on /home/airflow/.local/lib/python3.6/site-packages/airflow/example_dags/example_kubernetes_executor_config.py
[2021-05-26 10:21:14,758] {scheduler_job.py:629} INFO - Processing file /home/airflow/.local/lib/python3.6/site-packages/airflow/example_dags/example_kubernetes_executor_config.py for tasks to queue
[2021-05-26 10:21:14,760] {logging_mixin.py:104} INFO - [2021-05-26 10:21:14,760] {dagbag.py:451} INFO - Filling up the DagBag from /home/airflow/.local/lib/python3.6/site-packages/airflow/example_dags/example_kubernetes_executor_config.py
[2021-05-26 10:21:14,798] {scheduler_job.py:639} INFO - DAG(s) dict_keys(['example_kubernetes_executor_config']) retrieved from /home/airflow/.local/lib/python3.6/site-packages/airflow/example_dags/example_kubernetes_executor_config.py
[2021-05-26 10:21:14,859] {logging_mixin.py:104} INFO - [2021-05-26 10:21:14,859] {dag.py:1824} INFO - Sync 1 DAGs
[2021-05-26 10:21:14,891] {logging_mixin.py:104} INFO - [2021-05-26 10:21:14,890] {dag.py:2280} INFO - Setting next_dagrun for example_kubernetes_executor_config to None
[2021-05-26 10:21:14,920] {scheduler_job.py:190} INFO - Processing /home/airflow/.local/lib/python3.6/site-packages/airflow/example_dags/example_kubernetes_executor_config.py took 0.173 seconds
[2021-05-26 10:21:45,261] {scheduler_job.py:182} INFO - Started process (PID=675) to work on /home/airflow/.local/lib/python3.6/site-packages/airflow/example_dags/example_kubernetes_executor_config.py
[2021-05-26 10:21:45,265] {scheduler_job.py:629} INFO - Processing file /home/airflow/.local/lib/python3.6/site-packages/airflow/example_dags/example_kubernetes_executor_config.py for tasks to queue
[2021-05-26 10:21:45,268] {logging_mixin.py:104} INFO - [2021-05-26 10:21:45,267] {dagbag.py:451} INFO - Filling up the DagBag from /home/airflow/.local/lib/python3.6/site-packages/airflow/example_dags/example_kubernetes_executor_config.py
[2021-05-26 10:21:45,323] {scheduler_job.py:639} INFO - DAG(s) dict_keys(['example_kubernetes_executor_config']) retrieved from /home/airflow/.local/lib/python3.6/site-packages/airflow/example_dags/example_kubernetes_executor_config.py
[2021-05-26 10:21:45,411] {logging_mixin.py:104} INFO - [2021-05-26 10:21:45,410] {dag.py:1824} INFO - Sync 1 DAGs
[2021-05-26 10:21:45,495] {logging_mixin.py:104} INFO - [2021-05-26 10:21:45,494] {dag.py:2280} INFO - Setting next_dagrun for example_kubernetes_executor_config to None
[2021-05-26 10:21:45,574] {scheduler_job.py:190} INFO - Processing /home/airflow/.local/lib/python3.6/site-packages/airflow/example_dags/example_kubernetes_executor_config.py took 0.323 seconds
[2021-05-26 10:22:15,714] {scheduler_job.py:182} INFO - Started process (PID=702) to work on /home/airflow/.local/lib/python3.6/site-packages/airflow/example_dags/example_kubernetes_executor_config.py
[2021-05-26 10:22:15,718] {scheduler_job.py:629} INFO - Processing file /home/airflow/.local/lib/python3.6/site-packages/airflow/example_dags/example_kubernetes_executor_config.py for tasks to queue
[2021-05-26 10:22:15,722] {logging_mixin.py:104} INFO - [2021-05-26 10:22:15,722] {dagbag.py:451} INFO - Filling up the DagBag from /home/airflow/.local/lib/python3.6/site-packages/airflow/example_dags/example_kubernetes_executor_config.py
[2021-05-26 10:22:15,751] {scheduler_job.py:639} INFO - DAG(s) dict_keys(['example_kubernetes_executor_config']) retrieved from /home/airflow/.local/lib/python3.6/site-packages/airflow/example_dags/example_kubernetes_executor_config.py
[2021-05-26 10:22:15,792] {logging_mixin.py:104} INFO - [2021-05-26 10:22:15,791] {dag.py:1824} INFO - Sync 1 DAGs
[2021-05-26 10:22:15,822] {logging_mixin.py:104} INFO - [2021-05-26 10:22:15,822] {dag.py:2280} INFO - Setting next_dagrun for example_kubernetes_executor_config to None
[2021-05-26 10:22:15,850] {scheduler_job.py:190} INFO - Processing /home/airflow/.local/lib/python3.6/site-packages/airflow/example_dags/example_kubernetes_executor_config.py took 0.140 seconds
[2021-05-26 10:22:46,135] {scheduler_job.py:182} INFO - Started process (PID=729) to work on /home/airflow/.local/lib/python3.6/site-packages/airflow/example_dags/example_kubernetes_executor_config.py
[2021-05-26 10:22:46,139] {scheduler_job.py:629} INFO - Processing file /home/airflow/.local/lib/python3.6/site-packages/airflow/example_dags/example_kubernetes_executor_config.py for tasks to queue
[2021-05-26 10:22:46,141] {logging_mixin.py:104} INFO - [2021-05-26 10:22:46,140] {dagbag.py:451} INFO - Filling up the DagBag from /home/airflow/.local/lib/python3.6/site-packages/airflow/example_dags/example_kubernetes_executor_config.py
[2021-05-26 10:22:46,169] {scheduler_job.py:639} INFO - DAG(s) dict_keys(['example_kubernetes_executor_config']) retrieved from /home/airflow/.local/lib/python3.6/site-packages/airflow/example_dags/example_kubernetes_executor_config.py
[2021-05-26 10:22:46,216] {logging_mixin.py:104} INFO - [2021-05-26 10:22:46,216] {dag.py:1824} INFO - Sync 1 DAGs
[2021-05-26 10:22:46,247] {logging_mixin.py:104} INFO - [2021-05-26 10:22:46,247] {dag.py:2280} INFO - Setting next_dagrun for example_kubernetes_executor_config to None
[2021-05-26 10:22:46,287] {scheduler_job.py:190} INFO - Processing /home/airflow/.local/lib/python3.6/site-packages/airflow/example_dags/example_kubernetes_executor_config.py took 0.157 seconds
