[2021-05-26 10:09:58,259] {scheduler_job.py:182} INFO - Started process (PID=45) to work on /home/airflow/.local/lib/python3.6/site-packages/airflow/example_dags/example_xcom.py
[2021-05-26 10:09:58,263] {scheduler_job.py:629} INFO - Processing file /home/airflow/.local/lib/python3.6/site-packages/airflow/example_dags/example_xcom.py for tasks to queue
[2021-05-26 10:09:58,267] {logging_mixin.py:104} INFO - [2021-05-26 10:09:58,266] {dagbag.py:451} INFO - Filling up the DagBag from /home/airflow/.local/lib/python3.6/site-packages/airflow/example_dags/example_xcom.py
[2021-05-26 10:09:58,328] {scheduler_job.py:639} INFO - DAG(s) dict_keys(['example_xcom']) retrieved from /home/airflow/.local/lib/python3.6/site-packages/airflow/example_dags/example_xcom.py
[2021-05-26 10:09:58,461] {logging_mixin.py:104} INFO - [2021-05-26 10:09:58,459] {dag.py:1824} INFO - Sync 1 DAGs
[2021-05-26 10:09:58,534] {logging_mixin.py:104} INFO - [2021-05-26 10:09:58,534] {dag.py:2280} INFO - Setting next_dagrun for example_xcom to 2021-05-24 00:00:00+00:00
[2021-05-26 10:09:58,585] {scheduler_job.py:190} INFO - Processing /home/airflow/.local/lib/python3.6/site-packages/airflow/example_dags/example_xcom.py took 0.371 seconds
[2021-05-26 10:10:28,769] {scheduler_job.py:182} INFO - Started process (PID=71) to work on /home/airflow/.local/lib/python3.6/site-packages/airflow/example_dags/example_xcom.py
[2021-05-26 10:10:28,772] {scheduler_job.py:629} INFO - Processing file /home/airflow/.local/lib/python3.6/site-packages/airflow/example_dags/example_xcom.py for tasks to queue
[2021-05-26 10:10:28,774] {logging_mixin.py:104} INFO - [2021-05-26 10:10:28,774] {dagbag.py:451} INFO - Filling up the DagBag from /home/airflow/.local/lib/python3.6/site-packages/airflow/example_dags/example_xcom.py
[2021-05-26 10:10:28,810] {scheduler_job.py:639} INFO - DAG(s) dict_keys(['example_xcom']) retrieved from /home/airflow/.local/lib/python3.6/site-packages/airflow/example_dags/example_xcom.py
[2021-05-26 10:10:28,875] {logging_mixin.py:104} INFO - [2021-05-26 10:10:28,875] {dag.py:1824} INFO - Sync 1 DAGs
[2021-05-26 10:10:28,943] {logging_mixin.py:104} INFO - [2021-05-26 10:10:28,943] {dag.py:2280} INFO - Setting next_dagrun for example_xcom to 2021-05-24 00:00:00+00:00
[2021-05-26 10:10:28,982] {scheduler_job.py:190} INFO - Processing /home/airflow/.local/lib/python3.6/site-packages/airflow/example_dags/example_xcom.py took 0.219 seconds
[2021-05-26 10:10:59,654] {scheduler_job.py:182} INFO - Started process (PID=98) to work on /home/airflow/.local/lib/python3.6/site-packages/airflow/example_dags/example_xcom.py
[2021-05-26 10:10:59,658] {scheduler_job.py:629} INFO - Processing file /home/airflow/.local/lib/python3.6/site-packages/airflow/example_dags/example_xcom.py for tasks to queue
[2021-05-26 10:10:59,660] {logging_mixin.py:104} INFO - [2021-05-26 10:10:59,659] {dagbag.py:451} INFO - Filling up the DagBag from /home/airflow/.local/lib/python3.6/site-packages/airflow/example_dags/example_xcom.py
[2021-05-26 10:10:59,692] {scheduler_job.py:639} INFO - DAG(s) dict_keys(['example_xcom']) retrieved from /home/airflow/.local/lib/python3.6/site-packages/airflow/example_dags/example_xcom.py
[2021-05-26 10:10:59,748] {logging_mixin.py:104} INFO - [2021-05-26 10:10:59,745] {dag.py:1824} INFO - Sync 1 DAGs
[2021-05-26 10:10:59,797] {logging_mixin.py:104} INFO - [2021-05-26 10:10:59,797] {dag.py:2280} INFO - Setting next_dagrun for example_xcom to 2021-05-24 00:00:00+00:00
[2021-05-26 10:10:59,822] {scheduler_job.py:190} INFO - Processing /home/airflow/.local/lib/python3.6/site-packages/airflow/example_dags/example_xcom.py took 0.174 seconds
[2021-05-26 10:11:35,271] {scheduler_job.py:182} INFO - Started process (PID=131) to work on /home/airflow/.local/lib/python3.6/site-packages/airflow/example_dags/example_xcom.py
[2021-05-26 10:11:35,273] {scheduler_job.py:629} INFO - Processing file /home/airflow/.local/lib/python3.6/site-packages/airflow/example_dags/example_xcom.py for tasks to queue
[2021-05-26 10:11:35,275] {logging_mixin.py:104} INFO - [2021-05-26 10:11:35,275] {dagbag.py:451} INFO - Filling up the DagBag from /home/airflow/.local/lib/python3.6/site-packages/airflow/example_dags/example_xcom.py
[2021-05-26 10:11:35,297] {scheduler_job.py:639} INFO - DAG(s) dict_keys(['example_xcom']) retrieved from /home/airflow/.local/lib/python3.6/site-packages/airflow/example_dags/example_xcom.py
[2021-05-26 10:11:35,339] {logging_mixin.py:104} INFO - [2021-05-26 10:11:35,339] {dag.py:1824} INFO - Sync 1 DAGs
[2021-05-26 10:11:35,385] {logging_mixin.py:104} INFO - [2021-05-26 10:11:35,384] {dag.py:2280} INFO - Setting next_dagrun for example_xcom to 2021-05-24 00:00:00+00:00
[2021-05-26 10:11:35,429] {scheduler_job.py:190} INFO - Processing /home/airflow/.local/lib/python3.6/site-packages/airflow/example_dags/example_xcom.py took 0.164 seconds
[2021-05-26 10:12:06,371] {scheduler_job.py:182} INFO - Started process (PID=157) to work on /home/airflow/.local/lib/python3.6/site-packages/airflow/example_dags/example_xcom.py
[2021-05-26 10:12:06,374] {scheduler_job.py:629} INFO - Processing file /home/airflow/.local/lib/python3.6/site-packages/airflow/example_dags/example_xcom.py for tasks to queue
[2021-05-26 10:12:06,375] {logging_mixin.py:104} INFO - [2021-05-26 10:12:06,375] {dagbag.py:451} INFO - Filling up the DagBag from /home/airflow/.local/lib/python3.6/site-packages/airflow/example_dags/example_xcom.py
[2021-05-26 10:12:06,399] {scheduler_job.py:639} INFO - DAG(s) dict_keys(['example_xcom']) retrieved from /home/airflow/.local/lib/python3.6/site-packages/airflow/example_dags/example_xcom.py
[2021-05-26 10:12:06,441] {logging_mixin.py:104} INFO - [2021-05-26 10:12:06,441] {dag.py:1824} INFO - Sync 1 DAGs
[2021-05-26 10:12:06,478] {logging_mixin.py:104} INFO - [2021-05-26 10:12:06,477] {dag.py:2280} INFO - Setting next_dagrun for example_xcom to 2021-05-24 00:00:00+00:00
[2021-05-26 10:12:06,503] {scheduler_job.py:190} INFO - Processing /home/airflow/.local/lib/python3.6/site-packages/airflow/example_dags/example_xcom.py took 0.137 seconds
[2021-05-26 10:12:37,009] {scheduler_job.py:182} INFO - Started process (PID=184) to work on /home/airflow/.local/lib/python3.6/site-packages/airflow/example_dags/example_xcom.py
[2021-05-26 10:12:37,015] {scheduler_job.py:629} INFO - Processing file /home/airflow/.local/lib/python3.6/site-packages/airflow/example_dags/example_xcom.py for tasks to queue
[2021-05-26 10:12:37,018] {logging_mixin.py:104} INFO - [2021-05-26 10:12:37,017] {dagbag.py:451} INFO - Filling up the DagBag from /home/airflow/.local/lib/python3.6/site-packages/airflow/example_dags/example_xcom.py
[2021-05-26 10:12:37,054] {scheduler_job.py:639} INFO - DAG(s) dict_keys(['example_xcom']) retrieved from /home/airflow/.local/lib/python3.6/site-packages/airflow/example_dags/example_xcom.py
[2021-05-26 10:12:37,114] {logging_mixin.py:104} INFO - [2021-05-26 10:12:37,113] {dag.py:1824} INFO - Sync 1 DAGs
[2021-05-26 10:12:37,161] {logging_mixin.py:104} INFO - [2021-05-26 10:12:37,161] {dag.py:2280} INFO - Setting next_dagrun for example_xcom to 2021-05-24 00:00:00+00:00
[2021-05-26 10:12:37,186] {scheduler_job.py:190} INFO - Processing /home/airflow/.local/lib/python3.6/site-packages/airflow/example_dags/example_xcom.py took 0.187 seconds
[2021-05-26 10:13:08,454] {scheduler_job.py:182} INFO - Started process (PID=216) to work on /home/airflow/.local/lib/python3.6/site-packages/airflow/example_dags/example_xcom.py
[2021-05-26 10:13:08,457] {scheduler_job.py:629} INFO - Processing file /home/airflow/.local/lib/python3.6/site-packages/airflow/example_dags/example_xcom.py for tasks to queue
[2021-05-26 10:13:08,461] {logging_mixin.py:104} INFO - [2021-05-26 10:13:08,461] {dagbag.py:451} INFO - Filling up the DagBag from /home/airflow/.local/lib/python3.6/site-packages/airflow/example_dags/example_xcom.py
[2021-05-26 10:13:08,483] {scheduler_job.py:639} INFO - DAG(s) dict_keys(['example_xcom']) retrieved from /home/airflow/.local/lib/python3.6/site-packages/airflow/example_dags/example_xcom.py
[2021-05-26 10:13:08,534] {logging_mixin.py:104} INFO - [2021-05-26 10:13:08,534] {dag.py:1824} INFO - Sync 1 DAGs
[2021-05-26 10:13:08,569] {logging_mixin.py:104} INFO - [2021-05-26 10:13:08,568] {dag.py:2280} INFO - Setting next_dagrun for example_xcom to 2021-05-24 00:00:00+00:00
[2021-05-26 10:13:08,601] {scheduler_job.py:190} INFO - Processing /home/airflow/.local/lib/python3.6/site-packages/airflow/example_dags/example_xcom.py took 0.151 seconds
[2021-05-26 10:13:38,669] {scheduler_job.py:182} INFO - Started process (PID=243) to work on /home/airflow/.local/lib/python3.6/site-packages/airflow/example_dags/example_xcom.py
[2021-05-26 10:13:38,671] {scheduler_job.py:629} INFO - Processing file /home/airflow/.local/lib/python3.6/site-packages/airflow/example_dags/example_xcom.py for tasks to queue
[2021-05-26 10:13:38,673] {logging_mixin.py:104} INFO - [2021-05-26 10:13:38,673] {dagbag.py:451} INFO - Filling up the DagBag from /home/airflow/.local/lib/python3.6/site-packages/airflow/example_dags/example_xcom.py
[2021-05-26 10:13:38,702] {scheduler_job.py:639} INFO - DAG(s) dict_keys(['example_xcom']) retrieved from /home/airflow/.local/lib/python3.6/site-packages/airflow/example_dags/example_xcom.py
[2021-05-26 10:13:38,781] {logging_mixin.py:104} INFO - [2021-05-26 10:13:38,781] {dag.py:1824} INFO - Sync 1 DAGs
[2021-05-26 10:13:38,819] {logging_mixin.py:104} INFO - [2021-05-26 10:13:38,819] {dag.py:2280} INFO - Setting next_dagrun for example_xcom to 2021-05-24 00:00:00+00:00
[2021-05-26 10:13:38,868] {scheduler_job.py:190} INFO - Processing /home/airflow/.local/lib/python3.6/site-packages/airflow/example_dags/example_xcom.py took 0.204 seconds
[2021-05-26 10:14:09,451] {scheduler_job.py:182} INFO - Started process (PID=275) to work on /home/airflow/.local/lib/python3.6/site-packages/airflow/example_dags/example_xcom.py
[2021-05-26 10:14:09,453] {scheduler_job.py:629} INFO - Processing file /home/airflow/.local/lib/python3.6/site-packages/airflow/example_dags/example_xcom.py for tasks to queue
[2021-05-26 10:14:09,455] {logging_mixin.py:104} INFO - [2021-05-26 10:14:09,455] {dagbag.py:451} INFO - Filling up the DagBag from /home/airflow/.local/lib/python3.6/site-packages/airflow/example_dags/example_xcom.py
[2021-05-26 10:14:09,474] {scheduler_job.py:639} INFO - DAG(s) dict_keys(['example_xcom']) retrieved from /home/airflow/.local/lib/python3.6/site-packages/airflow/example_dags/example_xcom.py
[2021-05-26 10:14:09,519] {logging_mixin.py:104} INFO - [2021-05-26 10:14:09,519] {dag.py:1824} INFO - Sync 1 DAGs
[2021-05-26 10:14:09,549] {logging_mixin.py:104} INFO - [2021-05-26 10:14:09,548] {dag.py:2280} INFO - Setting next_dagrun for example_xcom to 2021-05-24 00:00:00+00:00
[2021-05-26 10:14:09,568] {scheduler_job.py:190} INFO - Processing /home/airflow/.local/lib/python3.6/site-packages/airflow/example_dags/example_xcom.py took 0.122 seconds
[2021-05-26 10:14:39,615] {scheduler_job.py:182} INFO - Started process (PID=311) to work on /home/airflow/.local/lib/python3.6/site-packages/airflow/example_dags/example_xcom.py
[2021-05-26 10:14:39,618] {scheduler_job.py:629} INFO - Processing file /home/airflow/.local/lib/python3.6/site-packages/airflow/example_dags/example_xcom.py for tasks to queue
[2021-05-26 10:14:39,625] {logging_mixin.py:104} INFO - [2021-05-26 10:14:39,625] {dagbag.py:451} INFO - Filling up the DagBag from /home/airflow/.local/lib/python3.6/site-packages/airflow/example_dags/example_xcom.py
[2021-05-26 10:14:39,647] {scheduler_job.py:639} INFO - DAG(s) dict_keys(['example_xcom']) retrieved from /home/airflow/.local/lib/python3.6/site-packages/airflow/example_dags/example_xcom.py
[2021-05-26 10:14:39,691] {logging_mixin.py:104} INFO - [2021-05-26 10:14:39,691] {dag.py:1824} INFO - Sync 1 DAGs
[2021-05-26 10:14:39,717] {logging_mixin.py:104} INFO - [2021-05-26 10:14:39,717] {dag.py:2280} INFO - Setting next_dagrun for example_xcom to 2021-05-24 00:00:00+00:00
[2021-05-26 10:14:39,734] {scheduler_job.py:190} INFO - Processing /home/airflow/.local/lib/python3.6/site-packages/airflow/example_dags/example_xcom.py took 0.123 seconds
[2021-05-26 10:15:09,879] {scheduler_job.py:182} INFO - Started process (PID=338) to work on /home/airflow/.local/lib/python3.6/site-packages/airflow/example_dags/example_xcom.py
[2021-05-26 10:15:09,881] {scheduler_job.py:629} INFO - Processing file /home/airflow/.local/lib/python3.6/site-packages/airflow/example_dags/example_xcom.py for tasks to queue
[2021-05-26 10:15:09,882] {logging_mixin.py:104} INFO - [2021-05-26 10:15:09,882] {dagbag.py:451} INFO - Filling up the DagBag from /home/airflow/.local/lib/python3.6/site-packages/airflow/example_dags/example_xcom.py
[2021-05-26 10:15:09,899] {scheduler_job.py:639} INFO - DAG(s) dict_keys(['example_xcom']) retrieved from /home/airflow/.local/lib/python3.6/site-packages/airflow/example_dags/example_xcom.py
[2021-05-26 10:15:09,923] {logging_mixin.py:104} INFO - [2021-05-26 10:15:09,923] {dag.py:1824} INFO - Sync 1 DAGs
[2021-05-26 10:15:09,943] {logging_mixin.py:104} INFO - [2021-05-26 10:15:09,942] {dag.py:2280} INFO - Setting next_dagrun for example_xcom to 2021-05-24 00:00:00+00:00
[2021-05-26 10:15:09,957] {scheduler_job.py:190} INFO - Processing /home/airflow/.local/lib/python3.6/site-packages/airflow/example_dags/example_xcom.py took 0.081 seconds
[2021-05-26 10:15:40,887] {scheduler_job.py:182} INFO - Started process (PID=365) to work on /home/airflow/.local/lib/python3.6/site-packages/airflow/example_dags/example_xcom.py
[2021-05-26 10:15:40,889] {scheduler_job.py:629} INFO - Processing file /home/airflow/.local/lib/python3.6/site-packages/airflow/example_dags/example_xcom.py for tasks to queue
[2021-05-26 10:15:40,891] {logging_mixin.py:104} INFO - [2021-05-26 10:15:40,891] {dagbag.py:451} INFO - Filling up the DagBag from /home/airflow/.local/lib/python3.6/site-packages/airflow/example_dags/example_xcom.py
[2021-05-26 10:15:40,917] {scheduler_job.py:639} INFO - DAG(s) dict_keys(['example_xcom']) retrieved from /home/airflow/.local/lib/python3.6/site-packages/airflow/example_dags/example_xcom.py
[2021-05-26 10:15:40,954] {logging_mixin.py:104} INFO - [2021-05-26 10:15:40,954] {dag.py:1824} INFO - Sync 1 DAGs
[2021-05-26 10:15:40,980] {logging_mixin.py:104} INFO - [2021-05-26 10:15:40,980] {dag.py:2280} INFO - Setting next_dagrun for example_xcom to 2021-05-24 00:00:00+00:00
[2021-05-26 10:15:41,005] {scheduler_job.py:190} INFO - Processing /home/airflow/.local/lib/python3.6/site-packages/airflow/example_dags/example_xcom.py took 0.123 seconds
[2021-05-26 10:16:11,847] {scheduler_job.py:182} INFO - Started process (PID=391) to work on /home/airflow/.local/lib/python3.6/site-packages/airflow/example_dags/example_xcom.py
[2021-05-26 10:16:11,848] {scheduler_job.py:629} INFO - Processing file /home/airflow/.local/lib/python3.6/site-packages/airflow/example_dags/example_xcom.py for tasks to queue
[2021-05-26 10:16:11,850] {logging_mixin.py:104} INFO - [2021-05-26 10:16:11,849] {dagbag.py:451} INFO - Filling up the DagBag from /home/airflow/.local/lib/python3.6/site-packages/airflow/example_dags/example_xcom.py
[2021-05-26 10:16:11,875] {scheduler_job.py:639} INFO - DAG(s) dict_keys(['example_xcom']) retrieved from /home/airflow/.local/lib/python3.6/site-packages/airflow/example_dags/example_xcom.py
[2021-05-26 10:16:11,913] {logging_mixin.py:104} INFO - [2021-05-26 10:16:11,913] {dag.py:1824} INFO - Sync 1 DAGs
[2021-05-26 10:16:11,939] {logging_mixin.py:104} INFO - [2021-05-26 10:16:11,939] {dag.py:2280} INFO - Setting next_dagrun for example_xcom to 2021-05-24 00:00:00+00:00
[2021-05-26 10:16:11,967] {scheduler_job.py:190} INFO - Processing /home/airflow/.local/lib/python3.6/site-packages/airflow/example_dags/example_xcom.py took 0.125 seconds
[2021-05-26 10:16:42,430] {scheduler_job.py:182} INFO - Started process (PID=418) to work on /home/airflow/.local/lib/python3.6/site-packages/airflow/example_dags/example_xcom.py
[2021-05-26 10:16:42,433] {scheduler_job.py:629} INFO - Processing file /home/airflow/.local/lib/python3.6/site-packages/airflow/example_dags/example_xcom.py for tasks to queue
[2021-05-26 10:16:42,434] {logging_mixin.py:104} INFO - [2021-05-26 10:16:42,434] {dagbag.py:451} INFO - Filling up the DagBag from /home/airflow/.local/lib/python3.6/site-packages/airflow/example_dags/example_xcom.py
[2021-05-26 10:16:42,455] {scheduler_job.py:639} INFO - DAG(s) dict_keys(['example_xcom']) retrieved from /home/airflow/.local/lib/python3.6/site-packages/airflow/example_dags/example_xcom.py
[2021-05-26 10:16:42,486] {logging_mixin.py:104} INFO - [2021-05-26 10:16:42,486] {dag.py:1824} INFO - Sync 1 DAGs
[2021-05-26 10:16:42,508] {logging_mixin.py:104} INFO - [2021-05-26 10:16:42,508] {dag.py:2280} INFO - Setting next_dagrun for example_xcom to 2021-05-24 00:00:00+00:00
[2021-05-26 10:16:42,527] {scheduler_job.py:190} INFO - Processing /home/airflow/.local/lib/python3.6/site-packages/airflow/example_dags/example_xcom.py took 0.101 seconds
[2021-05-26 10:17:13,385] {scheduler_job.py:182} INFO - Started process (PID=445) to work on /home/airflow/.local/lib/python3.6/site-packages/airflow/example_dags/example_xcom.py
[2021-05-26 10:17:13,392] {scheduler_job.py:629} INFO - Processing file /home/airflow/.local/lib/python3.6/site-packages/airflow/example_dags/example_xcom.py for tasks to queue
[2021-05-26 10:17:13,394] {logging_mixin.py:104} INFO - [2021-05-26 10:17:13,394] {dagbag.py:451} INFO - Filling up the DagBag from /home/airflow/.local/lib/python3.6/site-packages/airflow/example_dags/example_xcom.py
[2021-05-26 10:17:13,411] {scheduler_job.py:639} INFO - DAG(s) dict_keys(['example_xcom']) retrieved from /home/airflow/.local/lib/python3.6/site-packages/airflow/example_dags/example_xcom.py
[2021-05-26 10:17:13,442] {logging_mixin.py:104} INFO - [2021-05-26 10:17:13,442] {dag.py:1824} INFO - Sync 1 DAGs
[2021-05-26 10:17:13,467] {logging_mixin.py:104} INFO - [2021-05-26 10:17:13,467] {dag.py:2280} INFO - Setting next_dagrun for example_xcom to 2021-05-24 00:00:00+00:00
[2021-05-26 10:17:13,487] {scheduler_job.py:190} INFO - Processing /home/airflow/.local/lib/python3.6/site-packages/airflow/example_dags/example_xcom.py took 0.106 seconds
[2021-05-26 10:17:44,103] {scheduler_job.py:182} INFO - Started process (PID=472) to work on /home/airflow/.local/lib/python3.6/site-packages/airflow/example_dags/example_xcom.py
[2021-05-26 10:17:44,105] {scheduler_job.py:629} INFO - Processing file /home/airflow/.local/lib/python3.6/site-packages/airflow/example_dags/example_xcom.py for tasks to queue
[2021-05-26 10:17:44,106] {logging_mixin.py:104} INFO - [2021-05-26 10:17:44,106] {dagbag.py:451} INFO - Filling up the DagBag from /home/airflow/.local/lib/python3.6/site-packages/airflow/example_dags/example_xcom.py
[2021-05-26 10:17:44,117] {scheduler_job.py:639} INFO - DAG(s) dict_keys(['example_xcom']) retrieved from /home/airflow/.local/lib/python3.6/site-packages/airflow/example_dags/example_xcom.py
[2021-05-26 10:17:44,148] {logging_mixin.py:104} INFO - [2021-05-26 10:17:44,147] {dag.py:1824} INFO - Sync 1 DAGs
[2021-05-26 10:17:44,166] {logging_mixin.py:104} INFO - [2021-05-26 10:17:44,166] {dag.py:2280} INFO - Setting next_dagrun for example_xcom to 2021-05-24 00:00:00+00:00
[2021-05-26 10:17:44,181] {scheduler_job.py:190} INFO - Processing /home/airflow/.local/lib/python3.6/site-packages/airflow/example_dags/example_xcom.py took 0.082 seconds
[2021-05-26 10:18:14,844] {scheduler_job.py:182} INFO - Started process (PID=499) to work on /home/airflow/.local/lib/python3.6/site-packages/airflow/example_dags/example_xcom.py
[2021-05-26 10:18:14,846] {scheduler_job.py:629} INFO - Processing file /home/airflow/.local/lib/python3.6/site-packages/airflow/example_dags/example_xcom.py for tasks to queue
[2021-05-26 10:18:14,848] {logging_mixin.py:104} INFO - [2021-05-26 10:18:14,848] {dagbag.py:451} INFO - Filling up the DagBag from /home/airflow/.local/lib/python3.6/site-packages/airflow/example_dags/example_xcom.py
[2021-05-26 10:18:14,864] {scheduler_job.py:639} INFO - DAG(s) dict_keys(['example_xcom']) retrieved from /home/airflow/.local/lib/python3.6/site-packages/airflow/example_dags/example_xcom.py
[2021-05-26 10:18:14,895] {logging_mixin.py:104} INFO - [2021-05-26 10:18:14,895] {dag.py:1824} INFO - Sync 1 DAGs
[2021-05-26 10:18:14,921] {logging_mixin.py:104} INFO - [2021-05-26 10:18:14,921] {dag.py:2280} INFO - Setting next_dagrun for example_xcom to 2021-05-24 00:00:00+00:00
[2021-05-26 10:18:14,941] {scheduler_job.py:190} INFO - Processing /home/airflow/.local/lib/python3.6/site-packages/airflow/example_dags/example_xcom.py took 0.100 seconds
[2021-05-26 10:18:45,521] {scheduler_job.py:182} INFO - Started process (PID=526) to work on /home/airflow/.local/lib/python3.6/site-packages/airflow/example_dags/example_xcom.py
[2021-05-26 10:18:45,522] {scheduler_job.py:629} INFO - Processing file /home/airflow/.local/lib/python3.6/site-packages/airflow/example_dags/example_xcom.py for tasks to queue
[2021-05-26 10:18:45,523] {logging_mixin.py:104} INFO - [2021-05-26 10:18:45,523] {dagbag.py:451} INFO - Filling up the DagBag from /home/airflow/.local/lib/python3.6/site-packages/airflow/example_dags/example_xcom.py
[2021-05-26 10:18:45,536] {scheduler_job.py:639} INFO - DAG(s) dict_keys(['example_xcom']) retrieved from /home/airflow/.local/lib/python3.6/site-packages/airflow/example_dags/example_xcom.py
[2021-05-26 10:18:45,573] {logging_mixin.py:104} INFO - [2021-05-26 10:18:45,573] {dag.py:1824} INFO - Sync 1 DAGs
[2021-05-26 10:18:45,592] {logging_mixin.py:104} INFO - [2021-05-26 10:18:45,592] {dag.py:2280} INFO - Setting next_dagrun for example_xcom to 2021-05-24 00:00:00+00:00
[2021-05-26 10:18:45,609] {scheduler_job.py:190} INFO - Processing /home/airflow/.local/lib/python3.6/site-packages/airflow/example_dags/example_xcom.py took 0.091 seconds
[2021-05-26 10:19:16,224] {scheduler_job.py:182} INFO - Started process (PID=553) to work on /home/airflow/.local/lib/python3.6/site-packages/airflow/example_dags/example_xcom.py
[2021-05-26 10:19:16,225] {scheduler_job.py:629} INFO - Processing file /home/airflow/.local/lib/python3.6/site-packages/airflow/example_dags/example_xcom.py for tasks to queue
[2021-05-26 10:19:16,226] {logging_mixin.py:104} INFO - [2021-05-26 10:19:16,226] {dagbag.py:451} INFO - Filling up the DagBag from /home/airflow/.local/lib/python3.6/site-packages/airflow/example_dags/example_xcom.py
[2021-05-26 10:19:16,239] {scheduler_job.py:639} INFO - DAG(s) dict_keys(['example_xcom']) retrieved from /home/airflow/.local/lib/python3.6/site-packages/airflow/example_dags/example_xcom.py
[2021-05-26 10:19:16,266] {logging_mixin.py:104} INFO - [2021-05-26 10:19:16,266] {dag.py:1824} INFO - Sync 1 DAGs
[2021-05-26 10:19:16,287] {logging_mixin.py:104} INFO - [2021-05-26 10:19:16,287] {dag.py:2280} INFO - Setting next_dagrun for example_xcom to 2021-05-24 00:00:00+00:00
[2021-05-26 10:19:16,304] {scheduler_job.py:190} INFO - Processing /home/airflow/.local/lib/python3.6/site-packages/airflow/example_dags/example_xcom.py took 0.084 seconds
[2021-05-26 10:19:47,196] {scheduler_job.py:182} INFO - Started process (PID=580) to work on /home/airflow/.local/lib/python3.6/site-packages/airflow/example_dags/example_xcom.py
[2021-05-26 10:19:47,200] {scheduler_job.py:629} INFO - Processing file /home/airflow/.local/lib/python3.6/site-packages/airflow/example_dags/example_xcom.py for tasks to queue
[2021-05-26 10:19:47,203] {logging_mixin.py:104} INFO - [2021-05-26 10:19:47,203] {dagbag.py:451} INFO - Filling up the DagBag from /home/airflow/.local/lib/python3.6/site-packages/airflow/example_dags/example_xcom.py
[2021-05-26 10:19:47,235] {scheduler_job.py:639} INFO - DAG(s) dict_keys(['example_xcom']) retrieved from /home/airflow/.local/lib/python3.6/site-packages/airflow/example_dags/example_xcom.py
[2021-05-26 10:19:47,276] {logging_mixin.py:104} INFO - [2021-05-26 10:19:47,275] {dag.py:1824} INFO - Sync 1 DAGs
[2021-05-26 10:19:47,307] {logging_mixin.py:104} INFO - [2021-05-26 10:19:47,306] {dag.py:2280} INFO - Setting next_dagrun for example_xcom to 2021-05-24 00:00:00+00:00
[2021-05-26 10:19:47,338] {scheduler_job.py:190} INFO - Processing /home/airflow/.local/lib/python3.6/site-packages/airflow/example_dags/example_xcom.py took 0.148 seconds
[2021-05-26 10:20:17,549] {scheduler_job.py:182} INFO - Started process (PID=606) to work on /home/airflow/.local/lib/python3.6/site-packages/airflow/example_dags/example_xcom.py
[2021-05-26 10:20:17,553] {scheduler_job.py:629} INFO - Processing file /home/airflow/.local/lib/python3.6/site-packages/airflow/example_dags/example_xcom.py for tasks to queue
[2021-05-26 10:20:17,556] {logging_mixin.py:104} INFO - [2021-05-26 10:20:17,556] {dagbag.py:451} INFO - Filling up the DagBag from /home/airflow/.local/lib/python3.6/site-packages/airflow/example_dags/example_xcom.py
[2021-05-26 10:20:17,589] {scheduler_job.py:639} INFO - DAG(s) dict_keys(['example_xcom']) retrieved from /home/airflow/.local/lib/python3.6/site-packages/airflow/example_dags/example_xcom.py
[2021-05-26 10:20:17,638] {logging_mixin.py:104} INFO - [2021-05-26 10:20:17,637] {dag.py:1824} INFO - Sync 1 DAGs
[2021-05-26 10:20:17,672] {logging_mixin.py:104} INFO - [2021-05-26 10:20:17,671] {dag.py:2280} INFO - Setting next_dagrun for example_xcom to 2021-05-24 00:00:00+00:00
[2021-05-26 10:20:17,711] {scheduler_job.py:190} INFO - Processing /home/airflow/.local/lib/python3.6/site-packages/airflow/example_dags/example_xcom.py took 0.175 seconds
[2021-05-26 10:20:48,037] {scheduler_job.py:182} INFO - Started process (PID=633) to work on /home/airflow/.local/lib/python3.6/site-packages/airflow/example_dags/example_xcom.py
[2021-05-26 10:20:48,041] {scheduler_job.py:629} INFO - Processing file /home/airflow/.local/lib/python3.6/site-packages/airflow/example_dags/example_xcom.py for tasks to queue
[2021-05-26 10:20:48,043] {logging_mixin.py:104} INFO - [2021-05-26 10:20:48,043] {dagbag.py:451} INFO - Filling up the DagBag from /home/airflow/.local/lib/python3.6/site-packages/airflow/example_dags/example_xcom.py
[2021-05-26 10:20:48,071] {scheduler_job.py:639} INFO - DAG(s) dict_keys(['example_xcom']) retrieved from /home/airflow/.local/lib/python3.6/site-packages/airflow/example_dags/example_xcom.py
[2021-05-26 10:20:48,122] {logging_mixin.py:104} INFO - [2021-05-26 10:20:48,121] {dag.py:1824} INFO - Sync 1 DAGs
[2021-05-26 10:20:48,160] {logging_mixin.py:104} INFO - [2021-05-26 10:20:48,159] {dag.py:2280} INFO - Setting next_dagrun for example_xcom to 2021-05-24 00:00:00+00:00
[2021-05-26 10:20:48,190] {scheduler_job.py:190} INFO - Processing /home/airflow/.local/lib/python3.6/site-packages/airflow/example_dags/example_xcom.py took 0.161 seconds
[2021-05-26 10:21:19,636] {scheduler_job.py:182} INFO - Started process (PID=663) to work on /home/airflow/.local/lib/python3.6/site-packages/airflow/example_dags/example_xcom.py
[2021-05-26 10:21:19,639] {scheduler_job.py:629} INFO - Processing file /home/airflow/.local/lib/python3.6/site-packages/airflow/example_dags/example_xcom.py for tasks to queue
[2021-05-26 10:21:19,641] {logging_mixin.py:104} INFO - [2021-05-26 10:21:19,641] {dagbag.py:451} INFO - Filling up the DagBag from /home/airflow/.local/lib/python3.6/site-packages/airflow/example_dags/example_xcom.py
[2021-05-26 10:21:19,669] {scheduler_job.py:639} INFO - DAG(s) dict_keys(['example_xcom']) retrieved from /home/airflow/.local/lib/python3.6/site-packages/airflow/example_dags/example_xcom.py
[2021-05-26 10:21:19,721] {logging_mixin.py:104} INFO - [2021-05-26 10:21:19,720] {dag.py:1824} INFO - Sync 1 DAGs
[2021-05-26 10:21:19,754] {logging_mixin.py:104} INFO - [2021-05-26 10:21:19,754] {dag.py:2280} INFO - Setting next_dagrun for example_xcom to 2021-05-24 00:00:00+00:00
[2021-05-26 10:21:19,779] {scheduler_job.py:190} INFO - Processing /home/airflow/.local/lib/python3.6/site-packages/airflow/example_dags/example_xcom.py took 0.148 seconds
[2021-05-26 10:21:50,894] {scheduler_job.py:182} INFO - Started process (PID=690) to work on /home/airflow/.local/lib/python3.6/site-packages/airflow/example_dags/example_xcom.py
[2021-05-26 10:21:50,901] {scheduler_job.py:629} INFO - Processing file /home/airflow/.local/lib/python3.6/site-packages/airflow/example_dags/example_xcom.py for tasks to queue
[2021-05-26 10:21:50,905] {logging_mixin.py:104} INFO - [2021-05-26 10:21:50,904] {dagbag.py:451} INFO - Filling up the DagBag from /home/airflow/.local/lib/python3.6/site-packages/airflow/example_dags/example_xcom.py
[2021-05-26 10:21:50,956] {scheduler_job.py:639} INFO - DAG(s) dict_keys(['example_xcom']) retrieved from /home/airflow/.local/lib/python3.6/site-packages/airflow/example_dags/example_xcom.py
[2021-05-26 10:21:51,031] {logging_mixin.py:104} INFO - [2021-05-26 10:21:51,031] {dag.py:1824} INFO - Sync 1 DAGs
[2021-05-26 10:21:51,116] {logging_mixin.py:104} INFO - [2021-05-26 10:21:51,115] {dag.py:2280} INFO - Setting next_dagrun for example_xcom to 2021-05-24 00:00:00+00:00
[2021-05-26 10:21:51,191] {scheduler_job.py:190} INFO - Processing /home/airflow/.local/lib/python3.6/site-packages/airflow/example_dags/example_xcom.py took 0.310 seconds
[2021-05-26 10:22:22,117] {scheduler_job.py:182} INFO - Started process (PID=717) to work on /home/airflow/.local/lib/python3.6/site-packages/airflow/example_dags/example_xcom.py
[2021-05-26 10:22:22,120] {scheduler_job.py:629} INFO - Processing file /home/airflow/.local/lib/python3.6/site-packages/airflow/example_dags/example_xcom.py for tasks to queue
[2021-05-26 10:22:22,122] {logging_mixin.py:104} INFO - [2021-05-26 10:22:22,122] {dagbag.py:451} INFO - Filling up the DagBag from /home/airflow/.local/lib/python3.6/site-packages/airflow/example_dags/example_xcom.py
[2021-05-26 10:22:22,155] {scheduler_job.py:639} INFO - DAG(s) dict_keys(['example_xcom']) retrieved from /home/airflow/.local/lib/python3.6/site-packages/airflow/example_dags/example_xcom.py
[2021-05-26 10:22:22,242] {logging_mixin.py:104} INFO - [2021-05-26 10:22:22,241] {dag.py:1824} INFO - Sync 1 DAGs
[2021-05-26 10:22:22,299] {logging_mixin.py:104} INFO - [2021-05-26 10:22:22,298] {dag.py:2280} INFO - Setting next_dagrun for example_xcom to 2021-05-24 00:00:00+00:00
[2021-05-26 10:22:22,396] {scheduler_job.py:190} INFO - Processing /home/airflow/.local/lib/python3.6/site-packages/airflow/example_dags/example_xcom.py took 0.286 seconds
[2021-05-26 10:22:52,702] {scheduler_job.py:182} INFO - Started process (PID=743) to work on /home/airflow/.local/lib/python3.6/site-packages/airflow/example_dags/example_xcom.py
[2021-05-26 10:22:52,705] {scheduler_job.py:629} INFO - Processing file /home/airflow/.local/lib/python3.6/site-packages/airflow/example_dags/example_xcom.py for tasks to queue
[2021-05-26 10:22:52,707] {logging_mixin.py:104} INFO - [2021-05-26 10:22:52,707] {dagbag.py:451} INFO - Filling up the DagBag from /home/airflow/.local/lib/python3.6/site-packages/airflow/example_dags/example_xcom.py
[2021-05-26 10:22:52,733] {scheduler_job.py:639} INFO - DAG(s) dict_keys(['example_xcom']) retrieved from /home/airflow/.local/lib/python3.6/site-packages/airflow/example_dags/example_xcom.py
[2021-05-26 10:22:52,791] {logging_mixin.py:104} INFO - [2021-05-26 10:22:52,791] {dag.py:1824} INFO - Sync 1 DAGs
[2021-05-26 10:22:52,835] {logging_mixin.py:104} INFO - [2021-05-26 10:22:52,835] {dag.py:2280} INFO - Setting next_dagrun for example_xcom to 2021-05-24 00:00:00+00:00
[2021-05-26 10:22:52,871] {scheduler_job.py:190} INFO - Processing /home/airflow/.local/lib/python3.6/site-packages/airflow/example_dags/example_xcom.py took 0.175 seconds
