[2021-05-26 10:12:13,663] {taskinstance.py:877} INFO - Dependencies all met for <TaskInstance: Kuwait_DAG.GetCovidDataForKuwait 2021-05-26T10:11:08.134565+00:00 [queued]>
[2021-05-26 10:12:13,692] {taskinstance.py:877} INFO - Dependencies all met for <TaskInstance: Kuwait_DAG.GetCovidDataForKuwait 2021-05-26T10:11:08.134565+00:00 [queued]>
[2021-05-26 10:12:13,693] {taskinstance.py:1068} INFO - 
--------------------------------------------------------------------------------
[2021-05-26 10:12:13,693] {taskinstance.py:1069} INFO - Starting attempt 1 of 2
[2021-05-26 10:12:13,694] {taskinstance.py:1070} INFO - 
--------------------------------------------------------------------------------
[2021-05-26 10:12:13,713] {taskinstance.py:1089} INFO - Executing <Task(PythonOperator): GetCovidDataForKuwait> on 2021-05-26T10:11:08.134565+00:00
[2021-05-26 10:12:13,725] {standard_task_runner.py:76} INFO - Running: ['airflow', 'tasks', 'run', 'Kuwait_DAG', 'GetCovidDataForKuwait', '2021-05-26T10:11:08.134565+00:00', '--job-id', '15', '--pool', 'default_pool', '--raw', '--subdir', 'DAGS_FOLDER/covid_dag.py', '--cfg-path', '/tmp/tmpe00ygcz7', '--error-file', '/tmp/tmpx2v3eu_1']
[2021-05-26 10:12:13,720] {standard_task_runner.py:52} INFO - Started process 78 to run task
[2021-05-26 10:12:13,726] {standard_task_runner.py:77} INFO - Job 15: Subtask GetCovidDataForKuwait
[2021-05-26 10:12:13,791] {logging_mixin.py:104} INFO - Running <TaskInstance: Kuwait_DAG.GetCovidDataForKuwait 2021-05-26T10:11:08.134565+00:00 [running]> on host 431e058b07b3
[2021-05-26 10:12:13,852] {taskinstance.py:1283} INFO - Exporting the following env vars:
AIRFLOW_CTX_DAG_OWNER=admin
AIRFLOW_CTX_DAG_ID=Kuwait_DAG
AIRFLOW_CTX_TASK_ID=GetCovidDataForKuwait
AIRFLOW_CTX_EXECUTION_DATE=2021-05-26T10:11:08.134565+00:00
AIRFLOW_CTX_DAG_RUN_ID=manual__2021-05-26T10:11:08.134565+00:00
[2021-05-26 10:14:07,051] {python.py:118} INFO - Done. Returned value was: None
[2021-05-26 10:14:07,084] {taskinstance.py:1192} INFO - Marking task as SUCCESS. dag_id=Kuwait_DAG, task_id=GetCovidDataForKuwait, execution_date=20210526T101108, start_date=20210526T101213, end_date=20210526T101407
[2021-05-26 10:14:07,154] {taskinstance.py:1246} INFO - 1 downstream tasks scheduled from follow-on schedule check
[2021-05-26 10:14:07,217] {local_task_job.py:146} INFO - Task exited with return code 0
