[2021-05-26 10:14:12,233] {taskinstance.py:877} INFO - Dependencies all met for <TaskInstance: Kuwait_DAG.PlotingScaledDataForKuwait 2021-05-25T10:11:03.490225+00:00 [queued]>
[2021-05-26 10:14:12,261] {taskinstance.py:877} INFO - Dependencies all met for <TaskInstance: Kuwait_DAG.PlotingScaledDataForKuwait 2021-05-25T10:11:03.490225+00:00 [queued]>
[2021-05-26 10:14:12,261] {taskinstance.py:1068} INFO - 
--------------------------------------------------------------------------------
[2021-05-26 10:14:12,262] {taskinstance.py:1069} INFO - Starting attempt 1 of 2
[2021-05-26 10:14:12,263] {taskinstance.py:1070} INFO - 
--------------------------------------------------------------------------------
[2021-05-26 10:14:12,279] {taskinstance.py:1089} INFO - Executing <Task(PythonOperator): PlotingScaledDataForKuwait> on 2021-05-25T10:11:03.490225+00:00
[2021-05-26 10:14:12,286] {standard_task_runner.py:52} INFO - Started process 101 to run task
[2021-05-26 10:14:12,291] {standard_task_runner.py:76} INFO - Running: ['airflow', 'tasks', 'run', 'Kuwait_DAG', 'PlotingScaledDataForKuwait', '2021-05-25T10:11:03.490225+00:00', '--job-id', '19', '--pool', 'default_pool', '--raw', '--subdir', 'DAGS_FOLDER/covid_dag.py', '--cfg-path', '/tmp/tmp51b5juxq', '--error-file', '/tmp/tmpvervi26m']
[2021-05-26 10:14:12,292] {standard_task_runner.py:77} INFO - Job 19: Subtask PlotingScaledDataForKuwait
[2021-05-26 10:14:12,362] {logging_mixin.py:104} INFO - Running <TaskInstance: Kuwait_DAG.PlotingScaledDataForKuwait 2021-05-25T10:11:03.490225+00:00 [running]> on host 431e058b07b3
[2021-05-26 10:14:12,423] {taskinstance.py:1283} INFO - Exporting the following env vars:
AIRFLOW_CTX_DAG_OWNER=admin
AIRFLOW_CTX_DAG_ID=Kuwait_DAG
AIRFLOW_CTX_TASK_ID=PlotingScaledDataForKuwait
AIRFLOW_CTX_EXECUTION_DATE=2021-05-25T10:11:03.490225+00:00
AIRFLOW_CTX_DAG_RUN_ID=scheduled__2021-05-25T10:11:03.490225+00:00
[2021-05-26 10:14:13,157] {__init__.py:482} WARNING - Matplotlib created a temporary config/cache directory at /tmp/matplotlib-zt1iohkx because the default path (/home/airflow/.config/matplotlib) is not a writable directory; it is highly recommended to set the MPLCONFIGDIR environment variable to a writable directory, in particular to speed up the import of Matplotlib and to better support multiprocessing.
[2021-05-26 10:14:13,383] {font_manager.py:1423} INFO - Generating new fontManager, this may take some time...
[2021-05-26 10:14:16,028] {python.py:118} INFO - Done. Returned value was: None
[2021-05-26 10:14:16,048] {taskinstance.py:1192} INFO - Marking task as SUCCESS. dag_id=Kuwait_DAG, task_id=PlotingScaledDataForKuwait, execution_date=20210525T101103, start_date=20210526T101412, end_date=20210526T101416
[2021-05-26 10:14:16,125] {taskinstance.py:1246} INFO - 1 downstream tasks scheduled from follow-on schedule check
[2021-05-26 10:14:16,170] {local_task_job.py:146} INFO - Task exited with return code 0
